#
# There is insufficient memory for the Java Runtime Environment to continue.
# Native memory allocation (malloc) failed to allocate 32744 bytes for ChunkPool::allocate
# Possible reasons:
#   The system is out of physical RAM or swap space
#   The process is running with CompressedOops enabled, and the Java Heap may be blocking the growth of the native heap
# Possible solutions:
#   Reduce memory load on the system
#   Increase physical memory or swap space
#   Check if swap backing store is full
#   Decrease Java heap size (-Xmx/-Xms)
#   Decrease number of Java threads
#   Decrease Java thread stack sizes (-Xss)
#   Set larger code cache with -XX:ReservedCodeCacheSize=
#   JVM is running with Unscaled Compressed Oops mode in which the Java heap is
#     placed in the first 4GB address space. The Java Heap base address is the
#     maximum limit for the native heap growth. Please use -XX:HeapBaseMinAddress
#     to set the Java Heap base and to place the Java Heap above 4GB virtual address.
# This output file may be truncated or incomplete.
#
#  Out of Memory Error (arena.cpp:78), pid=8216, tid=1984
#
# JRE version: Java(TM) SE Runtime Environment (17.0.9+11) (build 17.0.9+11-LTS-201)
# Java VM: Java HotSpot(TM) 64-Bit Server VM (17.0.9+11-LTS-201, mixed mode, sharing, tiered, compressed oops, compressed class ptrs, g1 gc, windows-amd64)
# No core dump will be written. Minidumps are not enabled by default on client versions of Windows
#

---------------  S U M M A R Y ------------

Command Line: --add-opens=java.base/java.util=ALL-UNNAMED --add-opens=java.base/java.lang=ALL-UNNAMED --add-opens=java.base/java.lang.invoke=ALL-UNNAMED --add-opens=java.prefs/java.util.prefs=ALL-UNNAMED --add-opens=java.base/java.nio.charset=ALL-UNNAMED --add-opens=java.base/java.net=ALL-UNNAMED --add-opens=java.base/java.util.concurrent.atomic=ALL-UNNAMED -XX:MaxMetaspaceSize=256m -XX:+HeapDumpOnOutOfMemoryError -Xms256m -Xmx512m -Dfile.encoding=windows-1252 -Duser.country=US -Duser.language=en -Duser.variant org.gradle.launcher.daemon.bootstrap.GradleDaemon 8.0

Host: AMD Ryzen 3 3200U with Radeon Vega Mobile Gfx  , 4 cores, 3G,  Windows 11 , 64 bit Build 22621 (10.0.22621.2506)
Time: Tue Jan  2 12:11:46 2024 Central Standard Time elapsed time: 128.057588 seconds (0d 0h 2m 8s)

---------------  T H R E A D  ---------------

Current thread (0x0000023179c6af00):  JavaThread "C2 CompilerThread0" daemon [_thread_in_native, id=1984, stack(0x0000009b94500000,0x0000009b94600000)]


Current CompileTask:
C2: 128060 3055       4       java.lang.invoke.MethodType::makeImpl (109 bytes)

Stack: [0x0000009b94500000,0x0000009b94600000]
Native frames: (J=compiled Java code, j=interpreted, Vv=VM code, C=native code)
V  [jvm.dll+0x678a4a]
V  [jvm.dll+0x7d9cfd]
V  [jvm.dll+0x7db60e]
V  [jvm.dll+0x7dbc73]
V  [jvm.dll+0x245e1f]
V  [jvm.dll+0xaad50]
V  [jvm.dll+0xab09c]
V  [jvm.dll+0x11d4f5]
V  [jvm.dll+0x69c0bc]
V  [jvm.dll+0x219650]
V  [jvm.dll+0x217459]
V  [jvm.dll+0x1a3bc0]
V  [jvm.dll+0x2272de]
V  [jvm.dll+0x22548b]
V  [jvm.dll+0x78f58c]
V  [jvm.dll+0x78998a]
V  [jvm.dll+0x677875]
C  [ucrtbase.dll+0x29363]
C  [KERNEL32.DLL+0x1257d]
C  [ntdll.dll+0x5aa58]


---------------  P R O C E S S  ---------------

Threads class SMR info:
_java_thread_list=0x000002310f33c7c0, length=32, elements={
0x000002315fbfae50, 0x0000023179c4b210, 0x0000023179c4c090, 0x0000023179c64fa0,
0x0000023179c66cd0, 0x0000023179c697a0, 0x0000023179c6a160, 0x0000023179c6af00,
0x0000023179c6d9c0, 0x0000023179cdba70, 0x000002317e0ccb50, 0x000002317e0d1040,
0x000002317eae48e0, 0x000002317e4f86f0, 0x000002317eb60060, 0x000002317f3fb9d0,
0x000002317ef56030, 0x000002317f09d7a0, 0x000002317e0746f0, 0x000002317e071450,
0x000002317e0741e0, 0x000002317e072890, 0x000002317e0737c0, 0x000002317e073cd0,
0x000002317e072da0, 0x000002317e0732b0, 0x000002317e072380, 0x000002317e070f40,
0x000002317e071e70, 0x000002317e443bb0, 0x000002317e442770, 0x000002317e441330
}

Java Threads: ( => current thread )
  0x000002315fbfae50 JavaThread "main" [_thread_blocked, id=964, stack(0x0000009b93800000,0x0000009b93900000)]
  0x0000023179c4b210 JavaThread "Reference Handler" daemon [_thread_blocked, id=972, stack(0x0000009b93f00000,0x0000009b94000000)]
  0x0000023179c4c090 JavaThread "Finalizer" daemon [_thread_blocked, id=6056, stack(0x0000009b94000000,0x0000009b94100000)]
  0x0000023179c64fa0 JavaThread "Signal Dispatcher" daemon [_thread_blocked, id=2476, stack(0x0000009b94100000,0x0000009b94200000)]
  0x0000023179c66cd0 JavaThread "Attach Listener" daemon [_thread_blocked, id=7656, stack(0x0000009b94200000,0x0000009b94300000)]
  0x0000023179c697a0 JavaThread "Service Thread" daemon [_thread_blocked, id=9784, stack(0x0000009b94300000,0x0000009b94400000)]
  0x0000023179c6a160 JavaThread "Monitor Deflation Thread" daemon [_thread_blocked, id=4580, stack(0x0000009b94400000,0x0000009b94500000)]
=>0x0000023179c6af00 JavaThread "C2 CompilerThread0" daemon [_thread_in_native, id=1984, stack(0x0000009b94500000,0x0000009b94600000)]
  0x0000023179c6d9c0 JavaThread "C1 CompilerThread0" daemon [_thread_blocked, id=3448, stack(0x0000009b94600000,0x0000009b94700000)]
  0x0000023179cdba70 JavaThread "Sweeper thread" daemon [_thread_blocked, id=6376, stack(0x0000009b94700000,0x0000009b94800000)]
  0x000002317e0ccb50 JavaThread "Common-Cleaner" daemon [_thread_blocked, id=3020, stack(0x0000009b94800000,0x0000009b94900000)]
  0x000002317e0d1040 JavaThread "Notification Thread" daemon [_thread_blocked, id=10976, stack(0x0000009b94900000,0x0000009b94a00000)]
  0x000002317eae48e0 JavaThread "Daemon health stats" [_thread_blocked, id=11448, stack(0x0000009b94e00000,0x0000009b94f00000)]
  0x000002317e4f86f0 JavaThread "Incoming local TCP Connector on port 50438" [_thread_in_native, id=11476, stack(0x0000009b94f00000,0x0000009b95000000)]
  0x000002317eb60060 JavaThread "Daemon periodic checks" [_thread_in_native, id=11492, stack(0x0000009b95000000,0x0000009b95100000)]
  0x000002317f3fb9d0 JavaThread "Daemon" [_thread_blocked, id=11516, stack(0x0000009b95100000,0x0000009b95200000)]
  0x000002317ef56030 JavaThread "Handler for socket connection from /127.0.0.1:50438 to /127.0.0.1:50439" [_thread_in_native, id=11520, stack(0x0000009b95200000,0x0000009b95300000)]
  0x000002317f09d7a0 JavaThread "Cancel handler" [_thread_blocked, id=10656, stack(0x0000009b95300000,0x0000009b95400000)]
  0x000002317e0746f0 JavaThread "Daemon worker" [_thread_in_vm, id=7188, stack(0x0000009b95400000,0x0000009b95500000)]
  0x000002317e071450 JavaThread "Asynchronous log dispatcher for DefaultDaemonConnection: socket connection from /127.0.0.1:50438 to /127.0.0.1:50439" [_thread_blocked, id=1572, stack(0x0000009b95500000,0x0000009b95600000)]
  0x000002317e0741e0 JavaThread "Stdin handler" [_thread_blocked, id=6552, stack(0x0000009b95600000,0x0000009b95700000)]
  0x000002317e072890 JavaThread "Daemon client event forwarder" [_thread_blocked, id=10748, stack(0x0000009b95700000,0x0000009b95800000)]
  0x000002317e0737c0 JavaThread "Cache worker for journal cache (C:\Users\luken\.gradle\caches\journal-1)" [_thread_blocked, id=4272, stack(0x0000009b95800000,0x0000009b95900000)]
  0x000002317e073cd0 JavaThread "File lock request listener" [_thread_in_native, id=6832, stack(0x0000009b95900000,0x0000009b95a00000)]
  0x000002317e072da0 JavaThread "Cache worker for file hash cache (C:\Users\luken\.gradle\caches\8.0\fileHashes)" [_thread_blocked, id=6412, stack(0x0000009b95a00000,0x0000009b95b00000)]
  0x000002317e0732b0 JavaThread "File lock release action executor" [_thread_blocked, id=11256, stack(0x0000009b95d00000,0x0000009b95e00000)]
  0x000002317e072380 JavaThread "File watcher server" daemon [_thread_in_native, id=10820, stack(0x0000009b95e00000,0x0000009b95f00000)]
  0x000002317e070f40 JavaThread "File watcher consumer" daemon [_thread_blocked, id=11512, stack(0x0000009b95f00000,0x0000009b96000000)]
  0x000002317e071e70 JavaThread "jar transforms" [_thread_blocked, id=2144, stack(0x0000009b93500000,0x0000009b93600000)]
  0x000002317e443bb0 JavaThread "jar transforms Thread 2" [_thread_blocked, id=6204, stack(0x0000009b93600000,0x0000009b93700000)]
  0x000002317e442770 JavaThread "jar transforms Thread 3" [_thread_blocked, id=1880, stack(0x0000009b93700000,0x0000009b93800000)]
  0x000002317e441330 JavaThread "jar transforms Thread 4" [_thread_blocked, id=11200, stack(0x0000009b96000000,0x0000009b96100000)]

Other Threads:
  0x0000023179c43e50 VMThread "VM Thread" [stack: 0x0000009b93e00000,0x0000009b93f00000] [id=9528]
  0x000002317e0d3750 WatcherThread [stack: 0x0000009b94a00000,0x0000009b94b00000] [id=7576]
  0x000002315fc290e0 GCTaskThread "GC Thread#0" [stack: 0x0000009b93900000,0x0000009b93a00000] [id=10440]
  0x000002317e2c99d0 GCTaskThread "GC Thread#1" [stack: 0x0000009b94b00000,0x0000009b94c00000] [id=11244]
  0x000002317e510ec0 GCTaskThread "GC Thread#2" [stack: 0x0000009b94c00000,0x0000009b94d00000] [id=5524]
  0x000002317e511180 GCTaskThread "GC Thread#3" [stack: 0x0000009b94d00000,0x0000009b94e00000] [id=10260]
  0x000002315fc2e030 ConcurrentGCThread "G1 Main Marker" [stack: 0x0000009b93a00000,0x0000009b93b00000] [id=5384]
  0x000002315fc2fa50 ConcurrentGCThread "G1 Conc#0" [stack: 0x0000009b93b00000,0x0000009b93c00000] [id=2524]
  0x0000023179b120c0 ConcurrentGCThread "G1 Refine#0" [stack: 0x0000009b93c00000,0x0000009b93d00000] [id=1892]
  0x0000023179b12af0 ConcurrentGCThread "G1 Service" [stack: 0x0000009b93d00000,0x0000009b93e00000] [id=4996]

Threads with active compile tasks:
C2 CompilerThread0   128121 3055       4       java.lang.invoke.MethodType::makeImpl (109 bytes)

VM state: not at safepoint (normal execution)

VM Mutex/Monitor currently owned by a thread: None

Heap address: 0x00000000e0000000, size: 512 MB, Compressed Oops mode: 32-bit

CDS archive(s) mapped at: [0x0000023100000000-0x0000023100bd0000-0x0000023100bd0000), size 12386304, SharedBaseAddress: 0x0000023100000000, ArchiveRelocationMode: 1.
Compressed class space mapped at: 0x0000023101000000-0x000002310e000000, reserved size: 218103808
Narrow klass base: 0x0000023100000000, Narrow klass shift: 0, Narrow klass range: 0x100000000

GC Precious Log:
 CPUs: 4 total, 4 available
 Memory: 3522M
 Large Page Support: Disabled
 NUMA Support: Disabled
 Compressed Oops: Enabled (32-bit)
 Heap Region Size: 1M
 Heap Min Capacity: 256M
 Heap Initial Capacity: 256M
 Heap Max Capacity: 512M
 Pre-touch: Disabled
 Parallel Workers: 4
 Concurrent Workers: 1
 Concurrent Refinement Workers: 4
 Periodic GC: Disabled

Heap:
 garbage-first heap   total 262144K, used 42370K [0x00000000e0000000, 0x0000000100000000)
  region size 1024K, 22 young (22528K), 15 survivors (15360K)
 Metaspace       used 21778K, committed 22144K, reserved 278528K
  class space    used 3269K, committed 3456K, reserved 212992K

Heap Regions: E=young(eden), S=young(survivor), O=old, HS=humongous(starts), HC=humongous(continues), CS=collection set, F=free, OA=open archive, CA=closed archive, TAMS=top-at-mark-start (previous, next)
|   0|0x00000000e0000000, 0x00000000e0100000, 0x00000000e0100000|100%| O|  |TAMS 0x00000000e0100000, 0x00000000e0000000| Untracked 
|   1|0x00000000e0100000, 0x00000000e0200000, 0x00000000e0200000|100%| O|  |TAMS 0x00000000e0200000, 0x00000000e0100000| Untracked 
|   2|0x00000000e0200000, 0x00000000e0300000, 0x00000000e0300000|100%|HS|  |TAMS 0x00000000e0300000, 0x00000000e0200000| Complete 
|   3|0x00000000e0300000, 0x00000000e0400000, 0x00000000e0400000|100%|HC|  |TAMS 0x00000000e0400000, 0x00000000e0300000| Complete 
|   4|0x00000000e0400000, 0x00000000e0500000, 0x00000000e0500000|100%|HC|  |TAMS 0x00000000e0500000, 0x00000000e0400000| Complete 
|   5|0x00000000e0500000, 0x00000000e0600000, 0x00000000e0600000|100%|HC|  |TAMS 0x00000000e0600000, 0x00000000e0500000| Complete 
|   6|0x00000000e0600000, 0x00000000e0700000, 0x00000000e0700000|100%| O|  |TAMS 0x00000000e0700000, 0x00000000e0600000| Untracked 
|   7|0x00000000e0700000, 0x00000000e0800000, 0x00000000e0800000|100%| O|  |TAMS 0x00000000e0800000, 0x00000000e0700000| Untracked 
|   8|0x00000000e0800000, 0x00000000e0800000, 0x00000000e0900000|  0%| F|  |TAMS 0x00000000e0800000, 0x00000000e0800000| Untracked 
|   9|0x00000000e0900000, 0x00000000e0a00000, 0x00000000e0a00000|100%| O|  |TAMS 0x00000000e0a00000, 0x00000000e0900000| Untracked 
|  10|0x00000000e0a00000, 0x00000000e0b00000, 0x00000000e0b00000|100%| O|  |TAMS 0x00000000e0b00000, 0x00000000e0a00000| Untracked 
|  11|0x00000000e0b00000, 0x00000000e0b33000, 0x00000000e0c00000| 19%| O|  |TAMS 0x00000000e0b33000, 0x00000000e0b00000| Untracked 
|  12|0x00000000e0c00000, 0x00000000e0d00000, 0x00000000e0d00000|100%|HS|  |TAMS 0x00000000e0d00000, 0x00000000e0c00000| Complete 
|  13|0x00000000e0d00000, 0x00000000e0e00000, 0x00000000e0e00000|100%|HC|  |TAMS 0x00000000e0e00000, 0x00000000e0d00000| Complete 
|  14|0x00000000e0e00000, 0x00000000e0f00000, 0x00000000e0f00000|100%|HS|  |TAMS 0x00000000e0f00000, 0x00000000e0e00000| Complete 
|  15|0x00000000e0f00000, 0x00000000e1000000, 0x00000000e1000000|100%|HC|  |TAMS 0x00000000e1000000, 0x00000000e0f00000| Complete 
|  16|0x00000000e1000000, 0x00000000e1100000, 0x00000000e1100000|100%|HC|  |TAMS 0x00000000e1100000, 0x00000000e1000000| Complete 
|  17|0x00000000e1100000, 0x00000000e1200000, 0x00000000e1200000|100%|HS|  |TAMS 0x00000000e1200000, 0x00000000e1100000| Complete 
|  18|0x00000000e1200000, 0x00000000e1300000, 0x00000000e1300000|100%|HC|  |TAMS 0x00000000e1300000, 0x00000000e1200000| Complete 
|  19|0x00000000e1300000, 0x00000000e1400000, 0x00000000e1400000|100%|HC|  |TAMS 0x00000000e1400000, 0x00000000e1300000| Complete 
|  20|0x00000000e1400000, 0x00000000e1500000, 0x00000000e1500000|100%|HS|  |TAMS 0x00000000e1500000, 0x00000000e1400000| Complete 
|  21|0x00000000e1500000, 0x00000000e1600000, 0x00000000e1600000|100%|HC|  |TAMS 0x00000000e1600000, 0x00000000e1500000| Complete 
|  22|0x00000000e1600000, 0x00000000e1700000, 0x00000000e1700000|100%|HC|  |TAMS 0x00000000e1700000, 0x00000000e1600000| Complete 
|  23|0x00000000e1700000, 0x00000000e1700000, 0x00000000e1800000|  0%| F|  |TAMS 0x00000000e1700000, 0x00000000e1700000| Untracked 
|  24|0x00000000e1800000, 0x00000000e1800000, 0x00000000e1900000|  0%| F|  |TAMS 0x00000000e1800000, 0x00000000e1800000| Untracked 
|  25|0x00000000e1900000, 0x00000000e1900000, 0x00000000e1a00000|  0%| F|  |TAMS 0x00000000e1900000, 0x00000000e1900000| Untracked 
|  26|0x00000000e1a00000, 0x00000000e1a00000, 0x00000000e1b00000|  0%| F|  |TAMS 0x00000000e1a00000, 0x00000000e1a00000| Untracked 
|  27|0x00000000e1b00000, 0x00000000e1b00000, 0x00000000e1c00000|  0%| F|  |TAMS 0x00000000e1b00000, 0x00000000e1b00000| Untracked 
|  28|0x00000000e1c00000, 0x00000000e1c00000, 0x00000000e1d00000|  0%| F|  |TAMS 0x00000000e1c00000, 0x00000000e1c00000| Untracked 
|  29|0x00000000e1d00000, 0x00000000e1d00000, 0x00000000e1e00000|  0%| F|  |TAMS 0x00000000e1d00000, 0x00000000e1d00000| Untracked 
|  30|0x00000000e1e00000, 0x00000000e1e00000, 0x00000000e1f00000|  0%| F|  |TAMS 0x00000000e1e00000, 0x00000000e1e00000| Untracked 
|  31|0x00000000e1f00000, 0x00000000e1f00000, 0x00000000e2000000|  0%| F|  |TAMS 0x00000000e1f00000, 0x00000000e1f00000| Untracked 
|  32|0x00000000e2000000, 0x00000000e2000000, 0x00000000e2100000|  0%| F|  |TAMS 0x00000000e2000000, 0x00000000e2000000| Untracked 
|  33|0x00000000e2100000, 0x00000000e2100000, 0x00000000e2200000|  0%| F|  |TAMS 0x00000000e2100000, 0x00000000e2100000| Untracked 
|  34|0x00000000e2200000, 0x00000000e2200000, 0x00000000e2300000|  0%| F|  |TAMS 0x00000000e2200000, 0x00000000e2200000| Untracked 
|  35|0x00000000e2300000, 0x00000000e2300000, 0x00000000e2400000|  0%| F|  |TAMS 0x00000000e2300000, 0x00000000e2300000| Untracked 
|  36|0x00000000e2400000, 0x00000000e2400000, 0x00000000e2500000|  0%| F|  |TAMS 0x00000000e2400000, 0x00000000e2400000| Untracked 
|  37|0x00000000e2500000, 0x00000000e2500000, 0x00000000e2600000|  0%| F|  |TAMS 0x00000000e2500000, 0x00000000e2500000| Untracked 
|  38|0x00000000e2600000, 0x00000000e2600000, 0x00000000e2700000|  0%| F|  |TAMS 0x00000000e2600000, 0x00000000e2600000| Untracked 
|  39|0x00000000e2700000, 0x00000000e2700000, 0x00000000e2800000|  0%| F|  |TAMS 0x00000000e2700000, 0x00000000e2700000| Untracked 
|  40|0x00000000e2800000, 0x00000000e2800000, 0x00000000e2900000|  0%| F|  |TAMS 0x00000000e2800000, 0x00000000e2800000| Untracked 
|  41|0x00000000e2900000, 0x00000000e2900000, 0x00000000e2a00000|  0%| F|  |TAMS 0x00000000e2900000, 0x00000000e2900000| Untracked 
|  42|0x00000000e2a00000, 0x00000000e2a00000, 0x00000000e2b00000|  0%| F|  |TAMS 0x00000000e2a00000, 0x00000000e2a00000| Untracked 
|  43|0x00000000e2b00000, 0x00000000e2b00000, 0x00000000e2c00000|  0%| F|  |TAMS 0x00000000e2b00000, 0x00000000e2b00000| Untracked 
|  44|0x00000000e2c00000, 0x00000000e2c00000, 0x00000000e2d00000|  0%| F|  |TAMS 0x00000000e2c00000, 0x00000000e2c00000| Untracked 
|  45|0x00000000e2d00000, 0x00000000e2d00000, 0x00000000e2e00000|  0%| F|  |TAMS 0x00000000e2d00000, 0x00000000e2d00000| Untracked 
|  46|0x00000000e2e00000, 0x00000000e2e00000, 0x00000000e2f00000|  0%| F|  |TAMS 0x00000000e2e00000, 0x00000000e2e00000| Untracked 
|  47|0x00000000e2f00000, 0x00000000e2f00000, 0x00000000e3000000|  0%| F|  |TAMS 0x00000000e2f00000, 0x00000000e2f00000| Untracked 
|  48|0x00000000e3000000, 0x00000000e3000000, 0x00000000e3100000|  0%| F|  |TAMS 0x00000000e3000000, 0x00000000e3000000| Untracked 
|  49|0x00000000e3100000, 0x00000000e3100000, 0x00000000e3200000|  0%| F|  |TAMS 0x00000000e3100000, 0x00000000e3100000| Untracked 
|  50|0x00000000e3200000, 0x00000000e3200000, 0x00000000e3300000|  0%| F|  |TAMS 0x00000000e3200000, 0x00000000e3200000| Untracked 
|  51|0x00000000e3300000, 0x00000000e3300000, 0x00000000e3400000|  0%| F|  |TAMS 0x00000000e3300000, 0x00000000e3300000| Untracked 
|  52|0x00000000e3400000, 0x00000000e3400000, 0x00000000e3500000|  0%| F|  |TAMS 0x00000000e3400000, 0x00000000e3400000| Untracked 
|  53|0x00000000e3500000, 0x00000000e3500000, 0x00000000e3600000|  0%| F|  |TAMS 0x00000000e3500000, 0x00000000e3500000| Untracked 
|  54|0x00000000e3600000, 0x00000000e3600000, 0x00000000e3700000|  0%| F|  |TAMS 0x00000000e3600000, 0x00000000e3600000| Untracked 
|  55|0x00000000e3700000, 0x00000000e3700000, 0x00000000e3800000|  0%| F|  |TAMS 0x00000000e3700000, 0x00000000e3700000| Untracked 
|  56|0x00000000e3800000, 0x00000000e3800000, 0x00000000e3900000|  0%| F|  |TAMS 0x00000000e3800000, 0x00000000e3800000| Untracked 
|  57|0x00000000e3900000, 0x00000000e3900000, 0x00000000e3a00000|  0%| F|  |TAMS 0x00000000e3900000, 0x00000000e3900000| Untracked 
|  58|0x00000000e3a00000, 0x00000000e3a00000, 0x00000000e3b00000|  0%| F|  |TAMS 0x00000000e3a00000, 0x00000000e3a00000| Untracked 
|  59|0x00000000e3b00000, 0x00000000e3b00000, 0x00000000e3c00000|  0%| F|  |TAMS 0x00000000e3b00000, 0x00000000e3b00000| Untracked 
|  60|0x00000000e3c00000, 0x00000000e3c00000, 0x00000000e3d00000|  0%| F|  |TAMS 0x00000000e3c00000, 0x00000000e3c00000| Untracked 
|  61|0x00000000e3d00000, 0x00000000e3d00000, 0x00000000e3e00000|  0%| F|  |TAMS 0x00000000e3d00000, 0x00000000e3d00000| Untracked 
|  62|0x00000000e3e00000, 0x00000000e3e00000, 0x00000000e3f00000|  0%| F|  |TAMS 0x00000000e3e00000, 0x00000000e3e00000| Untracked 
|  63|0x00000000e3f00000, 0x00000000e3f00000, 0x00000000e4000000|  0%| F|  |TAMS 0x00000000e3f00000, 0x00000000e3f00000| Untracked 
|  64|0x00000000e4000000, 0x00000000e4000000, 0x00000000e4100000|  0%| F|  |TAMS 0x00000000e4000000, 0x00000000e4000000| Untracked 
|  65|0x00000000e4100000, 0x00000000e4100000, 0x00000000e4200000|  0%| F|  |TAMS 0x00000000e4100000, 0x00000000e4100000| Untracked 
|  66|0x00000000e4200000, 0x00000000e4200000, 0x00000000e4300000|  0%| F|  |TAMS 0x00000000e4200000, 0x00000000e4200000| Untracked 
|  67|0x00000000e4300000, 0x00000000e4300000, 0x00000000e4400000|  0%| F|  |TAMS 0x00000000e4300000, 0x00000000e4300000| Untracked 
|  68|0x00000000e4400000, 0x00000000e4400000, 0x00000000e4500000|  0%| F|  |TAMS 0x00000000e4400000, 0x00000000e4400000| Untracked 
|  69|0x00000000e4500000, 0x00000000e4500000, 0x00000000e4600000|  0%| F|  |TAMS 0x00000000e4500000, 0x00000000e4500000| Untracked 
|  70|0x00000000e4600000, 0x00000000e4600000, 0x00000000e4700000|  0%| F|  |TAMS 0x00000000e4600000, 0x00000000e4600000| Untracked 
|  71|0x00000000e4700000, 0x00000000e4700000, 0x00000000e4800000|  0%| F|  |TAMS 0x00000000e4700000, 0x00000000e4700000| Untracked 
|  72|0x00000000e4800000, 0x00000000e4800000, 0x00000000e4900000|  0%| F|  |TAMS 0x00000000e4800000, 0x00000000e4800000| Untracked 
|  73|0x00000000e4900000, 0x00000000e4900000, 0x00000000e4a00000|  0%| F|  |TAMS 0x00000000e4900000, 0x00000000e4900000| Untracked 
|  74|0x00000000e4a00000, 0x00000000e4a00000, 0x00000000e4b00000|  0%| F|  |TAMS 0x00000000e4a00000, 0x00000000e4a00000| Untracked 
|  75|0x00000000e4b00000, 0x00000000e4b00000, 0x00000000e4c00000|  0%| F|  |TAMS 0x00000000e4b00000, 0x00000000e4b00000| Untracked 
|  76|0x00000000e4c00000, 0x00000000e4c00000, 0x00000000e4d00000|  0%| F|  |TAMS 0x00000000e4c00000, 0x00000000e4c00000| Untracked 
|  77|0x00000000e4d00000, 0x00000000e4d00000, 0x00000000e4e00000|  0%| F|  |TAMS 0x00000000e4d00000, 0x00000000e4d00000| Untracked 
|  78|0x00000000e4e00000, 0x00000000e4e00000, 0x00000000e4f00000|  0%| F|  |TAMS 0x00000000e4e00000, 0x00000000e4e00000| Untracked 
|  79|0x00000000e4f00000, 0x00000000e4f00000, 0x00000000e5000000|  0%| F|  |TAMS 0x00000000e4f00000, 0x00000000e4f00000| Untracked 
|  80|0x00000000e5000000, 0x00000000e5000000, 0x00000000e5100000|  0%| F|  |TAMS 0x00000000e5000000, 0x00000000e5000000| Untracked 
|  81|0x00000000e5100000, 0x00000000e5100000, 0x00000000e5200000|  0%| F|  |TAMS 0x00000000e5100000, 0x00000000e5100000| Untracked 
|  82|0x00000000e5200000, 0x00000000e5200000, 0x00000000e5300000|  0%| F|  |TAMS 0x00000000e5200000, 0x00000000e5200000| Untracked 
|  83|0x00000000e5300000, 0x00000000e5300000, 0x00000000e5400000|  0%| F|  |TAMS 0x00000000e5300000, 0x00000000e5300000| Untracked 
|  84|0x00000000e5400000, 0x00000000e5400000, 0x00000000e5500000|  0%| F|  |TAMS 0x00000000e5400000, 0x00000000e5400000| Untracked 
|  85|0x00000000e5500000, 0x00000000e5500000, 0x00000000e5600000|  0%| F|  |TAMS 0x00000000e5500000, 0x00000000e5500000| Untracked 
|  86|0x00000000e5600000, 0x00000000e5600000, 0x00000000e5700000|  0%| F|  |TAMS 0x00000000e5600000, 0x00000000e5600000| Untracked 
|  87|0x00000000e5700000, 0x00000000e5700000, 0x00000000e5800000|  0%| F|  |TAMS 0x00000000e5700000, 0x00000000e5700000| Untracked 
|  88|0x00000000e5800000, 0x00000000e5800000, 0x00000000e5900000|  0%| F|  |TAMS 0x00000000e5800000, 0x00000000e5800000| Untracked 
|  89|0x00000000e5900000, 0x00000000e5900000, 0x00000000e5a00000|  0%| F|  |TAMS 0x00000000e5900000, 0x00000000e5900000| Untracked 
|  90|0x00000000e5a00000, 0x00000000e5a00000, 0x00000000e5b00000|  0%| F|  |TAMS 0x00000000e5a00000, 0x00000000e5a00000| Untracked 
|  91|0x00000000e5b00000, 0x00000000e5b00000, 0x00000000e5c00000|  0%| F|  |TAMS 0x00000000e5b00000, 0x00000000e5b00000| Untracked 
|  92|0x00000000e5c00000, 0x00000000e5c00000, 0x00000000e5d00000|  0%| F|  |TAMS 0x00000000e5c00000, 0x00000000e5c00000| Untracked 
|  93|0x00000000e5d00000, 0x00000000e5d00000, 0x00000000e5e00000|  0%| F|  |TAMS 0x00000000e5d00000, 0x00000000e5d00000| Untracked 
|  94|0x00000000e5e00000, 0x00000000e5e00000, 0x00000000e5f00000|  0%| F|  |TAMS 0x00000000e5e00000, 0x00000000e5e00000| Untracked 
|  95|0x00000000e5f00000, 0x00000000e5f00000, 0x00000000e6000000|  0%| F|  |TAMS 0x00000000e5f00000, 0x00000000e5f00000| Untracked 
|  96|0x00000000e6000000, 0x00000000e6000000, 0x00000000e6100000|  0%| F|  |TAMS 0x00000000e6000000, 0x00000000e6000000| Untracked 
|  97|0x00000000e6100000, 0x00000000e6100000, 0x00000000e6200000|  0%| F|  |TAMS 0x00000000e6100000, 0x00000000e6100000| Untracked 
|  98|0x00000000e6200000, 0x00000000e6200000, 0x00000000e6300000|  0%| F|  |TAMS 0x00000000e6200000, 0x00000000e6200000| Untracked 
|  99|0x00000000e6300000, 0x00000000e6300000, 0x00000000e6400000|  0%| F|  |TAMS 0x00000000e6300000, 0x00000000e6300000| Untracked 
| 100|0x00000000e6400000, 0x00000000e6400000, 0x00000000e6500000|  0%| F|  |TAMS 0x00000000e6400000, 0x00000000e6400000| Untracked 
| 101|0x00000000e6500000, 0x00000000e6500000, 0x00000000e6600000|  0%| F|  |TAMS 0x00000000e6500000, 0x00000000e6500000| Untracked 
| 102|0x00000000e6600000, 0x00000000e6600000, 0x00000000e6700000|  0%| F|  |TAMS 0x00000000e6600000, 0x00000000e6600000| Untracked 
| 103|0x00000000e6700000, 0x00000000e6700000, 0x00000000e6800000|  0%| F|  |TAMS 0x00000000e6700000, 0x00000000e6700000| Untracked 
| 104|0x00000000e6800000, 0x00000000e6800000, 0x00000000e6900000|  0%| F|  |TAMS 0x00000000e6800000, 0x00000000e6800000| Untracked 
| 105|0x00000000e6900000, 0x00000000e6900000, 0x00000000e6a00000|  0%| F|  |TAMS 0x00000000e6900000, 0x00000000e6900000| Untracked 
| 106|0x00000000e6a00000, 0x00000000e6a00000, 0x00000000e6b00000|  0%| F|  |TAMS 0x00000000e6a00000, 0x00000000e6a00000| Untracked 
| 107|0x00000000e6b00000, 0x00000000e6b00000, 0x00000000e6c00000|  0%| F|  |TAMS 0x00000000e6b00000, 0x00000000e6b00000| Untracked 
| 108|0x00000000e6c00000, 0x00000000e6c00000, 0x00000000e6d00000|  0%| F|  |TAMS 0x00000000e6c00000, 0x00000000e6c00000| Untracked 
| 109|0x00000000e6d00000, 0x00000000e6d00000, 0x00000000e6e00000|  0%| F|  |TAMS 0x00000000e6d00000, 0x00000000e6d00000| Untracked 
| 110|0x00000000e6e00000, 0x00000000e6e00000, 0x00000000e6f00000|  0%| F|  |TAMS 0x00000000e6e00000, 0x00000000e6e00000| Untracked 
| 111|0x00000000e6f00000, 0x00000000e6f00000, 0x00000000e7000000|  0%| F|  |TAMS 0x00000000e6f00000, 0x00000000e6f00000| Untracked 
| 112|0x00000000e7000000, 0x00000000e7000000, 0x00000000e7100000|  0%| F|  |TAMS 0x00000000e7000000, 0x00000000e7000000| Untracked 
| 113|0x00000000e7100000, 0x00000000e7100000, 0x00000000e7200000|  0%| F|  |TAMS 0x00000000e7100000, 0x00000000e7100000| Untracked 
| 114|0x00000000e7200000, 0x00000000e7200000, 0x00000000e7300000|  0%| F|  |TAMS 0x00000000e7200000, 0x00000000e7200000| Untracked 
| 115|0x00000000e7300000, 0x00000000e7300000, 0x00000000e7400000|  0%| F|  |TAMS 0x00000000e7300000, 0x00000000e7300000| Untracked 
| 116|0x00000000e7400000, 0x00000000e7400000, 0x00000000e7500000|  0%| F|  |TAMS 0x00000000e7400000, 0x00000000e7400000| Untracked 
| 117|0x00000000e7500000, 0x00000000e7500000, 0x00000000e7600000|  0%| F|  |TAMS 0x00000000e7500000, 0x00000000e7500000| Untracked 
| 118|0x00000000e7600000, 0x00000000e7600000, 0x00000000e7700000|  0%| F|  |TAMS 0x00000000e7600000, 0x00000000e7600000| Untracked 
| 119|0x00000000e7700000, 0x00000000e7700000, 0x00000000e7800000|  0%| F|  |TAMS 0x00000000e7700000, 0x00000000e7700000| Untracked 
| 120|0x00000000e7800000, 0x00000000e7800000, 0x00000000e7900000|  0%| F|  |TAMS 0x00000000e7800000, 0x00000000e7800000| Untracked 
| 121|0x00000000e7900000, 0x00000000e7900000, 0x00000000e7a00000|  0%| F|  |TAMS 0x00000000e7900000, 0x00000000e7900000| Untracked 
| 122|0x00000000e7a00000, 0x00000000e7a00000, 0x00000000e7b00000|  0%| F|  |TAMS 0x00000000e7a00000, 0x00000000e7a00000| Untracked 
| 123|0x00000000e7b00000, 0x00000000e7b00000, 0x00000000e7c00000|  0%| F|  |TAMS 0x00000000e7b00000, 0x00000000e7b00000| Untracked 
| 124|0x00000000e7c00000, 0x00000000e7c00000, 0x00000000e7d00000|  0%| F|  |TAMS 0x00000000e7c00000, 0x00000000e7c00000| Untracked 
| 125|0x00000000e7d00000, 0x00000000e7d00000, 0x00000000e7e00000|  0%| F|  |TAMS 0x00000000e7d00000, 0x00000000e7d00000| Untracked 
| 126|0x00000000e7e00000, 0x00000000e7e00000, 0x00000000e7f00000|  0%| F|  |TAMS 0x00000000e7e00000, 0x00000000e7e00000| Untracked 
| 127|0x00000000e7f00000, 0x00000000e7f00000, 0x00000000e8000000|  0%| F|  |TAMS 0x00000000e7f00000, 0x00000000e7f00000| Untracked 
| 128|0x00000000e8000000, 0x00000000e8000000, 0x00000000e8100000|  0%| F|  |TAMS 0x00000000e8000000, 0x00000000e8000000| Untracked 
| 129|0x00000000e8100000, 0x00000000e8100000, 0x00000000e8200000|  0%| F|  |TAMS 0x00000000e8100000, 0x00000000e8100000| Untracked 
| 130|0x00000000e8200000, 0x00000000e8200000, 0x00000000e8300000|  0%| F|  |TAMS 0x00000000e8200000, 0x00000000e8200000| Untracked 
| 131|0x00000000e8300000, 0x00000000e8300000, 0x00000000e8400000|  0%| F|  |TAMS 0x00000000e8300000, 0x00000000e8300000| Untracked 
| 132|0x00000000e8400000, 0x00000000e8400000, 0x00000000e8500000|  0%| F|  |TAMS 0x00000000e8400000, 0x00000000e8400000| Untracked 
| 133|0x00000000e8500000, 0x00000000e8500000, 0x00000000e8600000|  0%| F|  |TAMS 0x00000000e8500000, 0x00000000e8500000| Untracked 
| 134|0x00000000e8600000, 0x00000000e8600000, 0x00000000e8700000|  0%| F|  |TAMS 0x00000000e8600000, 0x00000000e8600000| Untracked 
| 135|0x00000000e8700000, 0x00000000e8700000, 0x00000000e8800000|  0%| F|  |TAMS 0x00000000e8700000, 0x00000000e8700000| Untracked 
| 136|0x00000000e8800000, 0x00000000e882d920, 0x00000000e8900000| 17%| S|CS|TAMS 0x00000000e8800000, 0x00000000e8800000| Complete 
| 137|0x00000000e8900000, 0x00000000e8a00000, 0x00000000e8a00000|100%| S|CS|TAMS 0x00000000e8900000, 0x00000000e8900000| Complete 
| 138|0x00000000e8a00000, 0x00000000e8b00000, 0x00000000e8b00000|100%| S|CS|TAMS 0x00000000e8a00000, 0x00000000e8a00000| Complete 
| 139|0x00000000e8b00000, 0x00000000e8c00000, 0x00000000e8c00000|100%| S|CS|TAMS 0x00000000e8b00000, 0x00000000e8b00000| Complete 
| 140|0x00000000e8c00000, 0x00000000e8d00000, 0x00000000e8d00000|100%| S|CS|TAMS 0x00000000e8c00000, 0x00000000e8c00000| Complete 
| 141|0x00000000e8d00000, 0x00000000e8e00000, 0x00000000e8e00000|100%| S|CS|TAMS 0x00000000e8d00000, 0x00000000e8d00000| Complete 
| 142|0x00000000e8e00000, 0x00000000e8f00000, 0x00000000e8f00000|100%| S|CS|TAMS 0x00000000e8e00000, 0x00000000e8e00000| Complete 
| 143|0x00000000e8f00000, 0x00000000e9000000, 0x00000000e9000000|100%| S|CS|TAMS 0x00000000e8f00000, 0x00000000e8f00000| Complete 
| 144|0x00000000e9000000, 0x00000000e9100000, 0x00000000e9100000|100%| S|CS|TAMS 0x00000000e9000000, 0x00000000e9000000| Complete 
| 145|0x00000000e9100000, 0x00000000e9200000, 0x00000000e9200000|100%| S|CS|TAMS 0x00000000e9100000, 0x00000000e9100000| Complete 
| 146|0x00000000e9200000, 0x00000000e9300000, 0x00000000e9300000|100%| S|CS|TAMS 0x00000000e9200000, 0x00000000e9200000| Complete 
| 147|0x00000000e9300000, 0x00000000e9400000, 0x00000000e9400000|100%| S|CS|TAMS 0x00000000e9300000, 0x00000000e9300000| Complete 
| 148|0x00000000e9400000, 0x00000000e9500000, 0x00000000e9500000|100%| S|CS|TAMS 0x00000000e9400000, 0x00000000e9400000| Complete 
| 149|0x00000000e9500000, 0x00000000e9600000, 0x00000000e9600000|100%| S|CS|TAMS 0x00000000e9500000, 0x00000000e9500000| Complete 
| 150|0x00000000e9600000, 0x00000000e9700000, 0x00000000e9700000|100%| S|CS|TAMS 0x00000000e9600000, 0x00000000e9600000| Complete 
| 151|0x00000000e9700000, 0x00000000e9700000, 0x00000000e9800000|  0%| F|  |TAMS 0x00000000e9700000, 0x00000000e9700000| Untracked 
| 152|0x00000000e9800000, 0x00000000e9800000, 0x00000000e9900000|  0%| F|  |TAMS 0x00000000e9800000, 0x00000000e9800000| Untracked 
| 153|0x00000000e9900000, 0x00000000e9900000, 0x00000000e9a00000|  0%| F|  |TAMS 0x00000000e9900000, 0x00000000e9900000| Untracked 
| 154|0x00000000e9a00000, 0x00000000e9a00000, 0x00000000e9b00000|  0%| F|  |TAMS 0x00000000e9a00000, 0x00000000e9a00000| Untracked 
| 155|0x00000000e9b00000, 0x00000000e9b00000, 0x00000000e9c00000|  0%| F|  |TAMS 0x00000000e9b00000, 0x00000000e9b00000| Untracked 
| 156|0x00000000e9c00000, 0x00000000e9c00000, 0x00000000e9d00000|  0%| F|  |TAMS 0x00000000e9c00000, 0x00000000e9c00000| Untracked 
| 157|0x00000000e9d00000, 0x00000000e9d00000, 0x00000000e9e00000|  0%| F|  |TAMS 0x00000000e9d00000, 0x00000000e9d00000| Untracked 
| 158|0x00000000e9e00000, 0x00000000e9e00000, 0x00000000e9f00000|  0%| F|  |TAMS 0x00000000e9e00000, 0x00000000e9e00000| Untracked 
| 159|0x00000000e9f00000, 0x00000000e9f00000, 0x00000000ea000000|  0%| F|  |TAMS 0x00000000e9f00000, 0x00000000e9f00000| Untracked 
| 160|0x00000000ea000000, 0x00000000ea000000, 0x00000000ea100000|  0%| F|  |TAMS 0x00000000ea000000, 0x00000000ea000000| Untracked 
| 161|0x00000000ea100000, 0x00000000ea100000, 0x00000000ea200000|  0%| F|  |TAMS 0x00000000ea100000, 0x00000000ea100000| Untracked 
| 162|0x00000000ea200000, 0x00000000ea200000, 0x00000000ea300000|  0%| F|  |TAMS 0x00000000ea200000, 0x00000000ea200000| Untracked 
| 163|0x00000000ea300000, 0x00000000ea300000, 0x00000000ea400000|  0%| F|  |TAMS 0x00000000ea300000, 0x00000000ea300000| Untracked 
| 164|0x00000000ea400000, 0x00000000ea400000, 0x00000000ea500000|  0%| F|  |TAMS 0x00000000ea400000, 0x00000000ea400000| Untracked 
| 165|0x00000000ea500000, 0x00000000ea500000, 0x00000000ea600000|  0%| F|  |TAMS 0x00000000ea500000, 0x00000000ea500000| Untracked 
| 166|0x00000000ea600000, 0x00000000ea600000, 0x00000000ea700000|  0%| F|  |TAMS 0x00000000ea600000, 0x00000000ea600000| Untracked 
| 167|0x00000000ea700000, 0x00000000ea700000, 0x00000000ea800000|  0%| F|  |TAMS 0x00000000ea700000, 0x00000000ea700000| Untracked 
| 168|0x00000000ea800000, 0x00000000ea800000, 0x00000000ea900000|  0%| F|  |TAMS 0x00000000ea800000, 0x00000000ea800000| Untracked 
| 169|0x00000000ea900000, 0x00000000ea900000, 0x00000000eaa00000|  0%| F|  |TAMS 0x00000000ea900000, 0x00000000ea900000| Untracked 
| 170|0x00000000eaa00000, 0x00000000eaa00000, 0x00000000eab00000|  0%| F|  |TAMS 0x00000000eaa00000, 0x00000000eaa00000| Untracked 
| 171|0x00000000eab00000, 0x00000000eab00000, 0x00000000eac00000|  0%| F|  |TAMS 0x00000000eab00000, 0x00000000eab00000| Untracked 
| 172|0x00000000eac00000, 0x00000000eac00000, 0x00000000ead00000|  0%| F|  |TAMS 0x00000000eac00000, 0x00000000eac00000| Untracked 
| 173|0x00000000ead00000, 0x00000000ead00000, 0x00000000eae00000|  0%| F|  |TAMS 0x00000000ead00000, 0x00000000ead00000| Untracked 
| 174|0x00000000eae00000, 0x00000000eae00000, 0x00000000eaf00000|  0%| F|  |TAMS 0x00000000eae00000, 0x00000000eae00000| Untracked 
| 175|0x00000000eaf00000, 0x00000000eaf00000, 0x00000000eb000000|  0%| F|  |TAMS 0x00000000eaf00000, 0x00000000eaf00000| Untracked 
| 176|0x00000000eb000000, 0x00000000eb000000, 0x00000000eb100000|  0%| F|  |TAMS 0x00000000eb000000, 0x00000000eb000000| Untracked 
| 177|0x00000000eb100000, 0x00000000eb100000, 0x00000000eb200000|  0%| F|  |TAMS 0x00000000eb100000, 0x00000000eb100000| Untracked 
| 178|0x00000000eb200000, 0x00000000eb200000, 0x00000000eb300000|  0%| F|  |TAMS 0x00000000eb200000, 0x00000000eb200000| Untracked 
| 179|0x00000000eb300000, 0x00000000eb300000, 0x00000000eb400000|  0%| F|  |TAMS 0x00000000eb300000, 0x00000000eb300000| Untracked 
| 180|0x00000000eb400000, 0x00000000eb400000, 0x00000000eb500000|  0%| F|  |TAMS 0x00000000eb400000, 0x00000000eb400000| Untracked 
| 181|0x00000000eb500000, 0x00000000eb500000, 0x00000000eb600000|  0%| F|  |TAMS 0x00000000eb500000, 0x00000000eb500000| Untracked 
| 182|0x00000000eb600000, 0x00000000eb600000, 0x00000000eb700000|  0%| F|  |TAMS 0x00000000eb600000, 0x00000000eb600000| Untracked 
| 183|0x00000000eb700000, 0x00000000eb700000, 0x00000000eb800000|  0%| F|  |TAMS 0x00000000eb700000, 0x00000000eb700000| Untracked 
| 184|0x00000000eb800000, 0x00000000eb800000, 0x00000000eb900000|  0%| F|  |TAMS 0x00000000eb800000, 0x00000000eb800000| Untracked 
| 185|0x00000000eb900000, 0x00000000eb900000, 0x00000000eba00000|  0%| F|  |TAMS 0x00000000eb900000, 0x00000000eb900000| Untracked 
| 186|0x00000000eba00000, 0x00000000eba00000, 0x00000000ebb00000|  0%| F|  |TAMS 0x00000000eba00000, 0x00000000eba00000| Untracked 
| 187|0x00000000ebb00000, 0x00000000ebb00000, 0x00000000ebc00000|  0%| F|  |TAMS 0x00000000ebb00000, 0x00000000ebb00000| Untracked 
| 188|0x00000000ebc00000, 0x00000000ebc00000, 0x00000000ebd00000|  0%| F|  |TAMS 0x00000000ebc00000, 0x00000000ebc00000| Untracked 
| 189|0x00000000ebd00000, 0x00000000ebd00000, 0x00000000ebe00000|  0%| F|  |TAMS 0x00000000ebd00000, 0x00000000ebd00000| Untracked 
| 190|0x00000000ebe00000, 0x00000000ebe00000, 0x00000000ebf00000|  0%| F|  |TAMS 0x00000000ebe00000, 0x00000000ebe00000| Untracked 
| 191|0x00000000ebf00000, 0x00000000ebf00000, 0x00000000ec000000|  0%| F|  |TAMS 0x00000000ebf00000, 0x00000000ebf00000| Untracked 
| 192|0x00000000ec000000, 0x00000000ec000000, 0x00000000ec100000|  0%| F|  |TAMS 0x00000000ec000000, 0x00000000ec000000| Untracked 
| 193|0x00000000ec100000, 0x00000000ec100000, 0x00000000ec200000|  0%| F|  |TAMS 0x00000000ec100000, 0x00000000ec100000| Untracked 
| 194|0x00000000ec200000, 0x00000000ec200000, 0x00000000ec300000|  0%| F|  |TAMS 0x00000000ec200000, 0x00000000ec200000| Untracked 
| 195|0x00000000ec300000, 0x00000000ec300000, 0x00000000ec400000|  0%| F|  |TAMS 0x00000000ec300000, 0x00000000ec300000| Untracked 
| 196|0x00000000ec400000, 0x00000000ec400000, 0x00000000ec500000|  0%| F|  |TAMS 0x00000000ec400000, 0x00000000ec400000| Untracked 
| 197|0x00000000ec500000, 0x00000000ec500000, 0x00000000ec600000|  0%| F|  |TAMS 0x00000000ec500000, 0x00000000ec500000| Untracked 
| 198|0x00000000ec600000, 0x00000000ec600000, 0x00000000ec700000|  0%| F|  |TAMS 0x00000000ec600000, 0x00000000ec600000| Untracked 
| 199|0x00000000ec700000, 0x00000000ec700000, 0x00000000ec800000|  0%| F|  |TAMS 0x00000000ec700000, 0x00000000ec700000| Untracked 
| 200|0x00000000ec800000, 0x00000000ec800000, 0x00000000ec900000|  0%| F|  |TAMS 0x00000000ec800000, 0x00000000ec800000| Untracked 
| 201|0x00000000ec900000, 0x00000000ec900000, 0x00000000eca00000|  0%| F|  |TAMS 0x00000000ec900000, 0x00000000ec900000| Untracked 
| 202|0x00000000eca00000, 0x00000000eca00000, 0x00000000ecb00000|  0%| F|  |TAMS 0x00000000eca00000, 0x00000000eca00000| Untracked 
| 203|0x00000000ecb00000, 0x00000000ecb00000, 0x00000000ecc00000|  0%| F|  |TAMS 0x00000000ecb00000, 0x00000000ecb00000| Untracked 
| 204|0x00000000ecc00000, 0x00000000ecc00000, 0x00000000ecd00000|  0%| F|  |TAMS 0x00000000ecc00000, 0x00000000ecc00000| Untracked 
| 205|0x00000000ecd00000, 0x00000000ecd00000, 0x00000000ece00000|  0%| F|  |TAMS 0x00000000ecd00000, 0x00000000ecd00000| Untracked 
| 206|0x00000000ece00000, 0x00000000ece00000, 0x00000000ecf00000|  0%| F|  |TAMS 0x00000000ece00000, 0x00000000ece00000| Untracked 
| 207|0x00000000ecf00000, 0x00000000ecf00000, 0x00000000ed000000|  0%| F|  |TAMS 0x00000000ecf00000, 0x00000000ecf00000| Untracked 
| 208|0x00000000ed000000, 0x00000000ed000000, 0x00000000ed100000|  0%| F|  |TAMS 0x00000000ed000000, 0x00000000ed000000| Untracked 
| 209|0x00000000ed100000, 0x00000000ed100000, 0x00000000ed200000|  0%| F|  |TAMS 0x00000000ed100000, 0x00000000ed100000| Untracked 
| 210|0x00000000ed200000, 0x00000000ed200000, 0x00000000ed300000|  0%| F|  |TAMS 0x00000000ed200000, 0x00000000ed200000| Untracked 
| 211|0x00000000ed300000, 0x00000000ed300000, 0x00000000ed400000|  0%| F|  |TAMS 0x00000000ed300000, 0x00000000ed300000| Untracked 
| 212|0x00000000ed400000, 0x00000000ed400000, 0x00000000ed500000|  0%| F|  |TAMS 0x00000000ed400000, 0x00000000ed400000| Untracked 
| 213|0x00000000ed500000, 0x00000000ed500000, 0x00000000ed600000|  0%| F|  |TAMS 0x00000000ed500000, 0x00000000ed500000| Untracked 
| 214|0x00000000ed600000, 0x00000000ed600000, 0x00000000ed700000|  0%| F|  |TAMS 0x00000000ed600000, 0x00000000ed600000| Untracked 
| 215|0x00000000ed700000, 0x00000000ed700000, 0x00000000ed800000|  0%| F|  |TAMS 0x00000000ed700000, 0x00000000ed700000| Untracked 
| 216|0x00000000ed800000, 0x00000000ed800000, 0x00000000ed900000|  0%| F|  |TAMS 0x00000000ed800000, 0x00000000ed800000| Untracked 
| 217|0x00000000ed900000, 0x00000000ed900000, 0x00000000eda00000|  0%| F|  |TAMS 0x00000000ed900000, 0x00000000ed900000| Untracked 
| 218|0x00000000eda00000, 0x00000000eda00000, 0x00000000edb00000|  0%| F|  |TAMS 0x00000000eda00000, 0x00000000eda00000| Untracked 
| 219|0x00000000edb00000, 0x00000000edb00000, 0x00000000edc00000|  0%| F|  |TAMS 0x00000000edb00000, 0x00000000edb00000| Untracked 
| 220|0x00000000edc00000, 0x00000000edc00000, 0x00000000edd00000|  0%| F|  |TAMS 0x00000000edc00000, 0x00000000edc00000| Untracked 
| 221|0x00000000edd00000, 0x00000000edd00000, 0x00000000ede00000|  0%| F|  |TAMS 0x00000000edd00000, 0x00000000edd00000| Untracked 
| 222|0x00000000ede00000, 0x00000000ede00000, 0x00000000edf00000|  0%| F|  |TAMS 0x00000000ede00000, 0x00000000ede00000| Untracked 
| 223|0x00000000edf00000, 0x00000000edf00000, 0x00000000ee000000|  0%| F|  |TAMS 0x00000000edf00000, 0x00000000edf00000| Untracked 
| 224|0x00000000ee000000, 0x00000000ee000000, 0x00000000ee100000|  0%| F|  |TAMS 0x00000000ee000000, 0x00000000ee000000| Untracked 
| 225|0x00000000ee100000, 0x00000000ee100000, 0x00000000ee200000|  0%| F|  |TAMS 0x00000000ee100000, 0x00000000ee100000| Untracked 
| 226|0x00000000ee200000, 0x00000000ee200000, 0x00000000ee300000|  0%| F|  |TAMS 0x00000000ee200000, 0x00000000ee200000| Untracked 
| 227|0x00000000ee300000, 0x00000000ee300000, 0x00000000ee400000|  0%| F|  |TAMS 0x00000000ee300000, 0x00000000ee300000| Untracked 
| 228|0x00000000ee400000, 0x00000000ee400000, 0x00000000ee500000|  0%| F|  |TAMS 0x00000000ee400000, 0x00000000ee400000| Untracked 
| 229|0x00000000ee500000, 0x00000000ee500000, 0x00000000ee600000|  0%| F|  |TAMS 0x00000000ee500000, 0x00000000ee500000| Untracked 
| 230|0x00000000ee600000, 0x00000000ee600000, 0x00000000ee700000|  0%| F|  |TAMS 0x00000000ee600000, 0x00000000ee600000| Untracked 
| 231|0x00000000ee700000, 0x00000000ee700000, 0x00000000ee800000|  0%| F|  |TAMS 0x00000000ee700000, 0x00000000ee700000| Untracked 
| 232|0x00000000ee800000, 0x00000000ee800000, 0x00000000ee900000|  0%| F|  |TAMS 0x00000000ee800000, 0x00000000ee800000| Untracked 
| 233|0x00000000ee900000, 0x00000000ee900000, 0x00000000eea00000|  0%| F|  |TAMS 0x00000000ee900000, 0x00000000ee900000| Untracked 
| 234|0x00000000eea00000, 0x00000000eea00000, 0x00000000eeb00000|  0%| F|  |TAMS 0x00000000eea00000, 0x00000000eea00000| Untracked 
| 235|0x00000000eeb00000, 0x00000000eeb00000, 0x00000000eec00000|  0%| F|  |TAMS 0x00000000eeb00000, 0x00000000eeb00000| Untracked 
| 236|0x00000000eec00000, 0x00000000eec00000, 0x00000000eed00000|  0%| F|  |TAMS 0x00000000eec00000, 0x00000000eec00000| Untracked 
| 237|0x00000000eed00000, 0x00000000eed00000, 0x00000000eee00000|  0%| F|  |TAMS 0x00000000eed00000, 0x00000000eed00000| Untracked 
| 238|0x00000000eee00000, 0x00000000eee00000, 0x00000000eef00000|  0%| F|  |TAMS 0x00000000eee00000, 0x00000000eee00000| Untracked 
| 239|0x00000000eef00000, 0x00000000eef00000, 0x00000000ef000000|  0%| F|  |TAMS 0x00000000eef00000, 0x00000000eef00000| Untracked 
| 240|0x00000000ef000000, 0x00000000ef000000, 0x00000000ef100000|  0%| F|  |TAMS 0x00000000ef000000, 0x00000000ef000000| Untracked 
| 241|0x00000000ef100000, 0x00000000ef100000, 0x00000000ef200000|  0%| F|  |TAMS 0x00000000ef100000, 0x00000000ef100000| Untracked 
| 242|0x00000000ef200000, 0x00000000ef200000, 0x00000000ef300000|  0%| F|  |TAMS 0x00000000ef200000, 0x00000000ef200000| Untracked 
| 243|0x00000000ef300000, 0x00000000ef300000, 0x00000000ef400000|  0%| F|  |TAMS 0x00000000ef300000, 0x00000000ef300000| Untracked 
| 244|0x00000000ef400000, 0x00000000ef400000, 0x00000000ef500000|  0%| F|  |TAMS 0x00000000ef400000, 0x00000000ef400000| Untracked 
| 245|0x00000000ef500000, 0x00000000ef500000, 0x00000000ef600000|  0%| F|  |TAMS 0x00000000ef500000, 0x00000000ef500000| Untracked 
| 246|0x00000000ef600000, 0x00000000ef600000, 0x00000000ef700000|  0%| F|  |TAMS 0x00000000ef600000, 0x00000000ef600000| Untracked 
| 247|0x00000000ef700000, 0x00000000ef700000, 0x00000000ef800000|  0%| F|  |TAMS 0x00000000ef700000, 0x00000000ef700000| Untracked 
| 248|0x00000000ef800000, 0x00000000ef800000, 0x00000000ef900000|  0%| F|  |TAMS 0x00000000ef800000, 0x00000000ef800000| Untracked 
| 249|0x00000000ef900000, 0x00000000ef980800, 0x00000000efa00000| 50%| E|  |TAMS 0x00000000ef900000, 0x00000000ef900000| Complete 
| 250|0x00000000efa00000, 0x00000000efb00000, 0x00000000efb00000|100%| E|CS|TAMS 0x00000000efa00000, 0x00000000efa00000| Complete 
| 251|0x00000000efb00000, 0x00000000efc00000, 0x00000000efc00000|100%| E|CS|TAMS 0x00000000efb00000, 0x00000000efb00000| Complete 
| 252|0x00000000efc00000, 0x00000000efd00000, 0x00000000efd00000|100%| E|CS|TAMS 0x00000000efc00000, 0x00000000efc00000| Complete 
| 253|0x00000000efd00000, 0x00000000efe00000, 0x00000000efe00000|100%| E|CS|TAMS 0x00000000efd00000, 0x00000000efd00000| Complete 
| 254|0x00000000efe00000, 0x00000000eff00000, 0x00000000eff00000|100%| E|CS|TAMS 0x00000000efe00000, 0x00000000efe00000| Complete 
| 255|0x00000000eff00000, 0x00000000f0000000, 0x00000000f0000000|100%| E|CS|TAMS 0x00000000eff00000, 0x00000000eff00000| Complete 

Card table byte_map: [0x00000231764a0000,0x00000231765a0000] _byte_map_base: 0x0000023175da0000

Marking Bits (Prev, Next): (CMBitMap*) 0x000002315fc29740, (CMBitMap*) 0x000002315fc29700
 Prev Bits: [0x0000023176ea0000, 0x00000231776a0000)
 Next Bits: [0x00000231766a0000, 0x0000023176ea0000)

Polling page: 0x000002315f3d0000

Metaspace:

Usage:
  Non-class:     18.07 MB used.
      Class:      3.19 MB used.
       Both:     21.27 MB used.

Virtual space:
  Non-class space:       64.00 MB reserved,      18.25 MB ( 29%) committed,  1 nodes.
      Class space:      208.00 MB reserved,       3.38 MB (  2%) committed,  1 nodes.
             Both:      272.00 MB reserved,      21.62 MB (  8%) committed. 

Chunk freelists:
   Non-Class:  13.09 MB
       Class:  12.64 MB
        Both:  25.73 MB

MaxMetaspaceSize: 256.00 MB
CompressedClassSpaceSize: 208.00 MB
Initial GC threshold: 21.00 MB
Current GC threshold: 35.12 MB
CDS: on
MetaspaceReclaimPolicy: balanced
 - commit_granule_bytes: 65536.
 - commit_granule_words: 8192.
 - virtual_space_node_default_size: 8388608.
 - enlarge_chunks_in_place: 1.
 - new_chunks_are_fully_committed: 0.
 - uncommit_free_chunks: 1.
 - use_allocation_guard: 0.
 - handle_deallocations: 1.


Internal statistics:

num_allocs_failed_limit: 3.
num_arena_births: 350.
num_arena_deaths: 0.
num_vsnodes_births: 2.
num_vsnodes_deaths: 0.
num_space_committed: 346.
num_space_uncommitted: 0.
num_chunks_returned_to_freelist: 3.
num_chunks_taken_from_freelist: 1178.
num_chunk_merges: 3.
num_chunk_splits: 746.
num_chunks_enlarged: 492.
num_inconsistent_stats: 0.

CodeHeap 'non-profiled nmethods': size=120000Kb used=1776Kb max_used=1776Kb free=118223Kb
 bounds [0x000002316ef70000, 0x000002316f1e0000, 0x00000231764a0000]
CodeHeap 'profiled nmethods': size=120000Kb used=6221Kb max_used=6221Kb free=113779Kb
 bounds [0x00000231674a0000, 0x0000023167ac0000, 0x000002316e9d0000]
CodeHeap 'non-nmethods': size=5760Kb used=1230Kb max_used=1277Kb free=4529Kb
 bounds [0x000002316e9d0000, 0x000002316ec40000, 0x000002316ef70000]
 total_blobs=3601 nmethods=3061 adapters=452
 compilation: enabled
              stopped_count=0, restarted_count=0
 full_count=0

Compilation events (20 events):
Event: 127.969 Thread 0x0000023179c6af00 3055       4       java.lang.invoke.MethodType::makeImpl (109 bytes)
Event: 127.969 Thread 0x0000023179c6d9c0 nmethod 3054 0x0000023167aafe90 code [0x0000023167ab0020, 0x0000023167ab0158]
Event: 127.975 Thread 0x0000023179c6d9c0 3057       3       java.lang.invoke.DirectMethodHandle::make (21 bytes)
Event: 127.976 Thread 0x0000023179c6d9c0 nmethod 3057 0x0000023167ab0210 code [0x0000023167ab03e0, 0x0000023167ab0738]
Event: 127.981 Thread 0x0000023179c6d9c0 3058       3       org.objectweb.asm.Handler::getExceptionTableSize (10 bytes)
Event: 127.982 Thread 0x0000023179c6d9c0 nmethod 3058 0x0000023167ab0890 code [0x0000023167ab0a40, 0x0000023167ab0c38]
Event: 127.982 Thread 0x0000023179c6d9c0 3059       3       org.objectweb.asm.Type::<init> (26 bytes)
Event: 127.982 Thread 0x0000023179c6d9c0 nmethod 3059 0x0000023167ab0d90 code [0x0000023167ab0f20, 0x0000023167ab10f8]
Event: 127.992 Thread 0x0000023179c6d9c0 3060       3       org.objectweb.asm.MethodWriter::visitFrameStart (55 bytes)
Event: 127.992 Thread 0x0000023179c6d9c0 nmethod 3060 0x0000023167ab1190 code [0x0000023167ab1340, 0x0000023167ab1658]
Event: 127.992 Thread 0x0000023179c6d9c0 3061       3       org.objectweb.asm.MethodWriter::visitFrameEnd (53 bytes)
Event: 127.993 Thread 0x0000023179c6d9c0 nmethod 3061 0x0000023167ab1790 code [0x0000023167ab1960, 0x0000023167ab1e48]
Event: 127.993 Thread 0x0000023179c6d9c0 3062       3       org.objectweb.asm.Frame::accept (264 bytes)
Event: 127.994 Thread 0x0000023179c6d9c0 nmethod 3062 0x0000023167ab1f90 code [0x0000023167ab21c0, 0x0000023167ab2af8]
Event: 127.995 Thread 0x0000023179c6d9c0 3063       1       java.util.concurrent.atomic.AtomicInteger::set (6 bytes)
Event: 127.996 Thread 0x0000023179c6d9c0 nmethod 3063 0x000002316f12bd90 code [0x000002316f12bf20, 0x000002316f12bff8]
Event: 127.996 Thread 0x0000023179c6d9c0 3065       3       java.util.AbstractQueue::add (20 bytes)
Event: 127.996 Thread 0x0000023179c6d9c0 nmethod 3065 0x0000023167ab2e90 code [0x0000023167ab3040, 0x0000023167ab3318]
Event: 127.996 Thread 0x0000023179c6d9c0 3064       1       com.google.common.cache.LocalCache$2::peek (2 bytes)
Event: 127.996 Thread 0x0000023179c6d9c0 nmethod 3064 0x000002316f12c090 code [0x000002316f12c220, 0x000002316f12c2f8]

GC Heap History (8 events):
Event: 2.486 GC heap before
{Heap before GC invocations=0 (full 0):
 garbage-first heap   total 262144K, used 13312K [0x00000000e0000000, 0x0000000100000000)
  region size 1024K, 13 young (13312K), 0 survivors (0K)
 Metaspace       used 973K, committed 1088K, reserved 278528K
  class space    used 74K, committed 128K, reserved 212992K
}
Event: 2.527 GC heap after
{Heap after GC invocations=1 (full 0):
 garbage-first heap   total 262144K, used 3747K [0x00000000e0000000, 0x0000000100000000)
  region size 1024K, 2 young (2048K), 2 survivors (2048K)
 Metaspace       used 973K, committed 1088K, reserved 278528K
  class space    used 74K, committed 128K, reserved 212992K
}
Event: 5.329 GC heap before
{Heap before GC invocations=1 (full 0):
 garbage-first heap   total 262144K, used 22179K [0x00000000e0000000, 0x0000000100000000)
  region size 1024K, 17 young (17408K), 2 survivors (2048K)
 Metaspace       used 3826K, committed 4032K, reserved 278528K
  class space    used 474K, committed 576K, reserved 212992K
}
Event: 5.335 GC heap after
{Heap after GC invocations=2 (full 0):
 garbage-first heap   total 262144K, used 10477K [0x00000000e0000000, 0x0000000100000000)
  region size 1024K, 3 young (3072K), 3 survivors (3072K)
 Metaspace       used 3826K, committed 4032K, reserved 278528K
  class space    used 474K, committed 576K, reserved 212992K
}
Event: 9.656 GC heap before
{Heap before GC invocations=2 (full 0):
 garbage-first heap   total 262144K, used 31981K [0x00000000e0000000, 0x0000000100000000)
  region size 1024K, 24 young (24576K), 3 survivors (3072K)
 Metaspace       used 3953K, committed 4096K, reserved 278528K
  class space    used 475K, committed 576K, reserved 212992K
}
Event: 9.662 GC heap after
{Heap after GC invocations=3 (full 0):
 garbage-first heap   total 262144K, used 12696K [0x00000000e0000000, 0x0000000100000000)
  region size 1024K, 3 young (3072K), 3 survivors (3072K)
 Metaspace       used 3953K, committed 4096K, reserved 278528K
  class space    used 475K, committed 576K, reserved 212992K
}
Event: 124.916 GC heap before
{Heap before GC invocations=3 (full 0):
 garbage-first heap   total 262144K, used 126360K [0x00000000e0000000, 0x0000000100000000)
  region size 1024K, 105 young (107520K), 3 survivors (3072K)
 Metaspace       used 21182K, committed 21504K, reserved 278528K
  class space    used 3142K, committed 3328K, reserved 212992K
}
Event: 125.261 GC heap after
{Heap after GC invocations=4 (full 0):
 garbage-first heap   total 262144K, used 36226K [0x00000000e0000000, 0x0000000100000000)
  region size 1024K, 15 young (15360K), 15 survivors (15360K)
 Metaspace       used 21182K, committed 21504K, reserved 278528K
  class space    used 3142K, committed 3328K, reserved 212992K
}

Deoptimization events (20 events):
Event: 109.539 Thread 0x000002317e0746f0 DEOPT PACKING pc=0x000002316f096dc0 sp=0x0000009b954fa630
Event: 109.544 Thread 0x000002317e0746f0 DEOPT UNPACKING pc=0x000002316ea223a3 sp=0x0000009b954fa6a0 mode 2
Event: 109.796 Thread 0x000002317e0746f0 Uncommon trap: trap_request=0xffffffc6 fr.pc=0x000002316f096dc0 relative=0x0000000000005e40
Event: 109.796 Thread 0x000002317e0746f0 Uncommon trap: reason=bimorphic_or_optimized_type_check action=maybe_recompile pc=0x000002316f096dc0 method=java.lang.ClassLoader.loadClass(Ljava/lang/String;Z)Ljava/lang/Class; @ 38 c2
Event: 109.796 Thread 0x000002317e0746f0 DEOPT PACKING pc=0x000002316f096dc0 sp=0x0000009b954fa880
Event: 110.502 Thread 0x000002317e0746f0 DEOPT UNPACKING pc=0x000002316ea223a3 sp=0x0000009b954fa8f0 mode 2
Event: 110.510 Thread 0x000002317e0746f0 Uncommon trap: trap_request=0xffffffc6 fr.pc=0x000002316f096dc0 relative=0x0000000000005e40
Event: 110.510 Thread 0x000002317e0746f0 Uncommon trap: reason=bimorphic_or_optimized_type_check action=maybe_recompile pc=0x000002316f096dc0 method=java.lang.ClassLoader.loadClass(Ljava/lang/String;Z)Ljava/lang/Class; @ 38 c2
Event: 110.510 Thread 0x000002317e0746f0 DEOPT PACKING pc=0x000002316f096dc0 sp=0x0000009b954fb990
Event: 110.510 Thread 0x000002317e0746f0 DEOPT UNPACKING pc=0x000002316ea223a3 sp=0x0000009b954fba00 mode 2
Event: 110.540 Thread 0x000002317e0746f0 Uncommon trap: trap_request=0xffffff45 fr.pc=0x000002316f0c27a0 relative=0x0000000000005c40
Event: 110.540 Thread 0x000002317e0746f0 Uncommon trap: reason=unstable_if action=reinterpret pc=0x000002316f0c27a0 method=java.net.URLClassLoader.getAndVerifyPackage(Ljava/lang/String;Ljava/util/jar/Manifest;Ljava/net/URL;)Ljava/lang/Package; @ 62 c2
Event: 110.540 Thread 0x000002317e0746f0 DEOPT PACKING pc=0x000002316f0c27a0 sp=0x0000009b954fbca0
Event: 110.540 Thread 0x000002317e0746f0 DEOPT UNPACKING pc=0x000002316ea223a3 sp=0x0000009b954fbbc0 mode 2
Event: 111.560 Thread 0x000002317e0746f0 DEOPT PACKING pc=0x0000023167563d3d sp=0x0000009b954fb040
Event: 111.563 Thread 0x000002317e0746f0 DEOPT UNPACKING pc=0x000002316ea22b43 sp=0x0000009b954fa4c8 mode 0
Event: 113.575 Thread 0x000002317e0746f0 DEOPT PACKING pc=0x0000023167a6c861 sp=0x0000009b954f9eb0
Event: 113.575 Thread 0x000002317e0746f0 DEOPT UNPACKING pc=0x000002316ea22b43 sp=0x0000009b954f9430 mode 0
Event: 114.318 Thread 0x000002317e0746f0 DEOPT PACKING pc=0x000002316780416e sp=0x0000009b954fb0c0
Event: 114.318 Thread 0x000002317e0746f0 DEOPT UNPACKING pc=0x000002316ea22b43 sp=0x0000009b954fa608 mode 0

Classes unloaded (0 events):
No events

Classes redefined (0 events):
No events

Internal exceptions (20 events):
Event: 116.373 Thread 0x000002317e0746f0 Exception <a 'java/lang/NoSuchMethodError'{0x00000000e9e36948}: static Lorg/jetbrains/plugins/gradle/model/BuildScriptClasspathModel;.<clinit>()V> (0x00000000e9e36948) 
thrown [s\open\src\hotspot\share\prims\jni.cpp, line 1107]
Event: 116.617 Thread 0x000002317e0746f0 Exception <a 'java/lang/NoSuchMethodError'{0x00000000e9e407e8}: static Lorg/jetbrains/plugins/gradle/model/GradleExtensions;.<clinit>()V> (0x00000000e9e407e8) 
thrown [s\open\src\hotspot\share\prims\jni.cpp, line 1107]
Event: 116.645 Thread 0x000002317e0746f0 Exception <a 'java/lang/NoSuchMethodError'{0x00000000e9e4a108}: static Lorg/jetbrains/plugins/gradle/model/tests/ExternalTestsModel;.<clinit>()V> (0x00000000e9e4a108) 
thrown [s\open\src\hotspot\share\prims\jni.cpp, line 1107]
Event: 116.650 Thread 0x000002317e0746f0 Exception <a 'java/lang/NoSuchMethodError'{0x00000000e9e55b98}: static Lorg/jetbrains/plugins/gradle/model/IntelliJProjectSettings;.<clinit>()V> (0x00000000e9e55b98) 
thrown [s\open\src\hotspot\share\prims\jni.cpp, line 1107]
Event: 116.659 Thread 0x000002317e0746f0 Exception <a 'java/lang/NoSuchMethodError'{0x00000000e9e5c3b8}: static Lorg/jetbrains/plugins/gradle/model/IntelliJSettings;.<clinit>()V> (0x00000000e9e5c3b8) 
thrown [s\open\src\hotspot\share\prims\jni.cpp, line 1107]
Event: 116.663 Thread 0x000002317e0746f0 Exception <a 'java/lang/NoSuchMethodError'{0x00000000e9e65238}: static Lorg/jetbrains/plugins/gradle/model/DependencyAccessorsModel;.<clinit>()V> (0x00000000e9e65238) 
thrown [s\open\src\hotspot\share\prims\jni.cpp, line 1107]
Event: 117.592 Thread 0x000002317e0746f0 Exception <a 'java/lang/NoSuchMethodError'{0x00000000e9de3198}: static Lcom/intellij/gradle/toolingExtension/impl/model/sourceSetModel/GradleSourceSetModelProvider;.<clinit>()V> (0x00000000e9de3198) 
thrown [s\open\src\hotspot\share\prims\jni.cpp, line 1107]
Event: 117.914 Thread 0x000002317e0746f0 Exception <a 'java/lang/NoSuchMethodError'{0x00000000e9df2b40}: static Lcom/intellij/gradle/toolingExtension/impl/model/taskModel/GradleTaskModelProvider;.<clinit>()V> (0x00000000e9df2b40) 
thrown [s\open\src\hotspot\share\prims\jni.cpp, line 1107]
Event: 118.262 Thread 0x000002317e0746f0 Exception <a 'java/lang/NoSuchMethodError'{0x00000000e9c1cb80}: static Lorg/jetbrains/plugins/gradle/model/ExternalProjectDependency;.<clinit>()V> (0x00000000e9c1cb80) 
thrown [s\open\src\hotspot\share\prims\jni.cpp, line 1107]
Event: 118.293 Thread 0x000002317e0746f0 Exception <a 'java/lang/NoSuchMethodError'{0x00000000e9c26200}: static Lorg/jetbrains/plugins/gradle/model/ExternalLibraryDependency;.<clinit>()V> (0x00000000e9c26200) 
thrown [s\open\src\hotspot\share\prims\jni.cpp, line 1107]
Event: 118.305 Thread 0x000002317e0746f0 Exception <a 'java/lang/NoSuchMethodError'{0x00000000e9c2f2f8}: static Lorg/jetbrains/plugins/gradle/model/FileCollectionDependency;.<clinit>()V> (0x00000000e9c2f2f8) 
thrown [s\open\src\hotspot\share\prims\jni.cpp, line 1107]
Event: 118.614 Thread 0x000002317e0746f0 Exception <a 'java/lang/NoSuchMethodError'{0x00000000e9c380e8}: static Lorg/jetbrains/plugins/gradle/model/UnresolvedExternalDependency;.<clinit>()V> (0x00000000e9c380e8) 
thrown [s\open\src\hotspot\share\prims\jni.cpp, line 1107]
Event: 119.072 Thread 0x000002317e0746f0 Exception <a 'java/lang/NoSuchMethodError'{0x00000000e9cc87b8}: static Lorg/gradle/tooling/internal/consumer/versioning/VersionDetails;.<clinit>()V> (0x00000000e9cc87b8) 
thrown [s\open\src\hotspot\share\prims\jni.cpp, line 1107]
Event: 119.072 Thread 0x000002317e0746f0 Exception <a 'java/lang/NoSuchMethodError'{0x00000000e9ccb160}: static Lorg/gradle/tooling/internal/consumer/versioning/VersionDetails$R26VersionDetails;.<clinit>()V> (0x00000000e9ccb160) 
thrown [s\open\src\hotspot\share\prims\jni.cpp, line 1107]
Event: 119.073 Thread 0x000002317e0746f0 Exception <a 'java/lang/NoSuchMethodError'{0x00000000e9ccc6d8}: static Lorg/gradle/tooling/internal/consumer/versioning/VersionDetails$R28VersionDetails;.<clinit>()V> (0x00000000e9ccc6d8) 
thrown [s\open\src\hotspot\share\prims\jni.cpp, line 1107]
Event: 119.073 Thread 0x000002317e0746f0 Exception <a 'java/lang/NoSuchMethodError'{0x00000000e9ccdbe0}: static Lorg/gradle/tooling/internal/consumer/versioning/VersionDetails$R35VersionDetails;.<clinit>()V> (0x00000000e9ccdbe0) 
thrown [s\open\src\hotspot\share\prims\jni.cpp, line 1107]
Event: 119.073 Thread 0x000002317e0746f0 Exception <a 'java/lang/NoSuchMethodError'{0x00000000e9ccf2b0}: static Lorg/gradle/tooling/internal/consumer/versioning/VersionDetails$R44VersionDetails;.<clinit>()V> (0x00000000e9ccf2b0) 
thrown [s\open\src\hotspot\share\prims\jni.cpp, line 1107]
Event: 119.073 Thread 0x000002317e0746f0 Exception <a 'java/lang/NoSuchMethodError'{0x00000000e9cd08b8}: static Lorg/gradle/tooling/internal/consumer/versioning/VersionDetails$R48VersionDetails;.<clinit>()V> (0x00000000e9cd08b8) 
thrown [s\open\src\hotspot\share\prims\jni.cpp, line 1107]
Event: 119.073 Thread 0x000002317e0746f0 Exception <a 'java/lang/NoSuchMethodError'{0x00000000e9cd1ab8}: static Lorg/gradle/tooling/internal/consumer/versioning/VersionDetails$R51VersionDetails;.<clinit>()V> (0x00000000e9cd1ab8) 
thrown [s\open\src\hotspot\share\prims\jni.cpp, line 1107]
Event: 121.968 Thread 0x000002317e0746f0 Exception <a 'java/lang/NoSuchMethodError'{0x00000000e9bc66c0}: 'java.lang.Object java.lang.invoke.DirectMethodHandle$Holder.newInvokeSpecial(java.lang.Object, java.lang.Object, int)'> (0x00000000e9bc66c0) 
thrown [s\open\src\hotspot\share\interpreter\linkResolver.cpp, line 759]

VM Operations (20 events):
Event: 118.939 Executing VM operation: Cleanup
Event: 118.962 Executing VM operation: Cleanup done
Event: 119.972 Executing VM operation: Cleanup
Event: 119.987 Executing VM operation: Cleanup done
Event: 121.747 Executing VM operation: HandshakeAllThreads
Event: 121.747 Executing VM operation: HandshakeAllThreads done
Event: 122.751 Executing VM operation: Cleanup
Event: 122.767 Executing VM operation: Cleanup done
Event: 123.769 Executing VM operation: Cleanup
Event: 123.882 Executing VM operation: Cleanup done
Event: 124.912 Executing VM operation: CollectForMetadataAllocation
Event: 125.328 Executing VM operation: CollectForMetadataAllocation done
Event: 125.347 Executing VM operation: G1Concurrent
Event: 125.389 Executing VM operation: G1Concurrent done
Event: 125.393 Executing VM operation: G1Concurrent
Event: 125.856 Executing VM operation: G1Concurrent done
Event: 126.894 Executing VM operation: Cleanup
Event: 126.944 Executing VM operation: Cleanup done
Event: 127.958 Executing VM operation: Cleanup
Event: 127.959 Executing VM operation: Cleanup done

Events (20 events):
Event: 113.972 loading class java/io/ObjectStreamClass$ExceptionInfo
Event: 113.973 loading class java/io/ObjectStreamClass$ExceptionInfo done
Event: 120.874 loading class java/util/concurrent/locks/ReentrantReadWriteLock
Event: 120.895 loading class java/util/concurrent/locks/ReadWriteLock
Event: 120.907 loading class java/util/concurrent/locks/ReadWriteLock done
Event: 120.907 loading class java/util/concurrent/locks/ReentrantReadWriteLock done
Event: 120.907 loading class java/util/concurrent/locks/ReentrantReadWriteLock$NonfairSync
Event: 120.921 loading class java/util/concurrent/locks/ReentrantReadWriteLock$Sync
Event: 120.972 loading class java/util/concurrent/locks/ReentrantReadWriteLock$Sync done
Event: 120.972 loading class java/util/concurrent/locks/ReentrantReadWriteLock$NonfairSync done
Event: 120.972 loading class java/util/concurrent/locks/ReentrantReadWriteLock$Sync$ThreadLocalHoldCounter
Event: 120.973 loading class java/util/concurrent/locks/ReentrantReadWriteLock$Sync$ThreadLocalHoldCounter done
Event: 120.973 loading class java/util/concurrent/locks/ReentrantReadWriteLock$ReadLock
Event: 120.973 loading class java/util/concurrent/locks/ReentrantReadWriteLock$ReadLock done
Event: 120.973 loading class java/util/concurrent/locks/ReentrantReadWriteLock$WriteLock
Event: 120.973 loading class java/util/concurrent/locks/ReentrantReadWriteLock$WriteLock done
Event: 121.715 loading class java/util/concurrent/Executors$FinalizableDelegatedExecutorService
Event: 121.730 loading class java/util/concurrent/Executors$DelegatedExecutorService
Event: 121.745 loading class java/util/concurrent/Executors$DelegatedExecutorService done
Event: 121.745 loading class java/util/concurrent/Executors$FinalizableDelegatedExecutorService done


Dynamic libraries:
0x00007ff71eb50000 - 0x00007ff71eb60000 	C:\Program Files\Java\jdk-17\bin\java.exe
0x00007ffc08110000 - 0x00007ffc08327000 	C:\WINDOWS\SYSTEM32\ntdll.dll
0x00007ffc074c0000 - 0x00007ffc07584000 	C:\WINDOWS\System32\KERNEL32.DLL
0x00007ffc05480000 - 0x00007ffc05826000 	C:\WINDOWS\System32\KERNELBASE.dll
0x00007ffc05a10000 - 0x00007ffc05b21000 	C:\WINDOWS\System32\ucrtbase.dll
0x00007ffbed630000 - 0x00007ffbed649000 	C:\Program Files\Java\jdk-17\bin\jli.dll
0x00007ffc06090000 - 0x00007ffc06141000 	C:\WINDOWS\System32\ADVAPI32.dll
0x00007ffc06150000 - 0x00007ffc061f7000 	C:\WINDOWS\System32\msvcrt.dll
0x00007ffc06c90000 - 0x00007ffc06d35000 	C:\WINDOWS\System32\sechost.dll
0x00007ffc07a90000 - 0x00007ffc07ba7000 	C:\WINDOWS\System32\RPCRT4.dll
0x00007ffc05e60000 - 0x00007ffc0600e000 	C:\WINDOWS\System32\USER32.dll
0x00007ffc05b30000 - 0x00007ffc05b56000 	C:\WINDOWS\System32\win32u.dll
0x00007ffc06b10000 - 0x00007ffc06b39000 	C:\WINDOWS\System32\GDI32.dll
0x00007ffc05b60000 - 0x00007ffc05c78000 	C:\WINDOWS\System32\gdi32full.dll
0x00007ffc058f0000 - 0x00007ffc0598a000 	C:\WINDOWS\System32\msvcp_win.dll
0x00007ffbf3e50000 - 0x00007ffbf40e3000 	C:\WINDOWS\WinSxS\amd64_microsoft.windows.common-controls_6595b64144ccf1df_6.0.22621.2506_none_270c5ae97388e100\COMCTL32.dll
0x00007ffbfdf20000 - 0x00007ffbfdf2a000 	C:\WINDOWS\SYSTEM32\VERSION.dll
0x00007ffbed3c0000 - 0x00007ffbed3db000 	C:\Program Files\Java\jdk-17\bin\VCRUNTIME140.dll
0x00007ffc06e30000 - 0x00007ffc06e61000 	C:\WINDOWS\System32\IMM32.DLL
0x00007ffbf7450000 - 0x00007ffbf745c000 	C:\Program Files\Java\jdk-17\bin\vcruntime140_1.dll
0x00007ffbd24f0000 - 0x00007ffbd257e000 	C:\Program Files\Java\jdk-17\bin\msvcp140.dll
0x00007ffb6af30000 - 0x00007ffb6bb11000 	C:\Program Files\Java\jdk-17\bin\server\jvm.dll
0x00007ffc06e20000 - 0x00007ffc06e28000 	C:\WINDOWS\System32\PSAPI.DLL
0x00007ffbf4610000 - 0x00007ffbf4619000 	C:\WINDOWS\SYSTEM32\WSOCK32.dll
0x00007ffc06010000 - 0x00007ffc06081000 	C:\WINDOWS\System32\WS2_32.dll
0x00007ffbfdf50000 - 0x00007ffbfdf84000 	C:\WINDOWS\SYSTEM32\WINMM.dll
0x00007ffc04480000 - 0x00007ffc04498000 	C:\WINDOWS\SYSTEM32\kernel.appcore.dll
0x00007ffbf7330000 - 0x00007ffbf733a000 	C:\Program Files\Java\jdk-17\bin\jimage.dll
0x00007ffbf0d70000 - 0x00007ffbf0fa3000 	C:\WINDOWS\SYSTEM32\DBGHELP.DLL
0x00007ffc07590000 - 0x00007ffc07919000 	C:\WINDOWS\System32\combase.dll
0x00007ffc06d40000 - 0x00007ffc06e17000 	C:\WINDOWS\System32\OLEAUT32.dll
0x00007ffbf0d30000 - 0x00007ffbf0d62000 	C:\WINDOWS\SYSTEM32\dbgcore.DLL
0x00007ffc05990000 - 0x00007ffc05a0a000 	C:\WINDOWS\System32\bcryptPrimitives.dll
0x00007ffbe4de0000 - 0x00007ffbe4e05000 	C:\Program Files\Java\jdk-17\bin\java.dll
0x00007ffbcfc20000 - 0x00007ffbcfcf7000 	C:\Program Files\Java\jdk-17\bin\jsvml.dll
0x00007ffc06200000 - 0x00007ffc06a5a000 	C:\WINDOWS\System32\SHELL32.dll
0x00007ffc033a0000 - 0x00007ffc03c96000 	C:\WINDOWS\SYSTEM32\windows.storage.dll
0x00007ffc03260000 - 0x00007ffc0339e000 	C:\WINDOWS\SYSTEM32\wintypes.dll
0x00007ffc07990000 - 0x00007ffc07a83000 	C:\WINDOWS\System32\SHCORE.dll
0x00007ffc07460000 - 0x00007ffc074be000 	C:\WINDOWS\System32\shlwapi.dll
0x00007ffc053b0000 - 0x00007ffc053d6000 	C:\WINDOWS\SYSTEM32\profapi.dll
0x00007ffbfcc50000 - 0x00007ffbfcc69000 	C:\Program Files\Java\jdk-17\bin\net.dll
0x00007ffbfe180000 - 0x00007ffbfe2b7000 	C:\WINDOWS\SYSTEM32\WINHTTP.dll
0x00007ffc04900000 - 0x00007ffc04969000 	C:\WINDOWS\system32\mswsock.dll
0x00007ffbed680000 - 0x00007ffbed696000 	C:\Program Files\Java\jdk-17\bin\nio.dll
0x00007ffbea730000 - 0x00007ffbea748000 	C:\Program Files\Java\jdk-17\bin\zip.dll
0x00007ffbfcbd0000 - 0x00007ffbfcbe0000 	C:\Program Files\Java\jdk-17\bin\verify.dll
0x00007ffbe7f60000 - 0x00007ffbe7f87000 	C:\Users\luken\.gradle\native\68d5fa5c4cc2d200863cafc0d521ce42e7d3e7ee720ec0a83991735586a16f82\windows-amd64\native-platform.dll
0x00007ffbf1510000 - 0x00007ffbf1654000 	C:\Users\luken\.gradle\native\e376f236ea51e6404a007f0833ffe2c6e607c4080706a723a18a27aeea778392\windows-amd64\native-platform-file-events.dll
0x00007ffc02770000 - 0x00007ffc0277a000 	C:\Program Files\Java\jdk-17\bin\management.dll
0x00007ffbf7460000 - 0x00007ffbf746b000 	C:\Program Files\Java\jdk-17\bin\management_ext.dll
0x00007ffc04b50000 - 0x00007ffc04b6b000 	C:\WINDOWS\SYSTEM32\CRYPTSP.dll
0x00007ffc043e0000 - 0x00007ffc04415000 	C:\WINDOWS\system32\rsaenh.dll
0x00007ffc049f0000 - 0x00007ffc04a1c000 	C:\WINDOWS\SYSTEM32\USERENV.dll
0x00007ffc04d40000 - 0x00007ffc04d68000 	C:\WINDOWS\SYSTEM32\bcrypt.dll
0x00007ffc04b70000 - 0x00007ffc04b7c000 	C:\WINDOWS\SYSTEM32\CRYPTBASE.dll
0x00007ffc03f40000 - 0x00007ffc03f6d000 	C:\WINDOWS\SYSTEM32\IPHLPAPI.DLL
0x00007ffc07180000 - 0x00007ffc07189000 	C:\WINDOWS\System32\NSI.dll
0x00007ffbfea20000 - 0x00007ffbfea39000 	C:\WINDOWS\SYSTEM32\dhcpcsvc6.DLL
0x00007ffbfdf30000 - 0x00007ffbfdf4f000 	C:\WINDOWS\SYSTEM32\dhcpcsvc.DLL
0x00007ffc03fc0000 - 0x00007ffc040b9000 	C:\WINDOWS\SYSTEM32\DNSAPI.dll
0x00007ffbf72c0000 - 0x00007ffbf72ce000 	C:\Program Files\Java\jdk-17\bin\sunmscapi.dll
0x00007ffc05c80000 - 0x00007ffc05de6000 	C:\WINDOWS\System32\CRYPT32.dll
0x00007ffc04d10000 - 0x00007ffc04d3d000 	C:\WINDOWS\SYSTEM32\ncrypt.dll
0x00007ffc04cd0000 - 0x00007ffc04d07000 	C:\WINDOWS\SYSTEM32\NTASN1.dll
0x00007ffbf16f0000 - 0x00007ffbf16f8000 	C:\WINDOWS\system32\wshunix.dll
0x00007ffc044a0000 - 0x00007ffc044d4000 	C:\WINDOWS\SYSTEM32\ntmarta.dll

dbghelp: loaded successfully - version: 4.0.5 - missing functions: none
symbol engine: initialized successfully - sym options: 0x614 - pdb path: .;C:\Program Files\Java\jdk-17\bin;C:\WINDOWS\SYSTEM32;C:\WINDOWS\WinSxS\amd64_microsoft.windows.common-controls_6595b64144ccf1df_6.0.22621.2506_none_270c5ae97388e100;C:\Program Files\Java\jdk-17\bin\server;C:\Users\luken\.gradle\native\68d5fa5c4cc2d200863cafc0d521ce42e7d3e7ee720ec0a83991735586a16f82\windows-amd64;C:\Users\luken\.gradle\native\e376f236ea51e6404a007f0833ffe2c6e607c4080706a723a18a27aeea778392\windows-amd64

VM Arguments:
jvm_args: --add-opens=java.base/java.util=ALL-UNNAMED --add-opens=java.base/java.lang=ALL-UNNAMED --add-opens=java.base/java.lang.invoke=ALL-UNNAMED --add-opens=java.prefs/java.util.prefs=ALL-UNNAMED --add-opens=java.base/java.nio.charset=ALL-UNNAMED --add-opens=java.base/java.net=ALL-UNNAMED --add-opens=java.base/java.util.concurrent.atomic=ALL-UNNAMED -XX:MaxMetaspaceSize=256m -XX:+HeapDumpOnOutOfMemoryError -Xms256m -Xmx512m -Dfile.encoding=windows-1252 -Duser.country=US -Duser.language=en -Duser.variant 
java_command: org.gradle.launcher.daemon.bootstrap.GradleDaemon 8.0
java_class_path (initial): C:\Users\luken\.gradle\wrapper\dists\gradle-8.0-bin\ca5e32bp14vu59qr306oxotwh\gradle-8.0\lib\gradle-launcher-8.0.jar
Launcher Type: SUN_STANDARD

[Global flags]
     intx CICompilerCount                          = 3                                         {product} {ergonomic}
   size_t CompressedClassSpaceSize                 = 218103808                                 {product} {ergonomic}
     uint ConcGCThreads                            = 1                                         {product} {ergonomic}
     uint G1ConcRefinementThreads                  = 4                                         {product} {ergonomic}
   size_t G1HeapRegionSize                         = 1048576                                   {product} {ergonomic}
    uintx GCDrainStackTargetSize                   = 64                                        {product} {ergonomic}
     bool HeapDumpOnOutOfMemoryError               = true                                   {manageable} {command line}
   size_t InitialHeapSize                          = 268435456                                 {product} {command line}
   size_t MarkStackSize                            = 4194304                                   {product} {ergonomic}
   size_t MaxHeapSize                              = 536870912                                 {product} {command line}
   size_t MaxMetaspaceSize                         = 268435456                                 {product} {command line}
   size_t MaxNewSize                               = 321912832                                 {product} {ergonomic}
   size_t MinHeapDeltaBytes                        = 1048576                                   {product} {ergonomic}
   size_t MinHeapSize                              = 268435456                                 {product} {command line}
    uintx NonNMethodCodeHeapSize                   = 5832780                                {pd product} {ergonomic}
    uintx NonProfiledCodeHeapSize                  = 122912730                              {pd product} {ergonomic}
    uintx ProfiledCodeHeapSize                     = 122912730                              {pd product} {ergonomic}
    uintx ReservedCodeCacheSize                    = 251658240                              {pd product} {ergonomic}
     bool SegmentedCodeCache                       = true                                      {product} {ergonomic}
   size_t SoftMaxHeapSize                          = 536870912                              {manageable} {ergonomic}
     bool UseCompressedClassPointers               = true                           {product lp64_product} {ergonomic}
     bool UseCompressedOops                        = true                           {product lp64_product} {ergonomic}
     bool UseG1GC                                  = true                                      {product} {ergonomic}
     bool UseLargePagesIndividualAllocation        = false                                  {pd product} {ergonomic}

Logging:
Log output configuration:
 #0: stdout all=warning uptime,level,tags
 #1: stderr all=off uptime,level,tags

Environment Variables:
PATH=C:\Program Files\Common Files\Oracle\Java\javapath;C:\WINDOWS\system32;C:\WINDOWS;C:\WINDOWS\System32\Wbem;C:\WINDOWS\System32\WindowsPowerShell\v1.0\;C:\WINDOWS\System32\OpenSSH\;C:\Program Files\Git\cmd;C:\Program Files\nodejs\;C:\Users\luken\AppData\Local\Microsoft\WindowsApps;;C:\Users\luken\AppData\Local\Programs\Microsoft VS Code\bin;C:\Users\luken\AppData\Roaming\npm
USERNAME=luken
OS=Windows_NT
PROCESSOR_IDENTIFIER=AMD64 Family 23 Model 24 Stepping 1, AuthenticAMD



---------------  S Y S T E M  ---------------

OS:
 Windows 11 , 64 bit Build 22621 (10.0.22621.2506)
OS uptime: 0 days 0:27 hours

CPU: total 4 (initial active 4) (4 cores per cpu, 2 threads per core) family 23 model 24 stepping 1 microcode 0x0, cx8, cmov, fxsr, ht, mmx, 3dnowpref, sse, sse2, sse3, ssse3, sse4a, sse4.1, sse4.2, popcnt, lzcnt, tsc, tscinvbit, avx, avx2, aes, clmul, bmi1, bmi2, adx, sha, fma, vzeroupper, clflush, clflushopt

Memory: 4k page, system-wide physical 3522M (149M free)
TotalPageFile size 14274M (AvailPageFile size 0M)
current process WorkingSet (physical memory assigned to process): 130M, peak: 163M
current process commit charge ("private bytes"): 393M, peak: 410M

vm_info: Java HotSpot(TM) 64-Bit Server VM (17.0.9+11-LTS-201) for windows-amd64 JRE (17.0.9+11-LTS-201), built on Oct 10 2023 23:16:06 by "mach5one" with MS VC++ 17.1 (VS2022)

END.
