#
# There is insufficient memory for the Java Runtime Environment to continue.
# Native memory allocation (malloc) failed to allocate 131088 bytes for Chunk::new
# Possible reasons:
#   The system is out of physical RAM or swap space
#   The process is running with CompressedOops enabled, and the Java Heap may be blocking the growth of the native heap
# Possible solutions:
#   Reduce memory load on the system
#   Increase physical memory or swap space
#   Check if swap backing store is full
#   Decrease Java heap size (-Xmx/-Xms)
#   Decrease number of Java threads
#   Decrease Java thread stack sizes (-Xss)
#   Set larger code cache with -XX:ReservedCodeCacheSize=
#   JVM is running with Unscaled Compressed Oops mode in which the Java heap is
#     placed in the first 4GB address space. The Java Heap base address is the
#     maximum limit for the native heap growth. Please use -XX:HeapBaseMinAddress
#     to set the Java Heap base and to place the Java Heap above 4GB virtual address.
# This output file may be truncated or incomplete.
#
#  Out of Memory Error (arena.cpp:189), pid=9832, tid=5704
#
# JRE version: Java(TM) SE Runtime Environment (17.0.9+11) (build 17.0.9+11-LTS-201)
# Java VM: Java HotSpot(TM) 64-Bit Server VM (17.0.9+11-LTS-201, mixed mode, sharing, tiered, compressed oops, compressed class ptrs, g1 gc, windows-amd64)
# No core dump will be written. Minidumps are not enabled by default on client versions of Windows
#

---------------  S U M M A R Y ------------

Command Line: --add-opens=java.base/java.util=ALL-UNNAMED --add-opens=java.base/java.lang=ALL-UNNAMED --add-opens=java.base/java.lang.invoke=ALL-UNNAMED --add-opens=java.prefs/java.util.prefs=ALL-UNNAMED --add-opens=java.base/java.nio.charset=ALL-UNNAMED --add-opens=java.base/java.net=ALL-UNNAMED --add-opens=java.base/java.util.concurrent.atomic=ALL-UNNAMED -XX:MaxMetaspaceSize=256m -XX:+HeapDumpOnOutOfMemoryError -Xms256m -Xmx512m -Dfile.encoding=windows-1252 -Duser.country=US -Duser.language=en -Duser.variant org.gradle.launcher.daemon.bootstrap.GradleDaemon 8.0

Host: AMD Ryzen 3 3200U with Radeon Vega Mobile Gfx  , 4 cores, 3G,  Windows 11 , 64 bit Build 22621 (10.0.22621.2506)
Time: Tue Jan  2 12:11:47 2024 Central Standard Time elapsed time: 81.781464 seconds (0d 0h 1m 21s)

---------------  T H R E A D  ---------------

Current thread (0x000001c66c59d700):  JavaThread "C2 CompilerThread0" daemon [_thread_in_native, id=5704, stack(0x0000003f4a100000,0x0000003f4a200000)]


Current CompileTask:
C2:  81781 2299   !   4       java.lang.ClassLoader::loadClass (121 bytes)

Stack: [0x0000003f4a100000,0x0000003f4a200000]
Native frames: (J=compiled Java code, j=interpreted, Vv=VM code, C=native code)
V  [jvm.dll+0x678a4a]
V  [jvm.dll+0x7d9cfd]
V  [jvm.dll+0x7db60e]
V  [jvm.dll+0x7dbc73]
V  [jvm.dll+0x245e1f]
V  [jvm.dll+0xaaafb]
V  [jvm.dll+0xab09c]
V  [jvm.dll+0xaac14]
V  [jvm.dll+0x65744c]
V  [jvm.dll+0x580f3d]
V  [jvm.dll+0x220c52]
V  [jvm.dll+0x219850]
V  [jvm.dll+0x217459]
V  [jvm.dll+0x1a3bc0]
V  [jvm.dll+0x2272de]
V  [jvm.dll+0x22548b]
V  [jvm.dll+0x78f58c]
V  [jvm.dll+0x78998a]
V  [jvm.dll+0x677875]
C  [ucrtbase.dll+0x29363]
C  [KERNEL32.DLL+0x1257d]
C  [ntdll.dll+0x5aa58]


---------------  P R O C E S S  ---------------

Threads class SMR info:
_java_thread_list=0x000001c601d90870, length=25, elements={
0x000001c65252ce60, 0x000001c66c57da00, 0x000001c66c57e880, 0x000001c66c5977a0,
0x000001c66c5994d0, 0x000001c66c59bfa0, 0x000001c66c59c960, 0x000001c66c59d700,
0x000001c66c605c70, 0x000001c66c60da20, 0x000001c66c7e2e00, 0x000001c66c7e9520,
0x000001c600b6ce30, 0x000001c66c86dbc0, 0x000001c600b03b90, 0x000001c601cf0030,
0x000001c67f2eb8f0, 0x000001c60033bf30, 0x000001c60033ba20, 0x000001c60033c440,
0x000001c60033d880, 0x000001c60033c950, 0x000001c60033d370, 0x000001c60033aaf0,
0x000001c60033b510
}

Java Threads: ( => current thread )
  0x000001c65252ce60 JavaThread "main" [_thread_blocked, id=11480, stack(0x0000003f49400000,0x0000003f49500000)]
  0x000001c66c57da00 JavaThread "Reference Handler" daemon [_thread_blocked, id=8340, stack(0x0000003f49b00000,0x0000003f49c00000)]
  0x000001c66c57e880 JavaThread "Finalizer" daemon [_thread_blocked, id=1488, stack(0x0000003f49c00000,0x0000003f49d00000)]
  0x000001c66c5977a0 JavaThread "Signal Dispatcher" daemon [_thread_blocked, id=6392, stack(0x0000003f49d00000,0x0000003f49e00000)]
  0x000001c66c5994d0 JavaThread "Attach Listener" daemon [_thread_blocked, id=11508, stack(0x0000003f49e00000,0x0000003f49f00000)]
  0x000001c66c59bfa0 JavaThread "Service Thread" daemon [_thread_blocked, id=6320, stack(0x0000003f49f00000,0x0000003f4a000000)]
  0x000001c66c59c960 JavaThread "Monitor Deflation Thread" daemon [_thread_blocked, id=10096, stack(0x0000003f4a000000,0x0000003f4a100000)]
=>0x000001c66c59d700 JavaThread "C2 CompilerThread0" daemon [_thread_in_native, id=5704, stack(0x0000003f4a100000,0x0000003f4a200000)]
  0x000001c66c605c70 JavaThread "C1 CompilerThread0" daemon [_thread_in_native, id=6248, stack(0x0000003f4a200000,0x0000003f4a300000)]
  0x000001c66c60da20 JavaThread "Sweeper thread" daemon [_thread_blocked, id=10092, stack(0x0000003f4a300000,0x0000003f4a400000)]
  0x000001c66c7e2e00 JavaThread "Common-Cleaner" daemon [_thread_blocked, id=1464, stack(0x0000003f4a400000,0x0000003f4a500000)]
  0x000001c66c7e9520 JavaThread "Notification Thread" daemon [_thread_blocked, id=10696, stack(0x0000003f4a500000,0x0000003f4a600000)]
  0x000001c600b6ce30 JavaThread "Daemon health stats" [_thread_blocked, id=11188, stack(0x0000003f4aa00000,0x0000003f4ab00000)]
  0x000001c66c86dbc0 JavaThread "Incoming local TCP Connector on port 50521" [_thread_in_native, id=7696, stack(0x0000003f4ab00000,0x0000003f4ac00000)]
  0x000001c600b03b90 JavaThread "Daemon periodic checks" [_thread_blocked, id=10300, stack(0x0000003f4ac00000,0x0000003f4ad00000)]
  0x000001c601cf0030 JavaThread "Daemon" [_thread_blocked, id=7052, stack(0x0000003f4ad00000,0x0000003f4ae00000)]
  0x000001c67f2eb8f0 JavaThread "Handler for socket connection from /127.0.0.1:50521 to /127.0.0.1:50525" [_thread_in_native, id=11664, stack(0x0000003f4ae00000,0x0000003f4af00000)]
  0x000001c60033bf30 JavaThread "Cancel handler" [_thread_blocked, id=8760, stack(0x0000003f4af00000,0x0000003f4b000000)]
  0x000001c60033ba20 JavaThread "Daemon worker" [_thread_in_vm, id=8040, stack(0x0000003f4b000000,0x0000003f4b100000)]
  0x000001c60033c440 JavaThread "Asynchronous log dispatcher for DefaultDaemonConnection: socket connection from /127.0.0.1:50521 to /127.0.0.1:50525" [_thread_blocked, id=10364, stack(0x0000003f4b100000,0x0000003f4b200000)]
  0x000001c60033d880 JavaThread "Stdin handler" [_thread_blocked, id=8224, stack(0x0000003f4b200000,0x0000003f4b300000)]
  0x000001c60033c950 JavaThread "Daemon client event forwarder" [_thread_blocked, id=1088, stack(0x0000003f4b300000,0x0000003f4b400000)]
  0x000001c60033d370 JavaThread "Cache worker for journal cache (C:\Users\luken\.gradle\caches\journal-1)" [_thread_blocked, id=4444, stack(0x0000003f4b500000,0x0000003f4b600000)]
  0x000001c60033aaf0 JavaThread "File lock request listener" [_thread_in_native, id=12824, stack(0x0000003f4b700000,0x0000003f4b800000)]
  0x000001c60033b510 JavaThread "File lock release action executor" [_thread_blocked, id=12272, stack(0x0000003f4b800000,0x0000003f4b900000)]

Other Threads:
  0x000001c66c577650 VMThread "VM Thread" [stack: 0x0000003f49a00000,0x0000003f49b00000] [id=5636]
  0x000001c66c7eba10 WatcherThread [stack: 0x0000003f4a600000,0x0000003f4a700000] [id=11576]
  0x000001c65255a8d0 GCTaskThread "GC Thread#0" [stack: 0x0000003f49500000,0x0000003f49600000] [id=11336]
  0x000001c66ca449c0 GCTaskThread "GC Thread#1" [stack: 0x0000003f4a700000,0x0000003f4a800000] [id=12540]
  0x000001c66ca44c80 GCTaskThread "GC Thread#2" [stack: 0x0000003f4a800000,0x0000003f4a900000] [id=12544]
  0x000001c67f2cca90 GCTaskThread "GC Thread#3" [stack: 0x0000003f4a900000,0x0000003f4aa00000] [id=12548]
  0x000001c65255f820 ConcurrentGCThread "G1 Main Marker" [stack: 0x0000003f49600000,0x0000003f49700000] [id=11344]
  0x000001c652561240 ConcurrentGCThread "G1 Conc#0" [stack: 0x0000003f49700000,0x0000003f49800000] [id=11500]
  0x000001c66c4420c0 ConcurrentGCThread "G1 Refine#0" [stack: 0x0000003f49800000,0x0000003f49900000] [id=12192]
  0x000001c66c442af0 ConcurrentGCThread "G1 Service" [stack: 0x0000003f49900000,0x0000003f49a00000] [id=12216]

Threads with active compile tasks:
C2 CompilerThread0    81825 2299   !   4       java.lang.ClassLoader::loadClass (121 bytes)
C1 CompilerThread0    81825 2303       3       jdk.internal.org.objectweb.asm.ClassWriter::toByteArray (1515 bytes)

VM state: not at safepoint (normal execution)

VM Mutex/Monitor currently owned by a thread: None

Heap address: 0x00000000e0000000, size: 512 MB, Compressed Oops mode: 32-bit

CDS archive(s) mapped at: [0x000001c66d000000-0x000001c66dbd0000-0x000001c66dbd0000), size 12386304, SharedBaseAddress: 0x000001c66d000000, ArchiveRelocationMode: 1.
Compressed class space mapped at: 0x000001c66e000000-0x000001c67b000000, reserved size: 218103808
Narrow klass base: 0x000001c66d000000, Narrow klass shift: 0, Narrow klass range: 0x100000000

GC Precious Log:
 CPUs: 4 total, 4 available
 Memory: 3522M
 Large Page Support: Disabled
 NUMA Support: Disabled
 Compressed Oops: Enabled (32-bit)
 Heap Region Size: 1M
 Heap Min Capacity: 256M
 Heap Initial Capacity: 256M
 Heap Max Capacity: 512M
 Pre-touch: Disabled
 Parallel Workers: 4
 Concurrent Workers: 1
 Concurrent Refinement Workers: 4
 Periodic GC: Disabled

Heap:
 garbage-first heap   total 262144K, used 64089K [0x00000000e0000000, 0x0000000100000000)
  region size 1024K, 54 young (55296K), 3 survivors (3072K)
 Metaspace       used 14052K, committed 14336K, reserved 278528K
  class space    used 1978K, committed 2112K, reserved 212992K

Heap Regions: E=young(eden), S=young(survivor), O=old, HS=humongous(starts), HC=humongous(continues), CS=collection set, F=free, OA=open archive, CA=closed archive, TAMS=top-at-mark-start (previous, next)
|   0|0x00000000e0000000, 0x00000000e0100000, 0x00000000e0100000|100%| O|  |TAMS 0x00000000e0000000, 0x00000000e0000000| Untracked 
|   1|0x00000000e0100000, 0x00000000e0200000, 0x00000000e0200000|100%| O|  |TAMS 0x00000000e0100000, 0x00000000e0100000| Untracked 
|   2|0x00000000e0200000, 0x00000000e0300000, 0x00000000e0300000|100%|HS|  |TAMS 0x00000000e0200000, 0x00000000e0200000| Complete 
|   3|0x00000000e0300000, 0x00000000e0400000, 0x00000000e0400000|100%|HC|  |TAMS 0x00000000e0300000, 0x00000000e0300000| Complete 
|   4|0x00000000e0400000, 0x00000000e0500000, 0x00000000e0500000|100%|HC|  |TAMS 0x00000000e0400000, 0x00000000e0400000| Complete 
|   5|0x00000000e0500000, 0x00000000e0600000, 0x00000000e0600000|100%|HC|  |TAMS 0x00000000e0500000, 0x00000000e0500000| Complete 
|   6|0x00000000e0600000, 0x00000000e0700000, 0x00000000e0700000|100%| O|  |TAMS 0x00000000e0600000, 0x00000000e0600000| Untracked 
|   7|0x00000000e0700000, 0x00000000e0800000, 0x00000000e0800000|100%| O|  |TAMS 0x00000000e0700000, 0x00000000e0700000| Untracked 
|   8|0x00000000e0800000, 0x00000000e0800000, 0x00000000e0900000|  0%| F|  |TAMS 0x00000000e0800000, 0x00000000e0800000| Untracked 
|   9|0x00000000e0900000, 0x00000000e0a00000, 0x00000000e0a00000|100%| O|  |TAMS 0x00000000e0900000, 0x00000000e0900000| Untracked 
|  10|0x00000000e0a00000, 0x00000000e0b00000, 0x00000000e0b00000|100%| O|  |TAMS 0x00000000e0a00000, 0x00000000e0a00000| Untracked 
|  11|0x00000000e0b00000, 0x00000000e0b37600, 0x00000000e0c00000| 21%| O|  |TAMS 0x00000000e0b00000, 0x00000000e0b00000| Untracked 
|  12|0x00000000e0c00000, 0x00000000e0c00000, 0x00000000e0d00000|  0%| F|  |TAMS 0x00000000e0c00000, 0x00000000e0c00000| Untracked 
|  13|0x00000000e0d00000, 0x00000000e0d00000, 0x00000000e0e00000|  0%| F|  |TAMS 0x00000000e0d00000, 0x00000000e0d00000| Untracked 
|  14|0x00000000e0e00000, 0x00000000e0e00000, 0x00000000e0f00000|  0%| F|  |TAMS 0x00000000e0e00000, 0x00000000e0e00000| Untracked 
|  15|0x00000000e0f00000, 0x00000000e0f00000, 0x00000000e1000000|  0%| F|  |TAMS 0x00000000e0f00000, 0x00000000e0f00000| Untracked 
|  16|0x00000000e1000000, 0x00000000e1000000, 0x00000000e1100000|  0%| F|  |TAMS 0x00000000e1000000, 0x00000000e1000000| Untracked 
|  17|0x00000000e1100000, 0x00000000e1100000, 0x00000000e1200000|  0%| F|  |TAMS 0x00000000e1100000, 0x00000000e1100000| Untracked 
|  18|0x00000000e1200000, 0x00000000e1200000, 0x00000000e1300000|  0%| F|  |TAMS 0x00000000e1200000, 0x00000000e1200000| Untracked 
|  19|0x00000000e1300000, 0x00000000e1300000, 0x00000000e1400000|  0%| F|  |TAMS 0x00000000e1300000, 0x00000000e1300000| Untracked 
|  20|0x00000000e1400000, 0x00000000e1400000, 0x00000000e1500000|  0%| F|  |TAMS 0x00000000e1400000, 0x00000000e1400000| Untracked 
|  21|0x00000000e1500000, 0x00000000e1500000, 0x00000000e1600000|  0%| F|  |TAMS 0x00000000e1500000, 0x00000000e1500000| Untracked 
|  22|0x00000000e1600000, 0x00000000e1600000, 0x00000000e1700000|  0%| F|  |TAMS 0x00000000e1600000, 0x00000000e1600000| Untracked 
|  23|0x00000000e1700000, 0x00000000e1700000, 0x00000000e1800000|  0%| F|  |TAMS 0x00000000e1700000, 0x00000000e1700000| Untracked 
|  24|0x00000000e1800000, 0x00000000e1800000, 0x00000000e1900000|  0%| F|  |TAMS 0x00000000e1800000, 0x00000000e1800000| Untracked 
|  25|0x00000000e1900000, 0x00000000e1900000, 0x00000000e1a00000|  0%| F|  |TAMS 0x00000000e1900000, 0x00000000e1900000| Untracked 
|  26|0x00000000e1a00000, 0x00000000e1a00000, 0x00000000e1b00000|  0%| F|  |TAMS 0x00000000e1a00000, 0x00000000e1a00000| Untracked 
|  27|0x00000000e1b00000, 0x00000000e1b00000, 0x00000000e1c00000|  0%| F|  |TAMS 0x00000000e1b00000, 0x00000000e1b00000| Untracked 
|  28|0x00000000e1c00000, 0x00000000e1c00000, 0x00000000e1d00000|  0%| F|  |TAMS 0x00000000e1c00000, 0x00000000e1c00000| Untracked 
|  29|0x00000000e1d00000, 0x00000000e1d00000, 0x00000000e1e00000|  0%| F|  |TAMS 0x00000000e1d00000, 0x00000000e1d00000| Untracked 
|  30|0x00000000e1e00000, 0x00000000e1e00000, 0x00000000e1f00000|  0%| F|  |TAMS 0x00000000e1e00000, 0x00000000e1e00000| Untracked 
|  31|0x00000000e1f00000, 0x00000000e1f00000, 0x00000000e2000000|  0%| F|  |TAMS 0x00000000e1f00000, 0x00000000e1f00000| Untracked 
|  32|0x00000000e2000000, 0x00000000e2000000, 0x00000000e2100000|  0%| F|  |TAMS 0x00000000e2000000, 0x00000000e2000000| Untracked 
|  33|0x00000000e2100000, 0x00000000e2100000, 0x00000000e2200000|  0%| F|  |TAMS 0x00000000e2100000, 0x00000000e2100000| Untracked 
|  34|0x00000000e2200000, 0x00000000e2200000, 0x00000000e2300000|  0%| F|  |TAMS 0x00000000e2200000, 0x00000000e2200000| Untracked 
|  35|0x00000000e2300000, 0x00000000e2300000, 0x00000000e2400000|  0%| F|  |TAMS 0x00000000e2300000, 0x00000000e2300000| Untracked 
|  36|0x00000000e2400000, 0x00000000e2400000, 0x00000000e2500000|  0%| F|  |TAMS 0x00000000e2400000, 0x00000000e2400000| Untracked 
|  37|0x00000000e2500000, 0x00000000e2500000, 0x00000000e2600000|  0%| F|  |TAMS 0x00000000e2500000, 0x00000000e2500000| Untracked 
|  38|0x00000000e2600000, 0x00000000e2600000, 0x00000000e2700000|  0%| F|  |TAMS 0x00000000e2600000, 0x00000000e2600000| Untracked 
|  39|0x00000000e2700000, 0x00000000e2700000, 0x00000000e2800000|  0%| F|  |TAMS 0x00000000e2700000, 0x00000000e2700000| Untracked 
|  40|0x00000000e2800000, 0x00000000e2800000, 0x00000000e2900000|  0%| F|  |TAMS 0x00000000e2800000, 0x00000000e2800000| Untracked 
|  41|0x00000000e2900000, 0x00000000e2900000, 0x00000000e2a00000|  0%| F|  |TAMS 0x00000000e2900000, 0x00000000e2900000| Untracked 
|  42|0x00000000e2a00000, 0x00000000e2a00000, 0x00000000e2b00000|  0%| F|  |TAMS 0x00000000e2a00000, 0x00000000e2a00000| Untracked 
|  43|0x00000000e2b00000, 0x00000000e2b00000, 0x00000000e2c00000|  0%| F|  |TAMS 0x00000000e2b00000, 0x00000000e2b00000| Untracked 
|  44|0x00000000e2c00000, 0x00000000e2c00000, 0x00000000e2d00000|  0%| F|  |TAMS 0x00000000e2c00000, 0x00000000e2c00000| Untracked 
|  45|0x00000000e2d00000, 0x00000000e2d00000, 0x00000000e2e00000|  0%| F|  |TAMS 0x00000000e2d00000, 0x00000000e2d00000| Untracked 
|  46|0x00000000e2e00000, 0x00000000e2e00000, 0x00000000e2f00000|  0%| F|  |TAMS 0x00000000e2e00000, 0x00000000e2e00000| Untracked 
|  47|0x00000000e2f00000, 0x00000000e2f00000, 0x00000000e3000000|  0%| F|  |TAMS 0x00000000e2f00000, 0x00000000e2f00000| Untracked 
|  48|0x00000000e3000000, 0x00000000e3000000, 0x00000000e3100000|  0%| F|  |TAMS 0x00000000e3000000, 0x00000000e3000000| Untracked 
|  49|0x00000000e3100000, 0x00000000e3100000, 0x00000000e3200000|  0%| F|  |TAMS 0x00000000e3100000, 0x00000000e3100000| Untracked 
|  50|0x00000000e3200000, 0x00000000e3200000, 0x00000000e3300000|  0%| F|  |TAMS 0x00000000e3200000, 0x00000000e3200000| Untracked 
|  51|0x00000000e3300000, 0x00000000e3300000, 0x00000000e3400000|  0%| F|  |TAMS 0x00000000e3300000, 0x00000000e3300000| Untracked 
|  52|0x00000000e3400000, 0x00000000e3400000, 0x00000000e3500000|  0%| F|  |TAMS 0x00000000e3400000, 0x00000000e3400000| Untracked 
|  53|0x00000000e3500000, 0x00000000e3500000, 0x00000000e3600000|  0%| F|  |TAMS 0x00000000e3500000, 0x00000000e3500000| Untracked 
|  54|0x00000000e3600000, 0x00000000e3600000, 0x00000000e3700000|  0%| F|  |TAMS 0x00000000e3600000, 0x00000000e3600000| Untracked 
|  55|0x00000000e3700000, 0x00000000e3700000, 0x00000000e3800000|  0%| F|  |TAMS 0x00000000e3700000, 0x00000000e3700000| Untracked 
|  56|0x00000000e3800000, 0x00000000e3800000, 0x00000000e3900000|  0%| F|  |TAMS 0x00000000e3800000, 0x00000000e3800000| Untracked 
|  57|0x00000000e3900000, 0x00000000e3900000, 0x00000000e3a00000|  0%| F|  |TAMS 0x00000000e3900000, 0x00000000e3900000| Untracked 
|  58|0x00000000e3a00000, 0x00000000e3a00000, 0x00000000e3b00000|  0%| F|  |TAMS 0x00000000e3a00000, 0x00000000e3a00000| Untracked 
|  59|0x00000000e3b00000, 0x00000000e3b00000, 0x00000000e3c00000|  0%| F|  |TAMS 0x00000000e3b00000, 0x00000000e3b00000| Untracked 
|  60|0x00000000e3c00000, 0x00000000e3c00000, 0x00000000e3d00000|  0%| F|  |TAMS 0x00000000e3c00000, 0x00000000e3c00000| Untracked 
|  61|0x00000000e3d00000, 0x00000000e3d00000, 0x00000000e3e00000|  0%| F|  |TAMS 0x00000000e3d00000, 0x00000000e3d00000| Untracked 
|  62|0x00000000e3e00000, 0x00000000e3e00000, 0x00000000e3f00000|  0%| F|  |TAMS 0x00000000e3e00000, 0x00000000e3e00000| Untracked 
|  63|0x00000000e3f00000, 0x00000000e3f00000, 0x00000000e4000000|  0%| F|  |TAMS 0x00000000e3f00000, 0x00000000e3f00000| Untracked 
|  64|0x00000000e4000000, 0x00000000e4000000, 0x00000000e4100000|  0%| F|  |TAMS 0x00000000e4000000, 0x00000000e4000000| Untracked 
|  65|0x00000000e4100000, 0x00000000e4100000, 0x00000000e4200000|  0%| F|  |TAMS 0x00000000e4100000, 0x00000000e4100000| Untracked 
|  66|0x00000000e4200000, 0x00000000e4200000, 0x00000000e4300000|  0%| F|  |TAMS 0x00000000e4200000, 0x00000000e4200000| Untracked 
|  67|0x00000000e4300000, 0x00000000e4300000, 0x00000000e4400000|  0%| F|  |TAMS 0x00000000e4300000, 0x00000000e4300000| Untracked 
|  68|0x00000000e4400000, 0x00000000e4400000, 0x00000000e4500000|  0%| F|  |TAMS 0x00000000e4400000, 0x00000000e4400000| Untracked 
|  69|0x00000000e4500000, 0x00000000e4500000, 0x00000000e4600000|  0%| F|  |TAMS 0x00000000e4500000, 0x00000000e4500000| Untracked 
|  70|0x00000000e4600000, 0x00000000e4600000, 0x00000000e4700000|  0%| F|  |TAMS 0x00000000e4600000, 0x00000000e4600000| Untracked 
|  71|0x00000000e4700000, 0x00000000e4700000, 0x00000000e4800000|  0%| F|  |TAMS 0x00000000e4700000, 0x00000000e4700000| Untracked 
|  72|0x00000000e4800000, 0x00000000e4800000, 0x00000000e4900000|  0%| F|  |TAMS 0x00000000e4800000, 0x00000000e4800000| Untracked 
|  73|0x00000000e4900000, 0x00000000e4900000, 0x00000000e4a00000|  0%| F|  |TAMS 0x00000000e4900000, 0x00000000e4900000| Untracked 
|  74|0x00000000e4a00000, 0x00000000e4a00000, 0x00000000e4b00000|  0%| F|  |TAMS 0x00000000e4a00000, 0x00000000e4a00000| Untracked 
|  75|0x00000000e4b00000, 0x00000000e4b00000, 0x00000000e4c00000|  0%| F|  |TAMS 0x00000000e4b00000, 0x00000000e4b00000| Untracked 
|  76|0x00000000e4c00000, 0x00000000e4c00000, 0x00000000e4d00000|  0%| F|  |TAMS 0x00000000e4c00000, 0x00000000e4c00000| Untracked 
|  77|0x00000000e4d00000, 0x00000000e4d00000, 0x00000000e4e00000|  0%| F|  |TAMS 0x00000000e4d00000, 0x00000000e4d00000| Untracked 
|  78|0x00000000e4e00000, 0x00000000e4e00000, 0x00000000e4f00000|  0%| F|  |TAMS 0x00000000e4e00000, 0x00000000e4e00000| Untracked 
|  79|0x00000000e4f00000, 0x00000000e4f00000, 0x00000000e5000000|  0%| F|  |TAMS 0x00000000e4f00000, 0x00000000e4f00000| Untracked 
|  80|0x00000000e5000000, 0x00000000e5000000, 0x00000000e5100000|  0%| F|  |TAMS 0x00000000e5000000, 0x00000000e5000000| Untracked 
|  81|0x00000000e5100000, 0x00000000e5100000, 0x00000000e5200000|  0%| F|  |TAMS 0x00000000e5100000, 0x00000000e5100000| Untracked 
|  82|0x00000000e5200000, 0x00000000e5200000, 0x00000000e5300000|  0%| F|  |TAMS 0x00000000e5200000, 0x00000000e5200000| Untracked 
|  83|0x00000000e5300000, 0x00000000e5300000, 0x00000000e5400000|  0%| F|  |TAMS 0x00000000e5300000, 0x00000000e5300000| Untracked 
|  84|0x00000000e5400000, 0x00000000e5400000, 0x00000000e5500000|  0%| F|  |TAMS 0x00000000e5400000, 0x00000000e5400000| Untracked 
|  85|0x00000000e5500000, 0x00000000e5500000, 0x00000000e5600000|  0%| F|  |TAMS 0x00000000e5500000, 0x00000000e5500000| Untracked 
|  86|0x00000000e5600000, 0x00000000e5600000, 0x00000000e5700000|  0%| F|  |TAMS 0x00000000e5600000, 0x00000000e5600000| Untracked 
|  87|0x00000000e5700000, 0x00000000e5700000, 0x00000000e5800000|  0%| F|  |TAMS 0x00000000e5700000, 0x00000000e5700000| Untracked 
|  88|0x00000000e5800000, 0x00000000e5800000, 0x00000000e5900000|  0%| F|  |TAMS 0x00000000e5800000, 0x00000000e5800000| Untracked 
|  89|0x00000000e5900000, 0x00000000e5900000, 0x00000000e5a00000|  0%| F|  |TAMS 0x00000000e5900000, 0x00000000e5900000| Untracked 
|  90|0x00000000e5a00000, 0x00000000e5a00000, 0x00000000e5b00000|  0%| F|  |TAMS 0x00000000e5a00000, 0x00000000e5a00000| Untracked 
|  91|0x00000000e5b00000, 0x00000000e5b00000, 0x00000000e5c00000|  0%| F|  |TAMS 0x00000000e5b00000, 0x00000000e5b00000| Untracked 
|  92|0x00000000e5c00000, 0x00000000e5c00000, 0x00000000e5d00000|  0%| F|  |TAMS 0x00000000e5c00000, 0x00000000e5c00000| Untracked 
|  93|0x00000000e5d00000, 0x00000000e5d00000, 0x00000000e5e00000|  0%| F|  |TAMS 0x00000000e5d00000, 0x00000000e5d00000| Untracked 
|  94|0x00000000e5e00000, 0x00000000e5e00000, 0x00000000e5f00000|  0%| F|  |TAMS 0x00000000e5e00000, 0x00000000e5e00000| Untracked 
|  95|0x00000000e5f00000, 0x00000000e5f00000, 0x00000000e6000000|  0%| F|  |TAMS 0x00000000e5f00000, 0x00000000e5f00000| Untracked 
|  96|0x00000000e6000000, 0x00000000e6000000, 0x00000000e6100000|  0%| F|  |TAMS 0x00000000e6000000, 0x00000000e6000000| Untracked 
|  97|0x00000000e6100000, 0x00000000e6100000, 0x00000000e6200000|  0%| F|  |TAMS 0x00000000e6100000, 0x00000000e6100000| Untracked 
|  98|0x00000000e6200000, 0x00000000e6200000, 0x00000000e6300000|  0%| F|  |TAMS 0x00000000e6200000, 0x00000000e6200000| Untracked 
|  99|0x00000000e6300000, 0x00000000e6300000, 0x00000000e6400000|  0%| F|  |TAMS 0x00000000e6300000, 0x00000000e6300000| Untracked 
| 100|0x00000000e6400000, 0x00000000e6400000, 0x00000000e6500000|  0%| F|  |TAMS 0x00000000e6400000, 0x00000000e6400000| Untracked 
| 101|0x00000000e6500000, 0x00000000e6500000, 0x00000000e6600000|  0%| F|  |TAMS 0x00000000e6500000, 0x00000000e6500000| Untracked 
| 102|0x00000000e6600000, 0x00000000e6600000, 0x00000000e6700000|  0%| F|  |TAMS 0x00000000e6600000, 0x00000000e6600000| Untracked 
| 103|0x00000000e6700000, 0x00000000e6700000, 0x00000000e6800000|  0%| F|  |TAMS 0x00000000e6700000, 0x00000000e6700000| Untracked 
| 104|0x00000000e6800000, 0x00000000e6800000, 0x00000000e6900000|  0%| F|  |TAMS 0x00000000e6800000, 0x00000000e6800000| Untracked 
| 105|0x00000000e6900000, 0x00000000e6900000, 0x00000000e6a00000|  0%| F|  |TAMS 0x00000000e6900000, 0x00000000e6900000| Untracked 
| 106|0x00000000e6a00000, 0x00000000e6a00000, 0x00000000e6b00000|  0%| F|  |TAMS 0x00000000e6a00000, 0x00000000e6a00000| Untracked 
| 107|0x00000000e6b00000, 0x00000000e6b00000, 0x00000000e6c00000|  0%| F|  |TAMS 0x00000000e6b00000, 0x00000000e6b00000| Untracked 
| 108|0x00000000e6c00000, 0x00000000e6c00000, 0x00000000e6d00000|  0%| F|  |TAMS 0x00000000e6c00000, 0x00000000e6c00000| Untracked 
| 109|0x00000000e6d00000, 0x00000000e6d00000, 0x00000000e6e00000|  0%| F|  |TAMS 0x00000000e6d00000, 0x00000000e6d00000| Untracked 
| 110|0x00000000e6e00000, 0x00000000e6e00000, 0x00000000e6f00000|  0%| F|  |TAMS 0x00000000e6e00000, 0x00000000e6e00000| Untracked 
| 111|0x00000000e6f00000, 0x00000000e6f00000, 0x00000000e7000000|  0%| F|  |TAMS 0x00000000e6f00000, 0x00000000e6f00000| Untracked 
| 112|0x00000000e7000000, 0x00000000e7000000, 0x00000000e7100000|  0%| F|  |TAMS 0x00000000e7000000, 0x00000000e7000000| Untracked 
| 113|0x00000000e7100000, 0x00000000e7100000, 0x00000000e7200000|  0%| F|  |TAMS 0x00000000e7100000, 0x00000000e7100000| Untracked 
| 114|0x00000000e7200000, 0x00000000e7200000, 0x00000000e7300000|  0%| F|  |TAMS 0x00000000e7200000, 0x00000000e7200000| Untracked 
| 115|0x00000000e7300000, 0x00000000e7300000, 0x00000000e7400000|  0%| F|  |TAMS 0x00000000e7300000, 0x00000000e7300000| Untracked 
| 116|0x00000000e7400000, 0x00000000e7400000, 0x00000000e7500000|  0%| F|  |TAMS 0x00000000e7400000, 0x00000000e7400000| Untracked 
| 117|0x00000000e7500000, 0x00000000e7500000, 0x00000000e7600000|  0%| F|  |TAMS 0x00000000e7500000, 0x00000000e7500000| Untracked 
| 118|0x00000000e7600000, 0x00000000e7600000, 0x00000000e7700000|  0%| F|  |TAMS 0x00000000e7600000, 0x00000000e7600000| Untracked 
| 119|0x00000000e7700000, 0x00000000e7700000, 0x00000000e7800000|  0%| F|  |TAMS 0x00000000e7700000, 0x00000000e7700000| Untracked 
| 120|0x00000000e7800000, 0x00000000e7800000, 0x00000000e7900000|  0%| F|  |TAMS 0x00000000e7800000, 0x00000000e7800000| Untracked 
| 121|0x00000000e7900000, 0x00000000e7900000, 0x00000000e7a00000|  0%| F|  |TAMS 0x00000000e7900000, 0x00000000e7900000| Untracked 
| 122|0x00000000e7a00000, 0x00000000e7a00000, 0x00000000e7b00000|  0%| F|  |TAMS 0x00000000e7a00000, 0x00000000e7a00000| Untracked 
| 123|0x00000000e7b00000, 0x00000000e7b00000, 0x00000000e7c00000|  0%| F|  |TAMS 0x00000000e7b00000, 0x00000000e7b00000| Untracked 
| 124|0x00000000e7c00000, 0x00000000e7c00000, 0x00000000e7d00000|  0%| F|  |TAMS 0x00000000e7c00000, 0x00000000e7c00000| Untracked 
| 125|0x00000000e7d00000, 0x00000000e7d00000, 0x00000000e7e00000|  0%| F|  |TAMS 0x00000000e7d00000, 0x00000000e7d00000| Untracked 
| 126|0x00000000e7e00000, 0x00000000e7e00000, 0x00000000e7f00000|  0%| F|  |TAMS 0x00000000e7e00000, 0x00000000e7e00000| Untracked 
| 127|0x00000000e7f00000, 0x00000000e7f00000, 0x00000000e8000000|  0%| F|  |TAMS 0x00000000e7f00000, 0x00000000e7f00000| Untracked 
| 128|0x00000000e8000000, 0x00000000e8000000, 0x00000000e8100000|  0%| F|  |TAMS 0x00000000e8000000, 0x00000000e8000000| Untracked 
| 129|0x00000000e8100000, 0x00000000e8100000, 0x00000000e8200000|  0%| F|  |TAMS 0x00000000e8100000, 0x00000000e8100000| Untracked 
| 130|0x00000000e8200000, 0x00000000e8200000, 0x00000000e8300000|  0%| F|  |TAMS 0x00000000e8200000, 0x00000000e8200000| Untracked 
| 131|0x00000000e8300000, 0x00000000e8300000, 0x00000000e8400000|  0%| F|  |TAMS 0x00000000e8300000, 0x00000000e8300000| Untracked 
| 132|0x00000000e8400000, 0x00000000e8400000, 0x00000000e8500000|  0%| F|  |TAMS 0x00000000e8400000, 0x00000000e8400000| Untracked 
| 133|0x00000000e8500000, 0x00000000e8500000, 0x00000000e8600000|  0%| F|  |TAMS 0x00000000e8500000, 0x00000000e8500000| Untracked 
| 134|0x00000000e8600000, 0x00000000e8600000, 0x00000000e8700000|  0%| F|  |TAMS 0x00000000e8600000, 0x00000000e8600000| Untracked 
| 135|0x00000000e8700000, 0x00000000e8700000, 0x00000000e8800000|  0%| F|  |TAMS 0x00000000e8700000, 0x00000000e8700000| Untracked 
| 136|0x00000000e8800000, 0x00000000e8800000, 0x00000000e8900000|  0%| F|  |TAMS 0x00000000e8800000, 0x00000000e8800000| Untracked 
| 137|0x00000000e8900000, 0x00000000e8900000, 0x00000000e8a00000|  0%| F|  |TAMS 0x00000000e8900000, 0x00000000e8900000| Untracked 
| 138|0x00000000e8a00000, 0x00000000e8a00000, 0x00000000e8b00000|  0%| F|  |TAMS 0x00000000e8a00000, 0x00000000e8a00000| Untracked 
| 139|0x00000000e8b00000, 0x00000000e8b00000, 0x00000000e8c00000|  0%| F|  |TAMS 0x00000000e8b00000, 0x00000000e8b00000| Untracked 
| 140|0x00000000e8c00000, 0x00000000e8c00000, 0x00000000e8d00000|  0%| F|  |TAMS 0x00000000e8c00000, 0x00000000e8c00000| Untracked 
| 141|0x00000000e8d00000, 0x00000000e8d00000, 0x00000000e8e00000|  0%| F|  |TAMS 0x00000000e8d00000, 0x00000000e8d00000| Untracked 
| 142|0x00000000e8e00000, 0x00000000e8e00000, 0x00000000e8f00000|  0%| F|  |TAMS 0x00000000e8e00000, 0x00000000e8e00000| Untracked 
| 143|0x00000000e8f00000, 0x00000000e8f00000, 0x00000000e9000000|  0%| F|  |TAMS 0x00000000e8f00000, 0x00000000e8f00000| Untracked 
| 144|0x00000000e9000000, 0x00000000e9000000, 0x00000000e9100000|  0%| F|  |TAMS 0x00000000e9000000, 0x00000000e9000000| Untracked 
| 145|0x00000000e9100000, 0x00000000e9100000, 0x00000000e9200000|  0%| F|  |TAMS 0x00000000e9100000, 0x00000000e9100000| Untracked 
| 146|0x00000000e9200000, 0x00000000e9200000, 0x00000000e9300000|  0%| F|  |TAMS 0x00000000e9200000, 0x00000000e9200000| Untracked 
| 147|0x00000000e9300000, 0x00000000e9300000, 0x00000000e9400000|  0%| F|  |TAMS 0x00000000e9300000, 0x00000000e9300000| Untracked 
| 148|0x00000000e9400000, 0x00000000e9400000, 0x00000000e9500000|  0%| F|  |TAMS 0x00000000e9400000, 0x00000000e9400000| Untracked 
| 149|0x00000000e9500000, 0x00000000e9500000, 0x00000000e9600000|  0%| F|  |TAMS 0x00000000e9500000, 0x00000000e9500000| Untracked 
| 150|0x00000000e9600000, 0x00000000e9600000, 0x00000000e9700000|  0%| F|  |TAMS 0x00000000e9600000, 0x00000000e9600000| Untracked 
| 151|0x00000000e9700000, 0x00000000e9700000, 0x00000000e9800000|  0%| F|  |TAMS 0x00000000e9700000, 0x00000000e9700000| Untracked 
| 152|0x00000000e9800000, 0x00000000e9800000, 0x00000000e9900000|  0%| F|  |TAMS 0x00000000e9800000, 0x00000000e9800000| Untracked 
| 153|0x00000000e9900000, 0x00000000e9900000, 0x00000000e9a00000|  0%| F|  |TAMS 0x00000000e9900000, 0x00000000e9900000| Untracked 
| 154|0x00000000e9a00000, 0x00000000e9a00000, 0x00000000e9b00000|  0%| F|  |TAMS 0x00000000e9a00000, 0x00000000e9a00000| Untracked 
| 155|0x00000000e9b00000, 0x00000000e9b00000, 0x00000000e9c00000|  0%| F|  |TAMS 0x00000000e9b00000, 0x00000000e9b00000| Untracked 
| 156|0x00000000e9c00000, 0x00000000e9c00000, 0x00000000e9d00000|  0%| F|  |TAMS 0x00000000e9c00000, 0x00000000e9c00000| Untracked 
| 157|0x00000000e9d00000, 0x00000000e9d00000, 0x00000000e9e00000|  0%| F|  |TAMS 0x00000000e9d00000, 0x00000000e9d00000| Untracked 
| 158|0x00000000e9e00000, 0x00000000e9e00000, 0x00000000e9f00000|  0%| F|  |TAMS 0x00000000e9e00000, 0x00000000e9e00000| Untracked 
| 159|0x00000000e9f00000, 0x00000000e9f00000, 0x00000000ea000000|  0%| F|  |TAMS 0x00000000e9f00000, 0x00000000e9f00000| Untracked 
| 160|0x00000000ea000000, 0x00000000ea000000, 0x00000000ea100000|  0%| F|  |TAMS 0x00000000ea000000, 0x00000000ea000000| Untracked 
| 161|0x00000000ea100000, 0x00000000ea100000, 0x00000000ea200000|  0%| F|  |TAMS 0x00000000ea100000, 0x00000000ea100000| Untracked 
| 162|0x00000000ea200000, 0x00000000ea200000, 0x00000000ea300000|  0%| F|  |TAMS 0x00000000ea200000, 0x00000000ea200000| Untracked 
| 163|0x00000000ea300000, 0x00000000ea300000, 0x00000000ea400000|  0%| F|  |TAMS 0x00000000ea300000, 0x00000000ea300000| Untracked 
| 164|0x00000000ea400000, 0x00000000ea400000, 0x00000000ea500000|  0%| F|  |TAMS 0x00000000ea400000, 0x00000000ea400000| Untracked 
| 165|0x00000000ea500000, 0x00000000ea500000, 0x00000000ea600000|  0%| F|  |TAMS 0x00000000ea500000, 0x00000000ea500000| Untracked 
| 166|0x00000000ea600000, 0x00000000ea600000, 0x00000000ea700000|  0%| F|  |TAMS 0x00000000ea600000, 0x00000000ea600000| Untracked 
| 167|0x00000000ea700000, 0x00000000ea700000, 0x00000000ea800000|  0%| F|  |TAMS 0x00000000ea700000, 0x00000000ea700000| Untracked 
| 168|0x00000000ea800000, 0x00000000ea800000, 0x00000000ea900000|  0%| F|  |TAMS 0x00000000ea800000, 0x00000000ea800000| Untracked 
| 169|0x00000000ea900000, 0x00000000ea900000, 0x00000000eaa00000|  0%| F|  |TAMS 0x00000000ea900000, 0x00000000ea900000| Untracked 
| 170|0x00000000eaa00000, 0x00000000eaa00000, 0x00000000eab00000|  0%| F|  |TAMS 0x00000000eaa00000, 0x00000000eaa00000| Untracked 
| 171|0x00000000eab00000, 0x00000000eab00000, 0x00000000eac00000|  0%| F|  |TAMS 0x00000000eab00000, 0x00000000eab00000| Untracked 
| 172|0x00000000eac00000, 0x00000000eac00000, 0x00000000ead00000|  0%| F|  |TAMS 0x00000000eac00000, 0x00000000eac00000| Untracked 
| 173|0x00000000ead00000, 0x00000000ead00000, 0x00000000eae00000|  0%| F|  |TAMS 0x00000000ead00000, 0x00000000ead00000| Untracked 
| 174|0x00000000eae00000, 0x00000000eae00000, 0x00000000eaf00000|  0%| F|  |TAMS 0x00000000eae00000, 0x00000000eae00000| Untracked 
| 175|0x00000000eaf00000, 0x00000000eaf00000, 0x00000000eb000000|  0%| F|  |TAMS 0x00000000eaf00000, 0x00000000eaf00000| Untracked 
| 176|0x00000000eb000000, 0x00000000eb000000, 0x00000000eb100000|  0%| F|  |TAMS 0x00000000eb000000, 0x00000000eb000000| Untracked 
| 177|0x00000000eb100000, 0x00000000eb100000, 0x00000000eb200000|  0%| F|  |TAMS 0x00000000eb100000, 0x00000000eb100000| Untracked 
| 178|0x00000000eb200000, 0x00000000eb200000, 0x00000000eb300000|  0%| F|  |TAMS 0x00000000eb200000, 0x00000000eb200000| Untracked 
| 179|0x00000000eb300000, 0x00000000eb300000, 0x00000000eb400000|  0%| F|  |TAMS 0x00000000eb300000, 0x00000000eb300000| Untracked 
| 180|0x00000000eb400000, 0x00000000eb400000, 0x00000000eb500000|  0%| F|  |TAMS 0x00000000eb400000, 0x00000000eb400000| Untracked 
| 181|0x00000000eb500000, 0x00000000eb500000, 0x00000000eb600000|  0%| F|  |TAMS 0x00000000eb500000, 0x00000000eb500000| Untracked 
| 182|0x00000000eb600000, 0x00000000eb600000, 0x00000000eb700000|  0%| F|  |TAMS 0x00000000eb600000, 0x00000000eb600000| Untracked 
| 183|0x00000000eb700000, 0x00000000eb700000, 0x00000000eb800000|  0%| F|  |TAMS 0x00000000eb700000, 0x00000000eb700000| Untracked 
| 184|0x00000000eb800000, 0x00000000eb800000, 0x00000000eb900000|  0%| F|  |TAMS 0x00000000eb800000, 0x00000000eb800000| Untracked 
| 185|0x00000000eb900000, 0x00000000eb900000, 0x00000000eba00000|  0%| F|  |TAMS 0x00000000eb900000, 0x00000000eb900000| Untracked 
| 186|0x00000000eba00000, 0x00000000eba00000, 0x00000000ebb00000|  0%| F|  |TAMS 0x00000000eba00000, 0x00000000eba00000| Untracked 
| 187|0x00000000ebb00000, 0x00000000ebb00000, 0x00000000ebc00000|  0%| F|  |TAMS 0x00000000ebb00000, 0x00000000ebb00000| Untracked 
| 188|0x00000000ebc00000, 0x00000000ebc00000, 0x00000000ebd00000|  0%| F|  |TAMS 0x00000000ebc00000, 0x00000000ebc00000| Untracked 
| 189|0x00000000ebd00000, 0x00000000ebd00000, 0x00000000ebe00000|  0%| F|  |TAMS 0x00000000ebd00000, 0x00000000ebd00000| Untracked 
| 190|0x00000000ebe00000, 0x00000000ebe00000, 0x00000000ebf00000|  0%| F|  |TAMS 0x00000000ebe00000, 0x00000000ebe00000| Untracked 
| 191|0x00000000ebf00000, 0x00000000ebf00000, 0x00000000ec000000|  0%| F|  |TAMS 0x00000000ebf00000, 0x00000000ebf00000| Untracked 
| 192|0x00000000ec000000, 0x00000000ec000000, 0x00000000ec100000|  0%| F|  |TAMS 0x00000000ec000000, 0x00000000ec000000| Untracked 
| 193|0x00000000ec100000, 0x00000000ec100000, 0x00000000ec200000|  0%| F|  |TAMS 0x00000000ec100000, 0x00000000ec100000| Untracked 
| 194|0x00000000ec200000, 0x00000000ec200000, 0x00000000ec300000|  0%| F|  |TAMS 0x00000000ec200000, 0x00000000ec200000| Untracked 
| 195|0x00000000ec300000, 0x00000000ec300000, 0x00000000ec400000|  0%| F|  |TAMS 0x00000000ec300000, 0x00000000ec300000| Untracked 
| 196|0x00000000ec400000, 0x00000000ec400000, 0x00000000ec500000|  0%| F|  |TAMS 0x00000000ec400000, 0x00000000ec400000| Untracked 
| 197|0x00000000ec500000, 0x00000000ec500000, 0x00000000ec600000|  0%| F|  |TAMS 0x00000000ec500000, 0x00000000ec500000| Untracked 
| 198|0x00000000ec600000, 0x00000000ec600000, 0x00000000ec700000|  0%| F|  |TAMS 0x00000000ec600000, 0x00000000ec600000| Untracked 
| 199|0x00000000ec700000, 0x00000000ec700000, 0x00000000ec800000|  0%| F|  |TAMS 0x00000000ec700000, 0x00000000ec700000| Untracked 
| 200|0x00000000ec800000, 0x00000000ec800000, 0x00000000ec900000|  0%| F|  |TAMS 0x00000000ec800000, 0x00000000ec800000| Untracked 
| 201|0x00000000ec900000, 0x00000000ec900000, 0x00000000eca00000|  0%| F|  |TAMS 0x00000000ec900000, 0x00000000ec900000| Untracked 
| 202|0x00000000eca00000, 0x00000000ecb00000, 0x00000000ecb00000|100%| E|  |TAMS 0x00000000eca00000, 0x00000000eca00000| Complete 
| 203|0x00000000ecb00000, 0x00000000ecc00000, 0x00000000ecc00000|100%| E|CS|TAMS 0x00000000ecb00000, 0x00000000ecb00000| Complete 
| 204|0x00000000ecc00000, 0x00000000ecd00000, 0x00000000ecd00000|100%| E|CS|TAMS 0x00000000ecc00000, 0x00000000ecc00000| Complete 
| 205|0x00000000ecd00000, 0x00000000ece00000, 0x00000000ece00000|100%| E|CS|TAMS 0x00000000ecd00000, 0x00000000ecd00000| Complete 
| 206|0x00000000ece00000, 0x00000000ecf00000, 0x00000000ecf00000|100%| E|CS|TAMS 0x00000000ece00000, 0x00000000ece00000| Complete 
| 207|0x00000000ecf00000, 0x00000000ed000000, 0x00000000ed000000|100%| E|CS|TAMS 0x00000000ecf00000, 0x00000000ecf00000| Complete 
| 208|0x00000000ed000000, 0x00000000ed100000, 0x00000000ed100000|100%| E|CS|TAMS 0x00000000ed000000, 0x00000000ed000000| Complete 
| 209|0x00000000ed100000, 0x00000000ed200000, 0x00000000ed200000|100%| E|CS|TAMS 0x00000000ed100000, 0x00000000ed100000| Complete 
| 210|0x00000000ed200000, 0x00000000ed300000, 0x00000000ed300000|100%| E|CS|TAMS 0x00000000ed200000, 0x00000000ed200000| Complete 
| 211|0x00000000ed300000, 0x00000000ed400000, 0x00000000ed400000|100%| E|CS|TAMS 0x00000000ed300000, 0x00000000ed300000| Complete 
| 212|0x00000000ed400000, 0x00000000ed500000, 0x00000000ed500000|100%| E|CS|TAMS 0x00000000ed400000, 0x00000000ed400000| Complete 
| 213|0x00000000ed500000, 0x00000000ed600000, 0x00000000ed600000|100%| E|CS|TAMS 0x00000000ed500000, 0x00000000ed500000| Complete 
| 214|0x00000000ed600000, 0x00000000ed700000, 0x00000000ed700000|100%| E|CS|TAMS 0x00000000ed600000, 0x00000000ed600000| Complete 
| 215|0x00000000ed700000, 0x00000000ed800000, 0x00000000ed800000|100%| E|CS|TAMS 0x00000000ed700000, 0x00000000ed700000| Complete 
| 216|0x00000000ed800000, 0x00000000ed900000, 0x00000000ed900000|100%| E|CS|TAMS 0x00000000ed800000, 0x00000000ed800000| Complete 
| 217|0x00000000ed900000, 0x00000000eda00000, 0x00000000eda00000|100%| E|CS|TAMS 0x00000000ed900000, 0x00000000ed900000| Complete 
| 218|0x00000000eda00000, 0x00000000edb00000, 0x00000000edb00000|100%| E|CS|TAMS 0x00000000eda00000, 0x00000000eda00000| Complete 
| 219|0x00000000edb00000, 0x00000000edc00000, 0x00000000edc00000|100%| E|CS|TAMS 0x00000000edb00000, 0x00000000edb00000| Complete 
| 220|0x00000000edc00000, 0x00000000edd00000, 0x00000000edd00000|100%| E|CS|TAMS 0x00000000edc00000, 0x00000000edc00000| Complete 
| 221|0x00000000edd00000, 0x00000000ede00000, 0x00000000ede00000|100%| E|CS|TAMS 0x00000000edd00000, 0x00000000edd00000| Complete 
| 222|0x00000000ede00000, 0x00000000edf00000, 0x00000000edf00000|100%| E|CS|TAMS 0x00000000ede00000, 0x00000000ede00000| Complete 
| 223|0x00000000edf00000, 0x00000000ee000000, 0x00000000ee000000|100%| E|CS|TAMS 0x00000000edf00000, 0x00000000edf00000| Complete 
| 224|0x00000000ee000000, 0x00000000ee100000, 0x00000000ee100000|100%| E|CS|TAMS 0x00000000ee000000, 0x00000000ee000000| Complete 
| 225|0x00000000ee100000, 0x00000000ee200000, 0x00000000ee200000|100%| E|CS|TAMS 0x00000000ee100000, 0x00000000ee100000| Complete 
| 226|0x00000000ee200000, 0x00000000ee300000, 0x00000000ee300000|100%| E|CS|TAMS 0x00000000ee200000, 0x00000000ee200000| Complete 
| 227|0x00000000ee300000, 0x00000000ee400000, 0x00000000ee400000|100%| E|CS|TAMS 0x00000000ee300000, 0x00000000ee300000| Complete 
| 228|0x00000000ee400000, 0x00000000ee500000, 0x00000000ee500000|100%| E|CS|TAMS 0x00000000ee400000, 0x00000000ee400000| Complete 
| 229|0x00000000ee500000, 0x00000000ee55ef40, 0x00000000ee600000| 37%| S|CS|TAMS 0x00000000ee500000, 0x00000000ee500000| Complete 
| 230|0x00000000ee600000, 0x00000000ee700000, 0x00000000ee700000|100%| S|CS|TAMS 0x00000000ee600000, 0x00000000ee600000| Complete 
| 231|0x00000000ee700000, 0x00000000ee800000, 0x00000000ee800000|100%| S|CS|TAMS 0x00000000ee700000, 0x00000000ee700000| Complete 
| 232|0x00000000ee800000, 0x00000000ee900000, 0x00000000ee900000|100%| E|CS|TAMS 0x00000000ee800000, 0x00000000ee800000| Complete 
| 233|0x00000000ee900000, 0x00000000eea00000, 0x00000000eea00000|100%| E|CS|TAMS 0x00000000ee900000, 0x00000000ee900000| Complete 
| 234|0x00000000eea00000, 0x00000000eeb00000, 0x00000000eeb00000|100%| E|CS|TAMS 0x00000000eea00000, 0x00000000eea00000| Complete 
| 235|0x00000000eeb00000, 0x00000000eec00000, 0x00000000eec00000|100%| E|CS|TAMS 0x00000000eeb00000, 0x00000000eeb00000| Complete 
| 236|0x00000000eec00000, 0x00000000eed00000, 0x00000000eed00000|100%| E|CS|TAMS 0x00000000eec00000, 0x00000000eec00000| Complete 
| 237|0x00000000eed00000, 0x00000000eee00000, 0x00000000eee00000|100%| E|CS|TAMS 0x00000000eed00000, 0x00000000eed00000| Complete 
| 238|0x00000000eee00000, 0x00000000eef00000, 0x00000000eef00000|100%| E|CS|TAMS 0x00000000eee00000, 0x00000000eee00000| Complete 
| 239|0x00000000eef00000, 0x00000000ef000000, 0x00000000ef000000|100%| E|CS|TAMS 0x00000000eef00000, 0x00000000eef00000| Complete 
| 240|0x00000000ef000000, 0x00000000ef100000, 0x00000000ef100000|100%| E|CS|TAMS 0x00000000ef000000, 0x00000000ef000000| Complete 
| 241|0x00000000ef100000, 0x00000000ef200000, 0x00000000ef200000|100%| E|CS|TAMS 0x00000000ef100000, 0x00000000ef100000| Complete 
| 242|0x00000000ef200000, 0x00000000ef300000, 0x00000000ef300000|100%| E|CS|TAMS 0x00000000ef200000, 0x00000000ef200000| Complete 
| 243|0x00000000ef300000, 0x00000000ef400000, 0x00000000ef400000|100%| E|CS|TAMS 0x00000000ef300000, 0x00000000ef300000| Complete 
| 244|0x00000000ef400000, 0x00000000ef500000, 0x00000000ef500000|100%| E|CS|TAMS 0x00000000ef400000, 0x00000000ef400000| Complete 
| 245|0x00000000ef500000, 0x00000000ef600000, 0x00000000ef600000|100%| E|CS|TAMS 0x00000000ef500000, 0x00000000ef500000| Complete 
| 246|0x00000000ef600000, 0x00000000ef700000, 0x00000000ef700000|100%| E|CS|TAMS 0x00000000ef600000, 0x00000000ef600000| Complete 
| 247|0x00000000ef700000, 0x00000000ef800000, 0x00000000ef800000|100%| E|CS|TAMS 0x00000000ef700000, 0x00000000ef700000| Complete 
| 248|0x00000000ef800000, 0x00000000ef900000, 0x00000000ef900000|100%| E|CS|TAMS 0x00000000ef800000, 0x00000000ef800000| Complete 
| 249|0x00000000ef900000, 0x00000000efa00000, 0x00000000efa00000|100%| E|CS|TAMS 0x00000000ef900000, 0x00000000ef900000| Complete 
| 250|0x00000000efa00000, 0x00000000efb00000, 0x00000000efb00000|100%| E|CS|TAMS 0x00000000efa00000, 0x00000000efa00000| Complete 
| 251|0x00000000efb00000, 0x00000000efc00000, 0x00000000efc00000|100%| E|CS|TAMS 0x00000000efb00000, 0x00000000efb00000| Complete 
| 252|0x00000000efc00000, 0x00000000efd00000, 0x00000000efd00000|100%| E|CS|TAMS 0x00000000efc00000, 0x00000000efc00000| Complete 
| 253|0x00000000efd00000, 0x00000000efe00000, 0x00000000efe00000|100%| E|CS|TAMS 0x00000000efd00000, 0x00000000efd00000| Complete 
| 254|0x00000000efe00000, 0x00000000eff00000, 0x00000000eff00000|100%| E|CS|TAMS 0x00000000efe00000, 0x00000000efe00000| Complete 
| 255|0x00000000eff00000, 0x00000000f0000000, 0x00000000f0000000|100%| E|CS|TAMS 0x00000000eff00000, 0x00000000eff00000| Complete 

Card table byte_map: [0x000001c668dd0000,0x000001c668ed0000] _byte_map_base: 0x000001c6686d0000

Marking Bits (Prev, Next): (CMBitMap*) 0x000001c65255aef0, (CMBitMap*) 0x000001c65255af30
 Prev Bits: [0x000001c668fd0000, 0x000001c6697d0000)
 Next Bits: [0x000001c6697d0000, 0x000001c669fd0000)

Polling page: 0x000001c651d00000

Metaspace:

Usage:
  Non-class:     11.79 MB used.
      Class:      1.93 MB used.
       Both:     13.73 MB used.

Virtual space:
  Non-class space:       64.00 MB reserved,      11.94 MB ( 19%) committed,  1 nodes.
      Class space:      208.00 MB reserved,       2.06 MB ( <1%) committed,  1 nodes.
             Both:      272.00 MB reserved,      14.00 MB (  5%) committed. 

Chunk freelists:
   Non-Class:  3.98 MB
       Class:  13.92 MB
        Both:  17.91 MB

MaxMetaspaceSize: 256.00 MB
CompressedClassSpaceSize: 208.00 MB
Initial GC threshold: 21.00 MB
Current GC threshold: 21.00 MB
CDS: on
MetaspaceReclaimPolicy: balanced
 - commit_granule_bytes: 65536.
 - commit_granule_words: 8192.
 - virtual_space_node_default_size: 8388608.
 - enlarge_chunks_in_place: 1.
 - new_chunks_are_fully_committed: 0.
 - uncommit_free_chunks: 1.
 - use_allocation_guard: 0.
 - handle_deallocations: 1.


Internal statistics:

num_allocs_failed_limit: 0.
num_arena_births: 208.
num_arena_deaths: 0.
num_vsnodes_births: 2.
num_vsnodes_deaths: 0.
num_space_committed: 224.
num_space_uncommitted: 0.
num_chunks_returned_to_freelist: 0.
num_chunks_taken_from_freelist: 632.
num_chunk_merges: 0.
num_chunk_splits: 423.
num_chunks_enlarged: 312.
num_inconsistent_stats: 0.

CodeHeap 'non-profiled nmethods': size=120000Kb used=1139Kb max_used=1139Kb free=118860Kb
 bounds [0x000001c6618a0000, 0x000001c661b10000, 0x000001c668dd0000]
CodeHeap 'profiled nmethods': size=120000Kb used=4645Kb max_used=4645Kb free=115354Kb
 bounds [0x000001c659dd0000, 0x000001c65a260000, 0x000001c661300000]
CodeHeap 'non-nmethods': size=5760Kb used=1209Kb max_used=1247Kb free=4550Kb
 bounds [0x000001c661300000, 0x000001c661570000, 0x000001c6618a0000]
 total_blobs=2806 nmethods=2294 adapters=424
 compilation: enabled
              stopped_count=0, restarted_count=0
 full_count=0

Compilation events (20 events):
Event: 80.902 Thread 0x000001c66c605c70 nmethod 2289 0x000001c65a251510 code [0x000001c65a2516a0, 0x000001c65a2517e8]
Event: 80.902 Thread 0x000001c66c605c70 2290       3       java.lang.String::decodeASCII (64 bytes)
Event: 80.902 Thread 0x000001c66c605c70 nmethod 2290 0x000001c65a251890 code [0x000001c65a251a60, 0x000001c65a251db8]
Event: 80.932 Thread 0x000001c66c605c70 2291       3       java.util.concurrent.ConcurrentLinkedQueue::poll (84 bytes)
Event: 80.933 Thread 0x000001c66c605c70 nmethod 2291 0x000001c65a251f90 code [0x000001c65a2521e0, 0x000001c65a252de8]
Event: 80.933 Thread 0x000001c66c605c70 2292       3       java.util.concurrent.ConcurrentLinkedQueue::updateHead (26 bytes)
Event: 80.934 Thread 0x000001c66c605c70 nmethod 2292 0x000001c65a253110 code [0x000001c65a2532e0, 0x000001c65a2536b8]
Event: 81.007 Thread 0x000001c66c605c70 2293   !   3       java.util.concurrent.LinkedBlockingQueue::poll (128 bytes)
Event: 81.009 Thread 0x000001c66c605c70 nmethod 2293 0x000001c65a253810 code [0x000001c65a253c00, 0x000001c65a255978]
Event: 81.025 Thread 0x000001c66c605c70 2294       3       org.gradle.launcher.daemon.server.exec.DaemonConnectionBackedEventConsumer$ForwardEvents::moreMessagesToSend (35 bytes)
Event: 81.026 Thread 0x000001c66c605c70 nmethod 2294 0x000001c65a256610 code [0x000001c65a2567c0, 0x000001c65a256a88]
Event: 81.026 Thread 0x000001c66c605c70 2295   !   3       org.gradle.launcher.daemon.server.exec.DaemonConnectionBackedEventConsumer$ForwardEvents::getNextEvent (27 bytes)
Event: 81.026 Thread 0x000001c66c605c70 nmethod 2295 0x000001c65a256b90 code [0x000001c65a256d40, 0x000001c65a256fc8]
Event: 81.587 Thread 0x000001c66c605c70 2296       3       java.lang.invoke.VarHandleReferences$FieldInstanceReadWrite::compareAndSet (48 bytes)
Event: 81.588 Thread 0x000001c66c605c70 nmethod 2296 0x000001c65a257110 code [0x000001c65a257380, 0x000001c65a257e08]
Event: 81.588 Thread 0x000001c66c605c70 2297       3       java.util.stream.StreamOpFlag::combineOpFlags (9 bytes)
Event: 81.588 Thread 0x000001c66c605c70 nmethod 2297 0x000001c65a258210 code [0x000001c65a2583a0, 0x000001c65a258558]
Event: 81.589 Thread 0x000001c66c605c70 2298       3       java.util.stream.StreamOpFlag::getMask (30 bytes)
Event: 81.589 Thread 0x000001c66c605c70 nmethod 2298 0x000001c65a258610 code [0x000001c65a2587a0, 0x000001c65a258918]
Event: 81.628 Thread 0x000001c66c59d700 2299   !   4       java.lang.ClassLoader::loadClass (121 bytes)

GC Heap History (6 events):
Event: 16.605 GC heap before
{Heap before GC invocations=0 (full 0):
 garbage-first heap   total 262144K, used 13312K [0x00000000e0000000, 0x0000000100000000)
  region size 1024K, 13 young (13312K), 0 survivors (0K)
 Metaspace       used 964K, committed 1088K, reserved 278528K
  class space    used 74K, committed 128K, reserved 212992K
}
Event: 17.340 GC heap after
{Heap after GC invocations=1 (full 0):
 garbage-first heap   total 262144K, used 3747K [0x00000000e0000000, 0x0000000100000000)
  region size 1024K, 2 young (2048K), 2 survivors (2048K)
 Metaspace       used 964K, committed 1088K, reserved 278528K
  class space    used 74K, committed 128K, reserved 212992K
}
Event: 31.437 GC heap before
{Heap before GC invocations=1 (full 0):
 garbage-first heap   total 262144K, used 22179K [0x00000000e0000000, 0x0000000100000000)
  region size 1024K, 17 young (17408K), 2 survivors (2048K)
 Metaspace       used 3814K, committed 3968K, reserved 278528K
  class space    used 474K, committed 576K, reserved 212992K
}
Event: 31.465 GC heap after
{Heap after GC invocations=2 (full 0):
 garbage-first heap   total 262144K, used 10484K [0x00000000e0000000, 0x0000000100000000)
  region size 1024K, 3 young (3072K), 3 survivors (3072K)
 Metaspace       used 3814K, committed 3968K, reserved 278528K
  class space    used 474K, committed 576K, reserved 212992K
}
Event: 43.163 GC heap before
{Heap before GC invocations=2 (full 0):
 garbage-first heap   total 262144K, used 31988K [0x00000000e0000000, 0x0000000100000000)
  region size 1024K, 24 young (24576K), 3 survivors (3072K)
 Metaspace       used 3934K, committed 4096K, reserved 278528K
  class space    used 475K, committed 576K, reserved 212992K
}
Event: 43.170 GC heap after
{Heap after GC invocations=3 (full 0):
 garbage-first heap   total 262144K, used 12889K [0x00000000e0000000, 0x0000000100000000)
  region size 1024K, 3 young (3072K), 3 survivors (3072K)
 Metaspace       used 3934K, committed 4096K, reserved 278528K
  class space    used 475K, committed 576K, reserved 212992K
}

Deoptimization events (20 events):
Event: 80.104 Thread 0x000001c60033ba20 Uncommon trap: trap_request=0xffffff45 fr.pc=0x000001c6618b6864 relative=0x0000000000000404
Event: 80.104 Thread 0x000001c60033ba20 Uncommon trap: reason=unstable_if action=reinterpret pc=0x000001c6618b6864 method=java.util.regex.Matcher.match(II)Z @ 76 c2
Event: 80.104 Thread 0x000001c60033ba20 DEOPT PACKING pc=0x000001c6618b6864 sp=0x0000003f4b0fab50
Event: 80.104 Thread 0x000001c60033ba20 DEOPT UNPACKING pc=0x000001c6613523a3 sp=0x0000003f4b0fab20 mode 2
Event: 80.105 Thread 0x000001c60033ba20 Uncommon trap: trap_request=0xffffff45 fr.pc=0x000001c6618b6038 relative=0x0000000000000198
Event: 80.105 Thread 0x000001c60033ba20 Uncommon trap: reason=unstable_if action=reinterpret pc=0x000001c6618b6038 method=java.util.regex.Matcher.reset()Ljava/util/regex/Matcher; @ 47 c2
Event: 80.105 Thread 0x000001c60033ba20 DEOPT PACKING pc=0x000001c6618b6038 sp=0x0000003f4b0faa20
Event: 80.105 Thread 0x000001c60033ba20 DEOPT UNPACKING pc=0x000001c6613523a3 sp=0x0000003f4b0fa9b0 mode 2
Event: 80.240 Thread 0x000001c60033ba20 Uncommon trap: trap_request=0xffffff45 fr.pc=0x000001c66192c13c relative=0x000000000000071c
Event: 80.240 Thread 0x000001c60033ba20 Uncommon trap: reason=unstable_if action=reinterpret pc=0x000001c66192c13c method=java.util.ArrayList.grow(I)[Ljava/lang/Object; @ 17 c2
Event: 80.240 Thread 0x000001c60033ba20 DEOPT PACKING pc=0x000001c66192c13c sp=0x0000003f4b0fcbe0
Event: 80.240 Thread 0x000001c60033ba20 DEOPT UNPACKING pc=0x000001c6613523a3 sp=0x0000003f4b0fca78 mode 2
Event: 80.420 Thread 0x000001c60033ba20 Uncommon trap: trap_request=0xffffff45 fr.pc=0x000001c6618ba010 relative=0x0000000000000a90
Event: 80.420 Thread 0x000001c60033ba20 Uncommon trap: reason=unstable_if action=reinterpret pc=0x000001c6618ba010 method=java.io.WinNTFileSystem.resolve(Ljava/lang/String;Ljava/lang/String;)Ljava/lang/String; @ 19 c2
Event: 80.420 Thread 0x000001c60033ba20 DEOPT PACKING pc=0x000001c6618ba010 sp=0x0000003f4b0fcaf0
Event: 80.420 Thread 0x000001c60033ba20 DEOPT UNPACKING pc=0x000001c6613523a3 sp=0x0000003f4b0fca98 mode 2
Event: 80.423 Thread 0x000001c60033ba20 Uncommon trap: trap_request=0xffffff45 fr.pc=0x000001c661908140 relative=0x00000000000005a0
Event: 80.423 Thread 0x000001c60033ba20 Uncommon trap: reason=unstable_if action=reinterpret pc=0x000001c661908140 method=java.io.File.getName()Ljava/lang/String; @ 16 c2
Event: 80.423 Thread 0x000001c60033ba20 DEOPT PACKING pc=0x000001c661908140 sp=0x0000003f4b0fca90
Event: 80.423 Thread 0x000001c60033ba20 DEOPT UNPACKING pc=0x000001c6613523a3 sp=0x0000003f4b0fca60 mode 2

Classes unloaded (0 events):
No events

Classes redefined (0 events):
No events

Internal exceptions (20 events):
Event: 51.970 Thread 0x000001c65252ce60 Exception <a 'java/io/IOException'{0x00000000eeac1808}> (0x00000000eeac1808) 
thrown [s\open\src\hotspot\share\prims\jni.cpp, line 516]
Event: 69.843 Thread 0x000001c67f2eb8f0 Exception <a 'java/lang/NoSuchMethodError'{0x00000000ee35a970}: static Lorg/gradle/tooling/internal/provider/serialization/ClassLoaderDetails;.<clinit>()V> (0x00000000ee35a970) 
thrown [s\open\src\hotspot\share\prims\jni.cpp, line 1107]
Event: 69.874 Thread 0x000001c67f2eb8f0 Exception <a 'java/lang/NoSuchMethodError'{0x00000000ee3714d0}: static Lorg/gradle/internal/classloader/ClassLoaderSpec;.<clinit>()V> (0x00000000ee3714d0) 
thrown [s\open\src\hotspot\share\prims\jni.cpp, line 1107]
Event: 69.878 Thread 0x000001c67f2eb8f0 Exception <a 'java/lang/NoSuchMethodError'{0x00000000ee37a628}: static Lorg/gradle/tooling/internal/provider/serialization/WellKnownClassLoaderRegistry$KnownClassLoaderSpec;.<clinit>()V> (0x00000000ee37a628) 
thrown [s\open\src\hotspot\share\prims\jni.cpp, line 1107]
Event: 69.991 Thread 0x000001c67f2eb8f0 Exception <a 'java/lang/NoSuchMethodError'{0x00000000ee38f2f0}: static Lorg/gradle/tooling/internal/provider/serialization/ClientOwnedClassLoaderSpec;.<clinit>()V> (0x00000000ee38f2f0) 
thrown [s\open\src\hotspot\share\prims\jni.cpp, line 1107]
Event: 72.435 Thread 0x000001c60033ba20 Exception <a 'java/lang/NoSuchMethodError'{0x00000000edf46420}: 'long java.lang.invoke.DirectMethodHandle$Holder.invokeInterface(java.lang.Object, java.lang.Object)'> (0x00000000edf46420) 
thrown [s\open\src\hotspot\share\interpreter\linkResolver.cpp, line 759]
Event: 72.573 Thread 0x000001c60033ba20 Exception <a 'java/lang/NoSuchMethodError'{0x00000000edf7e258}: 'java.lang.Object java.lang.invoke.DirectMethodHandle$Holder.invokeVirtual(java.lang.Object, java.lang.Object, java.lang.Object)'> (0x00000000edf7e258) 
thrown [s\open\src\hotspot\share\interpreter\linkResolver.cpp, line 759]
Event: 74.535 Thread 0x000001c60033ba20 Exception <a 'java/lang/NoSuchMethodError'{0x00000000edbcf620}: 'java.lang.Object java.lang.invoke.DirectMethodHandle$Holder.newInvokeSpecial(java.lang.Object, java.lang.Object, java.lang.Object, java.lang.Object, java.lang.Object)'> (0x00000000edbcf620) 
thrown [s\open\src\hotspot\share\interpreter\linkResolver.cpp, line 759]
Event: 75.231 Thread 0x000001c60033ba20 Exception <a 'java/lang/NoSuchMethodError'{0x00000000ed9746c8}: 'void java.lang.invoke.DirectMethodHandle$Holder.invokeSpecial(java.lang.Object, java.lang.Object, java.lang.Object)'> (0x00000000ed9746c8) 
thrown [s\open\src\hotspot\share\interpreter\linkResolver.cpp, line 759]
Event: 75.462 Thread 0x000001c60033ba20 Exception <a 'java/lang/NoSuchMethodError'{0x00000000ed9f5de8}: 'java.lang.Object java.lang.invoke.DirectMethodHandle$Holder.newInvokeSpecial(java.lang.Object, java.lang.Object, java.lang.Object, java.lang.Object, java.lang.Object, java.lang.Object)'> (0x00000000ed9f5de8) 
thrown [s\open\src\hotspot\share\interpreter\linkResolver.cpp, line 759]
Event: 75.465 Thread 0x000001c60033ba20 Exception <a 'java/lang/NoSuchMethodError'{0x00000000ed8034f8}: 'void java.lang.invoke.DirectMethodHandle$Holder.invokeSpecial(java.lang.Object, java.lang.Object, java.lang.Object, java.lang.Object, java.lang.Object)'> (0x00000000ed8034f8) 
thrown [s\open\src\hotspot\share\interpreter\linkResolver.cpp, line 759]
Event: 76.413 Thread 0x000001c60033ba20 Exception <a 'java/lang/NoSuchMethodError'{0x00000000ed68dca8}: 'void java.lang.invoke.DelegatingMethodHandle$Holder.reinvoke_L(java.lang.Object, java.lang.Object, java.lang.Object, java.lang.Object, java.lang.Object, java.lang.Object, java.lang.Object, java.lang.Object, java.lang.Object, java.lang.Object, java.lang.Object)'> (0x00000000ed68dca8) 
thrown [s\open\src\hotspot\share\interpreter\linkResolver.cpp, line 759]
Event: 76.414 Thread 0x000001c60033ba20 Exception <a 'java/lang/NoSuchMethodError'{0x00000000ed6967a8}: 'java.lang.Object java.lang.invoke.DirectMethodHandle$Holder.invokeSpecial(java.lang.Object, java.lang.Object, java.lang.Object, java.lang.Object, java.lang.Object, java.lang.Object, java.lang.Object, java.lang.Object, java.lang.Object, java.lang.Object, java.lang.Object)'> (0x00000000ed6967a8) 
thrown [s\open\src\hotspot\share\interpreter\linkResolver.cpp, line 759]
Event: 76.415 Thread 0x000001c60033ba20 Exception <a 'java/lang/NoSuchMethodError'{0x00000000ed69b270}: 'java.lang.Object java.lang.invoke.Invokers$Holder.invoker(java.lang.Object, java.lang.Object, java.lang.Object, java.lang.Object, java.lang.Object, java.lang.Object, java.lang.Object, java.lang.Object, java.lang.Object, java.lang.Object, java.lang.Object)'> (0x00000000ed69b270) 
thrown [s\open\src\hotspot\share\interpreter\linkResolver.cpp, line 759]
Event: 76.419 Thread 0x000001c60033ba20 Exception <a 'java/lang/NoSuchMethodError'{0x00000000ed6a1068}: 'java.lang.Object java.lang.invoke.DirectMethodHandle$Holder.invokeSpecial(java.lang.Object, java.lang.Object, java.lang.Object, java.lang.Object, java.lang.Object, java.lang.Object, java.lang.Object, java.lang.Object, java.lang.Object, java.lang.Object, java.lang.Object, java.lang.Object)'> (0x00000000ed6a1068) 
thrown [s\open\src\hotspot\share\interpreter\linkResolver.cpp, line 759]
Event: 78.041 Thread 0x000001c60033ba20 Exception <a 'java/lang/NoSuchMethodError'{0x00000000ed5ade18}: 'java.lang.Object java.lang.invoke.DirectMethodHandle$Holder.invokeSpecial(java.lang.Object, java.lang.Object, java.lang.Object, java.lang.Object, java.lang.Object, java.lang.Object, java.lang.Object, java.lang.Object, java.lang.Object)'> (0x00000000ed5ade18) 
thrown [s\open\src\hotspot\share\interpreter\linkResolver.cpp, line 759]
Event: 79.532 Thread 0x000001c60033ba20 Exception <a 'java/lang/NoSuchMethodError'{0x00000000ed2deb78}: 'void java.lang.invoke.DirectMethodHandle$Holder.invokeStaticInit(java.lang.Object)'> (0x00000000ed2deb78) 
thrown [s\open\src\hotspot\share\interpreter\linkResolver.cpp, line 759]
Event: 79.900 Thread 0x000001c60033ba20 Exception <a 'java/lang/NoSuchMethodError'{0x00000000ed171d08}: 'java.lang.Object java.lang.invoke.DirectMethodHandle$Holder.newInvokeSpecial(java.lang.Object, java.lang.Object, java.lang.Object, int)'> (0x00000000ed171d08) 
thrown [s\open\src\hotspot\share\interpreter\linkResolver.cpp, line 759]
Event: 79.900 Thread 0x000001c60033ba20 Exception <a 'java/lang/NoSuchMethodError'{0x00000000ed176638}: 'java.lang.Object java.lang.invoke.DirectMethodHandle$Holder.invokeSpecial(java.lang.Object, java.lang.Object, java.lang.Object, java.lang.Object, int)'> (0x00000000ed176638) 
thrown [s\open\src\hotspot\share\interpreter\linkResolver.cpp, line 759]
Event: 79.901 Thread 0x000001c60033ba20 Exception <a 'java/lang/NoSuchMethodError'{0x00000000ed17a750}: 'java.lang.Object java.lang.invoke.Invokers$Holder.linkToTargetMethod(java.lang.Object, java.lang.Object, int, java.lang.Object)'> (0x00000000ed17a750) 
thrown [s\open\src\hotspot\share\interpreter\linkResolver.cpp, line 759]

VM Operations (20 events):
Event: 74.276 Executing VM operation: Cleanup
Event: 74.276 Executing VM operation: Cleanup done
Event: 75.291 Executing VM operation: Cleanup
Event: 75.292 Executing VM operation: Cleanup done
Event: 76.294 Executing VM operation: Cleanup
Event: 76.390 Executing VM operation: Cleanup done
Event: 77.405 Executing VM operation: Cleanup
Event: 78.080 Executing VM operation: Cleanup done
Event: 79.081 Executing VM operation: Cleanup
Event: 79.274 Executing VM operation: Cleanup done
Event: 80.274 Executing VM operation: Cleanup
Event: 80.340 Executing VM operation: Cleanup done
Event: 80.664 Executing VM operation: HandshakeAllThreads
Event: 80.664 Executing VM operation: HandshakeAllThreads done
Event: 80.664 Executing VM operation: HandshakeAllThreads
Event: 80.665 Executing VM operation: HandshakeAllThreads done
Event: 81.121 Executing VM operation: HandshakeAllThreads
Event: 81.121 Executing VM operation: HandshakeAllThreads done
Event: 81.121 Executing VM operation: HandshakeAllThreads
Event: 81.122 Executing VM operation: HandshakeAllThreads done

Events (20 events):
Event: 79.907 loading class sun/misc/Unsafe
Event: 79.907 loading class sun/misc/Unsafe done
Event: 79.922 Thread 0x000001c60033aaf0 Thread added: 0x000001c60033aaf0
Event: 80.078 loading class sun/nio/ch/DatagramSocketAdaptor$DatagramPackets
Event: 80.078 loading class sun/nio/ch/DatagramSocketAdaptor$DatagramPackets done
Event: 80.146 Thread 0x000001c60033b510 Thread added: 0x000001c60033b510
Event: 80.421 loading class java/io/File$TempDirectory
Event: 80.421 loading class java/io/File$TempDirectory done
Event: 80.642 loading class java/io/PrintWriter
Event: 80.650 loading class java/io/PrintWriter done
Event: 80.653 loading class sun/nio/cs/UTF_8$Encoder
Event: 80.653 loading class sun/nio/cs/UTF_8$Encoder done
Event: 80.865 loading class java/io/UncheckedIOException
Event: 80.865 loading class java/io/UncheckedIOException done
Event: 80.918 loading class java/nio/file/FileVisitor
Event: 80.918 loading class java/nio/file/FileVisitor done
Event: 80.919 loading class java/io/FilenameFilter
Event: 80.919 loading class java/io/FilenameFilter done
Event: 80.920 loading class java/util/zip/CheckedInputStream
Event: 80.920 loading class java/util/zip/CheckedInputStream done


Dynamic libraries:
0x00007ff71eb50000 - 0x00007ff71eb60000 	C:\Program Files\Java\jdk-17\bin\java.exe
0x00007ffc08110000 - 0x00007ffc08327000 	C:\WINDOWS\SYSTEM32\ntdll.dll
0x00007ffc074c0000 - 0x00007ffc07584000 	C:\WINDOWS\System32\KERNEL32.DLL
0x00007ffc05480000 - 0x00007ffc05826000 	C:\WINDOWS\System32\KERNELBASE.dll
0x00007ffc05a10000 - 0x00007ffc05b21000 	C:\WINDOWS\System32\ucrtbase.dll
0x00007ffbed3c0000 - 0x00007ffbed3db000 	C:\Program Files\Java\jdk-17\bin\VCRUNTIME140.dll
0x00007ffbed630000 - 0x00007ffbed649000 	C:\Program Files\Java\jdk-17\bin\jli.dll
0x00007ffc06090000 - 0x00007ffc06141000 	C:\WINDOWS\System32\ADVAPI32.dll
0x00007ffc06150000 - 0x00007ffc061f7000 	C:\WINDOWS\System32\msvcrt.dll
0x00007ffc06c90000 - 0x00007ffc06d35000 	C:\WINDOWS\System32\sechost.dll
0x00007ffc07a90000 - 0x00007ffc07ba7000 	C:\WINDOWS\System32\RPCRT4.dll
0x00007ffc05e60000 - 0x00007ffc0600e000 	C:\WINDOWS\System32\USER32.dll
0x00007ffc05b30000 - 0x00007ffc05b56000 	C:\WINDOWS\System32\win32u.dll
0x00007ffc06b10000 - 0x00007ffc06b39000 	C:\WINDOWS\System32\GDI32.dll
0x00007ffc05b60000 - 0x00007ffc05c78000 	C:\WINDOWS\System32\gdi32full.dll
0x00007ffc058f0000 - 0x00007ffc0598a000 	C:\WINDOWS\System32\msvcp_win.dll
0x00007ffbf3e50000 - 0x00007ffbf40e3000 	C:\WINDOWS\WinSxS\amd64_microsoft.windows.common-controls_6595b64144ccf1df_6.0.22621.2506_none_270c5ae97388e100\COMCTL32.dll
0x00007ffbfdf20000 - 0x00007ffbfdf2a000 	C:\WINDOWS\SYSTEM32\VERSION.dll
0x00007ffc06e30000 - 0x00007ffc06e61000 	C:\WINDOWS\System32\IMM32.DLL
0x00007ffbf7450000 - 0x00007ffbf745c000 	C:\Program Files\Java\jdk-17\bin\vcruntime140_1.dll
0x00007ffbd24f0000 - 0x00007ffbd257e000 	C:\Program Files\Java\jdk-17\bin\msvcp140.dll
0x00007ffb6af30000 - 0x00007ffb6bb11000 	C:\Program Files\Java\jdk-17\bin\server\jvm.dll
0x00007ffc06e20000 - 0x00007ffc06e28000 	C:\WINDOWS\System32\PSAPI.DLL
0x00007ffbf4610000 - 0x00007ffbf4619000 	C:\WINDOWS\SYSTEM32\WSOCK32.dll
0x00007ffc06010000 - 0x00007ffc06081000 	C:\WINDOWS\System32\WS2_32.dll
0x00007ffbfdf50000 - 0x00007ffbfdf84000 	C:\WINDOWS\SYSTEM32\WINMM.dll
0x00007ffc04480000 - 0x00007ffc04498000 	C:\WINDOWS\SYSTEM32\kernel.appcore.dll
0x00007ffbf7330000 - 0x00007ffbf733a000 	C:\Program Files\Java\jdk-17\bin\jimage.dll
0x00007ffbf0d70000 - 0x00007ffbf0fa3000 	C:\WINDOWS\SYSTEM32\DBGHELP.DLL
0x00007ffc07590000 - 0x00007ffc07919000 	C:\WINDOWS\System32\combase.dll
0x00007ffc06d40000 - 0x00007ffc06e17000 	C:\WINDOWS\System32\OLEAUT32.dll
0x00007ffbf0d30000 - 0x00007ffbf0d62000 	C:\WINDOWS\SYSTEM32\dbgcore.DLL
0x00007ffc05990000 - 0x00007ffc05a0a000 	C:\WINDOWS\System32\bcryptPrimitives.dll
0x00007ffbe4de0000 - 0x00007ffbe4e05000 	C:\Program Files\Java\jdk-17\bin\java.dll
0x00007ffbcfc20000 - 0x00007ffbcfcf7000 	C:\Program Files\Java\jdk-17\bin\jsvml.dll
0x00007ffc06200000 - 0x00007ffc06a5a000 	C:\WINDOWS\System32\SHELL32.dll
0x00007ffc033a0000 - 0x00007ffc03c96000 	C:\WINDOWS\SYSTEM32\windows.storage.dll
0x00007ffc03260000 - 0x00007ffc0339e000 	C:\WINDOWS\SYSTEM32\wintypes.dll
0x00007ffc07990000 - 0x00007ffc07a83000 	C:\WINDOWS\System32\SHCORE.dll
0x00007ffc07460000 - 0x00007ffc074be000 	C:\WINDOWS\System32\shlwapi.dll
0x00007ffc053b0000 - 0x00007ffc053d6000 	C:\WINDOWS\SYSTEM32\profapi.dll
0x00007ffbfcc50000 - 0x00007ffbfcc69000 	C:\Program Files\Java\jdk-17\bin\net.dll
0x00007ffbfe180000 - 0x00007ffbfe2b7000 	C:\WINDOWS\SYSTEM32\WINHTTP.dll
0x00007ffc04900000 - 0x00007ffc04969000 	C:\WINDOWS\system32\mswsock.dll
0x00007ffbed680000 - 0x00007ffbed696000 	C:\Program Files\Java\jdk-17\bin\nio.dll
0x00007ffbea730000 - 0x00007ffbea748000 	C:\Program Files\Java\jdk-17\bin\zip.dll
0x00007ffbfcbd0000 - 0x00007ffbfcbe0000 	C:\Program Files\Java\jdk-17\bin\verify.dll
0x00007ffbe7f60000 - 0x00007ffbe7f87000 	C:\Users\luken\.gradle\native\68d5fa5c4cc2d200863cafc0d521ce42e7d3e7ee720ec0a83991735586a16f82\windows-amd64\native-platform.dll
0x00007ffbf1510000 - 0x00007ffbf1654000 	C:\Users\luken\.gradle\native\e376f236ea51e6404a007f0833ffe2c6e607c4080706a723a18a27aeea778392\windows-amd64\native-platform-file-events.dll
0x00007ffc02770000 - 0x00007ffc0277a000 	C:\Program Files\Java\jdk-17\bin\management.dll
0x00007ffbf7460000 - 0x00007ffbf746b000 	C:\Program Files\Java\jdk-17\bin\management_ext.dll
0x00007ffc04b50000 - 0x00007ffc04b6b000 	C:\WINDOWS\SYSTEM32\CRYPTSP.dll
0x00007ffc043e0000 - 0x00007ffc04415000 	C:\WINDOWS\system32\rsaenh.dll
0x00007ffc049f0000 - 0x00007ffc04a1c000 	C:\WINDOWS\SYSTEM32\USERENV.dll
0x00007ffc04d40000 - 0x00007ffc04d68000 	C:\WINDOWS\SYSTEM32\bcrypt.dll
0x00007ffc04b70000 - 0x00007ffc04b7c000 	C:\WINDOWS\SYSTEM32\CRYPTBASE.dll
0x00007ffc03f40000 - 0x00007ffc03f6d000 	C:\WINDOWS\SYSTEM32\IPHLPAPI.DLL
0x00007ffc07180000 - 0x00007ffc07189000 	C:\WINDOWS\System32\NSI.dll
0x00007ffbfea20000 - 0x00007ffbfea39000 	C:\WINDOWS\SYSTEM32\dhcpcsvc6.DLL
0x00007ffbfdf30000 - 0x00007ffbfdf4f000 	C:\WINDOWS\SYSTEM32\dhcpcsvc.DLL
0x00007ffc03fc0000 - 0x00007ffc040b9000 	C:\WINDOWS\SYSTEM32\DNSAPI.dll
0x00007ffbf72c0000 - 0x00007ffbf72ce000 	C:\Program Files\Java\jdk-17\bin\sunmscapi.dll
0x00007ffc05c80000 - 0x00007ffc05de6000 	C:\WINDOWS\System32\CRYPT32.dll
0x00007ffc04d10000 - 0x00007ffc04d3d000 	C:\WINDOWS\SYSTEM32\ncrypt.dll
0x00007ffc04cd0000 - 0x00007ffc04d07000 	C:\WINDOWS\SYSTEM32\NTASN1.dll
0x00007ffbf16f0000 - 0x00007ffbf16f8000 	C:\WINDOWS\system32\wshunix.dll

dbghelp: loaded successfully - version: 4.0.5 - missing functions: none
symbol engine: initialized successfully - sym options: 0x614 - pdb path: .;C:\Program Files\Java\jdk-17\bin;C:\WINDOWS\SYSTEM32;C:\WINDOWS\WinSxS\amd64_microsoft.windows.common-controls_6595b64144ccf1df_6.0.22621.2506_none_270c5ae97388e100;C:\Program Files\Java\jdk-17\bin\server;C:\Users\luken\.gradle\native\68d5fa5c4cc2d200863cafc0d521ce42e7d3e7ee720ec0a83991735586a16f82\windows-amd64;C:\Users\luken\.gradle\native\e376f236ea51e6404a007f0833ffe2c6e607c4080706a723a18a27aeea778392\windows-amd64

VM Arguments:
jvm_args: --add-opens=java.base/java.util=ALL-UNNAMED --add-opens=java.base/java.lang=ALL-UNNAMED --add-opens=java.base/java.lang.invoke=ALL-UNNAMED --add-opens=java.prefs/java.util.prefs=ALL-UNNAMED --add-opens=java.base/java.nio.charset=ALL-UNNAMED --add-opens=java.base/java.net=ALL-UNNAMED --add-opens=java.base/java.util.concurrent.atomic=ALL-UNNAMED -XX:MaxMetaspaceSize=256m -XX:+HeapDumpOnOutOfMemoryError -Xms256m -Xmx512m -Dfile.encoding=windows-1252 -Duser.country=US -Duser.language=en -Duser.variant 
java_command: org.gradle.launcher.daemon.bootstrap.GradleDaemon 8.0
java_class_path (initial): C:\Users\luken\.gradle\wrapper\dists\gradle-8.0-bin\ca5e32bp14vu59qr306oxotwh\gradle-8.0\lib\gradle-launcher-8.0.jar
Launcher Type: SUN_STANDARD

[Global flags]
     intx CICompilerCount                          = 3                                         {product} {ergonomic}
   size_t CompressedClassSpaceSize                 = 218103808                                 {product} {ergonomic}
     uint ConcGCThreads                            = 1                                         {product} {ergonomic}
     uint G1ConcRefinementThreads                  = 4                                         {product} {ergonomic}
   size_t G1HeapRegionSize                         = 1048576                                   {product} {ergonomic}
    uintx GCDrainStackTargetSize                   = 64                                        {product} {ergonomic}
     bool HeapDumpOnOutOfMemoryError               = true                                   {manageable} {command line}
   size_t InitialHeapSize                          = 268435456                                 {product} {command line}
   size_t MarkStackSize                            = 4194304                                   {product} {ergonomic}
   size_t MaxHeapSize                              = 536870912                                 {product} {command line}
   size_t MaxMetaspaceSize                         = 268435456                                 {product} {command line}
   size_t MaxNewSize                               = 321912832                                 {product} {ergonomic}
   size_t MinHeapDeltaBytes                        = 1048576                                   {product} {ergonomic}
   size_t MinHeapSize                              = 268435456                                 {product} {command line}
    uintx NonNMethodCodeHeapSize                   = 5832780                                {pd product} {ergonomic}
    uintx NonProfiledCodeHeapSize                  = 122912730                              {pd product} {ergonomic}
    uintx ProfiledCodeHeapSize                     = 122912730                              {pd product} {ergonomic}
    uintx ReservedCodeCacheSize                    = 251658240                              {pd product} {ergonomic}
     bool SegmentedCodeCache                       = true                                      {product} {ergonomic}
   size_t SoftMaxHeapSize                          = 536870912                              {manageable} {ergonomic}
     bool UseCompressedClassPointers               = true                           {product lp64_product} {ergonomic}
     bool UseCompressedOops                        = true                           {product lp64_product} {ergonomic}
     bool UseG1GC                                  = true                                      {product} {ergonomic}
     bool UseLargePagesIndividualAllocation        = false                                  {pd product} {ergonomic}

Logging:
Log output configuration:
 #0: stdout all=warning uptime,level,tags
 #1: stderr all=off uptime,level,tags

Environment Variables:
PATH=C:\Program Files\Common Files\Oracle\Java\javapath;C:\WINDOWS\system32;C:\WINDOWS;C:\WINDOWS\System32\Wbem;C:\WINDOWS\System32\WindowsPowerShell\v1.0\;C:\WINDOWS\System32\OpenSSH\;C:\Program Files\Git\cmd;C:\Program Files\nodejs\;C:\Users\luken\AppData\Local\Microsoft\WindowsApps;;C:\Users\luken\AppData\Local\Programs\Microsoft VS Code\bin;C:\Users\luken\AppData\Roaming\npm
USERNAME=luken
OS=Windows_NT
PROCESSOR_IDENTIFIER=AMD64 Family 23 Model 24 Stepping 1, AuthenticAMD



---------------  S Y S T E M  ---------------

OS:
 Windows 11 , 64 bit Build 22621 (10.0.22621.2506)
OS uptime: 0 days 0:27 hours

CPU: total 4 (initial active 4) (4 cores per cpu, 2 threads per core) family 23 model 24 stepping 1 microcode 0x0, cx8, cmov, fxsr, ht, mmx, 3dnowpref, sse, sse2, sse3, ssse3, sse4a, sse4.1, sse4.2, popcnt, lzcnt, tsc, tscinvbit, avx, avx2, aes, clmul, bmi1, bmi2, adx, sha, fma, vzeroupper, clflush, clflushopt

Memory: 4k page, system-wide physical 3522M (125M free)
TotalPageFile size 14274M (AvailPageFile size 1M)
current process WorkingSet (physical memory assigned to process): 93M, peak: 102M
current process commit charge ("private bytes"): 383M, peak: 389M

vm_info: Java HotSpot(TM) 64-Bit Server VM (17.0.9+11-LTS-201) for windows-amd64 JRE (17.0.9+11-LTS-201), built on Oct 10 2023 23:16:06 by "mach5one" with MS VC++ 17.1 (VS2022)

END.
