#
# There is insufficient memory for the Java Runtime Environment to continue.
# Native memory allocation (malloc) failed to allocate 32744 bytes for ChunkPool::allocate
# Possible reasons:
#   The system is out of physical RAM or swap space
#   The process is running with CompressedOops enabled, and the Java Heap may be blocking the growth of the native heap
# Possible solutions:
#   Reduce memory load on the system
#   Increase physical memory or swap space
#   Check if swap backing store is full
#   Decrease Java heap size (-Xmx/-Xms)
#   Decrease number of Java threads
#   Decrease Java thread stack sizes (-Xss)
#   Set larger code cache with -XX:ReservedCodeCacheSize=
#   JVM is running with Unscaled Compressed Oops mode in which the Java heap is
#     placed in the first 4GB address space. The Java Heap base address is the
#     maximum limit for the native heap growth. Please use -XX:HeapBaseMinAddress
#     to set the Java Heap base and to place the Java Heap above 4GB virtual address.
# This output file may be truncated or incomplete.
#
#  Out of Memory Error (arena.cpp:78), pid=9720, tid=8012
#
# JRE version: Java(TM) SE Runtime Environment (17.0.9+11) (build 17.0.9+11-LTS-201)
# Java VM: Java HotSpot(TM) 64-Bit Server VM (17.0.9+11-LTS-201, mixed mode, sharing, tiered, compressed oops, compressed class ptrs, g1 gc, windows-amd64)
# No core dump will be written. Minidumps are not enabled by default on client versions of Windows
#

---------------  S U M M A R Y ------------

Command Line: --add-opens=java.base/java.util=ALL-UNNAMED --add-opens=java.base/java.lang=ALL-UNNAMED --add-opens=java.base/java.lang.invoke=ALL-UNNAMED --add-opens=java.prefs/java.util.prefs=ALL-UNNAMED --add-opens=java.base/java.nio.charset=ALL-UNNAMED --add-opens=java.base/java.net=ALL-UNNAMED --add-opens=java.base/java.util.concurrent.atomic=ALL-UNNAMED -XX:MaxMetaspaceSize=256m -XX:+HeapDumpOnOutOfMemoryError -Xms256m -Xmx512m -Dfile.encoding=windows-1252 -Duser.country=US -Duser.language=en -Duser.variant org.gradle.launcher.daemon.bootstrap.GradleDaemon 8.0

Host: AMD Ryzen 3 3200U with Radeon Vega Mobile Gfx  , 4 cores, 3G,  Windows 11 , 64 bit Build 22621 (10.0.22621.2506)
Time: Tue Jan  2 12:11:46 2024 Central Standard Time elapsed time: 146.748787 seconds (0d 0h 2m 26s)

---------------  T H R E A D  ---------------

Current thread (0x00000246b89dcf10):  JavaThread "C2 CompilerThread0" daemon [_thread_in_native, id=8012, stack(0x000000a47f400000,0x000000a47f500000)]


Current CompileTask:
C2: 146748 2853   !   4       java.net.URL::<init> (543 bytes)

Stack: [0x000000a47f400000,0x000000a47f500000]
Native frames: (J=compiled Java code, j=interpreted, Vv=VM code, C=native code)
V  [jvm.dll+0x678a4a]
V  [jvm.dll+0x7d9cfd]
V  [jvm.dll+0x7db60e]
V  [jvm.dll+0x7dbc73]
V  [jvm.dll+0x245e1f]
V  [jvm.dll+0xaad50]
V  [jvm.dll+0xab09c]
V  [jvm.dll+0x6584ca]
V  [jvm.dll+0x78ef8]
V  [jvm.dll+0x61c5ee]
V  [jvm.dll+0x68b4be]
V  [jvm.dll+0x690b94]
V  [jvm.dll+0x689016]
V  [jvm.dll+0x688660]
V  [jvm.dll+0x68656a]
V  [jvm.dll+0x1a6ddc]
V  [jvm.dll+0x1a796b]
V  [jvm.dll+0x2aaa1c]
V  [jvm.dll+0x691043]
V  [jvm.dll+0x689016]
V  [jvm.dll+0x688660]
V  [jvm.dll+0x68656a]
V  [jvm.dll+0x1a6ddc]
V  [jvm.dll+0x1a796b]
V  [jvm.dll+0x1a796b]
V  [jvm.dll+0x2aaa1c]
V  [jvm.dll+0x691043]
V  [jvm.dll+0x689016]
V  [jvm.dll+0x688660]
V  [jvm.dll+0x68656a]
V  [jvm.dll+0x1a6ddc]
V  [jvm.dll+0x2aaa1c]
V  [jvm.dll+0x691043]
V  [jvm.dll+0x689016]
V  [jvm.dll+0x688660]
V  [jvm.dll+0x68656a]
V  [jvm.dll+0x1a6ddc]
V  [jvm.dll+0x2aaa1c]
V  [jvm.dll+0x691043]
V  [jvm.dll+0x689016]
V  [jvm.dll+0x688660]
V  [jvm.dll+0x68656a]
V  [jvm.dll+0x1a6ddc]
V  [jvm.dll+0x1a796b]
V  [jvm.dll+0x2aaa1c]
V  [jvm.dll+0x691043]
V  [jvm.dll+0x689016]
V  [jvm.dll+0x688660]
V  [jvm.dll+0x68656a]
V  [jvm.dll+0x1a6ddc]
V  [jvm.dll+0x1a796b]
V  [jvm.dll+0x1a796b]
V  [jvm.dll+0x2aaa1c]
V  [jvm.dll+0x691043]
V  [jvm.dll+0x689016]
V  [jvm.dll+0x688660]
V  [jvm.dll+0x68656a]
V  [jvm.dll+0x1a6ddc]
V  [jvm.dll+0x217118]
V  [jvm.dll+0x1a3bc0]
V  [jvm.dll+0x2272de]
V  [jvm.dll+0x22548b]
V  [jvm.dll+0x78f58c]
V  [jvm.dll+0x78998a]
V  [jvm.dll+0x677875]
C  [ucrtbase.dll+0x29363]
C  [KERNEL32.DLL+0x1257d]
C  [ntdll.dll+0x5aa58]


---------------  P R O C E S S  ---------------

Threads class SMR info:
_java_thread_list=0x00000246cd717df0, length=28, elements={
0x000002469e96ae50, 0x00000246b89bb350, 0x00000246b89bc1d0, 0x00000246b89d6fb0,
0x00000246b89d8ce0, 0x00000246b89db7b0, 0x00000246b89dc170, 0x00000246b89dcf10,
0x00000246b89dd9c0, 0x00000246b8a4e840, 0x00000246b8c15d00, 0x00000246b8c18410,
0x00000246cbb46280, 0x00000246b8a30780, 0x00000246b8d018d0, 0x00000246b8bc1c50,
0x00000246b8bc2130, 0x00000246b8d00bc0, 0x00000246cb4e1b00, 0x00000246cb4e3960,
0x00000246cb4e10e0, 0x00000246cb4e2f40, 0x00000246cb4e01b0, 0x00000246cb4e2a30,
0x00000246cb4e06c0, 0x00000246cb4e0bd0, 0x00000246cb4e15f0, 0x00000246cb4e2010
}

Java Threads: ( => current thread )
  0x000002469e96ae50 JavaThread "main" [_thread_blocked, id=10912, stack(0x000000a47e700000,0x000000a47e800000)]
  0x00000246b89bb350 JavaThread "Reference Handler" daemon [_thread_blocked, id=6096, stack(0x000000a47ee00000,0x000000a47ef00000)]
  0x00000246b89bc1d0 JavaThread "Finalizer" daemon [_thread_blocked, id=10676, stack(0x000000a47ef00000,0x000000a47f000000)]
  0x00000246b89d6fb0 JavaThread "Signal Dispatcher" daemon [_thread_blocked, id=10376, stack(0x000000a47f000000,0x000000a47f100000)]
  0x00000246b89d8ce0 JavaThread "Attach Listener" daemon [_thread_blocked, id=9240, stack(0x000000a47f100000,0x000000a47f200000)]
  0x00000246b89db7b0 JavaThread "Service Thread" daemon [_thread_blocked, id=11084, stack(0x000000a47f200000,0x000000a47f300000)]
  0x00000246b89dc170 JavaThread "Monitor Deflation Thread" daemon [_thread_blocked, id=10608, stack(0x000000a47f300000,0x000000a47f400000)]
=>0x00000246b89dcf10 JavaThread "C2 CompilerThread0" daemon [_thread_in_native, id=8012, stack(0x000000a47f400000,0x000000a47f500000)]
  0x00000246b89dd9c0 JavaThread "C1 CompilerThread0" daemon [_thread_blocked, id=9544, stack(0x000000a47f500000,0x000000a47f600000)]
  0x00000246b8a4e840 JavaThread "Sweeper thread" daemon [_thread_blocked, id=5172, stack(0x000000a47f600000,0x000000a47f700000)]
  0x00000246b8c15d00 JavaThread "Common-Cleaner" daemon [_thread_blocked, id=5352, stack(0x000000a47f700000,0x000000a47f800000)]
  0x00000246b8c18410 JavaThread "Notification Thread" daemon [_thread_blocked, id=5140, stack(0x000000a47f800000,0x000000a47f900000)]
  0x00000246cbb46280 JavaThread "Daemon health stats" [_thread_blocked, id=9104, stack(0x000000a47fd00000,0x000000a47fe00000)]
  0x00000246b8a30780 JavaThread "Incoming local TCP Connector on port 50413" [_thread_in_native, id=3124, stack(0x000000a47fe00000,0x000000a47ff00000)]
  0x00000246b8d018d0 JavaThread "Daemon periodic checks" [_thread_blocked, id=2480, stack(0x000000a47ff00000,0x000000a480000000)]
  0x00000246b8bc1c50 JavaThread "Daemon" [_thread_blocked, id=2064, stack(0x000000a400000000,0x000000a400100000)]
  0x00000246b8bc2130 JavaThread "Handler for socket connection from /127.0.0.1:50413 to /127.0.0.1:50416" [_thread_in_native, id=6436, stack(0x000000a400100000,0x000000a400200000)]
  0x00000246b8d00bc0 JavaThread "Cancel handler" [_thread_blocked, id=11340, stack(0x000000a400400000,0x000000a400500000)]
  0x00000246cb4e1b00 JavaThread "Daemon worker" [_thread_blocked, id=11656, stack(0x000000a400500000,0x000000a400600000)]
  0x00000246cb4e3960 JavaThread "Asynchronous log dispatcher for DefaultDaemonConnection: socket connection from /127.0.0.1:50413 to /127.0.0.1:50416" [_thread_blocked, id=10824, stack(0x000000a400600000,0x000000a400700000)]
  0x00000246cb4e10e0 JavaThread "Stdin handler" [_thread_blocked, id=5532, stack(0x000000a400700000,0x000000a400800000)]
  0x00000246cb4e2f40 JavaThread "Daemon client event forwarder" [_thread_blocked, id=12148, stack(0x000000a400800000,0x000000a400900000)]
  0x00000246cb4e01b0 JavaThread "Cache worker for journal cache (C:\Users\luken\.gradle\caches\journal-1)" [_thread_blocked, id=12436, stack(0x000000a400900000,0x000000a400a00000)]
  0x00000246cb4e2a30 JavaThread "File lock request listener" [_thread_in_native, id=12440, stack(0x000000a400a00000,0x000000a400b00000)]
  0x00000246cb4e06c0 JavaThread "File lock release action executor" [_thread_blocked, id=12480, stack(0x000000a400b00000,0x000000a400c00000)]
  0x00000246cb4e0bd0 JavaThread "Cache worker for file hash cache (C:\Users\luken\.gradle\caches\8.0\fileHashes)" [_thread_in_vm, id=12684, stack(0x000000a400c00000,0x000000a400d00000)]
  0x00000246cb4e15f0 JavaThread "File watcher server" daemon [_thread_in_native, id=13272, stack(0x000000a400d00000,0x000000a400e00000)]
  0x00000246cb4e2010 JavaThread "File watcher consumer" daemon [_thread_blocked, id=13276, stack(0x000000a400e00000,0x000000a400f00000)]

Other Threads:
  0x00000246b89b3f90 VMThread "VM Thread" [stack: 0x000000a47ed00000,0x000000a47ee00000] [id=5628]
  0x00000246b8c1ed20 WatcherThread [stack: 0x000000a47f900000,0x000000a47fa00000] [id=1540]
  0x000002469e9991d0 GCTaskThread "GC Thread#0" [stack: 0x000000a47e800000,0x000000a47e900000] [id=9776]
  0x00000246cb3b8910 GCTaskThread "GC Thread#1" [stack: 0x000000a47fa00000,0x000000a47fb00000] [id=6956]
  0x00000246cb3b8bd0 GCTaskThread "GC Thread#2" [stack: 0x000000a47fb00000,0x000000a47fc00000] [id=7824]
  0x00000246b8d18100 GCTaskThread "GC Thread#3" [stack: 0x000000a47fc00000,0x000000a47fd00000] [id=9156]
  0x000002469e99e120 ConcurrentGCThread "G1 Main Marker" [stack: 0x000000a47e900000,0x000000a47ea00000] [id=5360]
  0x000002469e99fb40 ConcurrentGCThread "G1 Conc#0" [stack: 0x000000a47ea00000,0x000000a47eb00000] [id=8444]
  0x00000246b88824c0 ConcurrentGCThread "G1 Refine#0" [stack: 0x000000a47eb00000,0x000000a47ec00000] [id=4676]
  0x00000246b8882ef0 ConcurrentGCThread "G1 Service" [stack: 0x000000a47ec00000,0x000000a47ed00000] [id=8280]

Threads with active compile tasks:
C2 CompilerThread0   146855 2853   !   4       java.net.URL::<init> (543 bytes)

VM state: not at safepoint (normal execution)

VM Mutex/Monitor currently owned by a thread: None

Heap address: 0x00000000e0000000, size: 512 MB, Compressed Oops mode: 32-bit

CDS archive(s) mapped at: [0x00000246b9000000-0x00000246b9bd0000-0x00000246b9bd0000), size 12386304, SharedBaseAddress: 0x00000246b9000000, ArchiveRelocationMode: 1.
Compressed class space mapped at: 0x00000246ba000000-0x00000246c7000000, reserved size: 218103808
Narrow klass base: 0x00000246b9000000, Narrow klass shift: 0, Narrow klass range: 0x100000000

GC Precious Log:
 CPUs: 4 total, 4 available
 Memory: 3522M
 Large Page Support: Disabled
 NUMA Support: Disabled
 Compressed Oops: Enabled (32-bit)
 Heap Region Size: 1M
 Heap Min Capacity: 256M
 Heap Initial Capacity: 256M
 Heap Max Capacity: 512M
 Pre-touch: Disabled
 Parallel Workers: 4
 Concurrent Workers: 1
 Concurrent Refinement Workers: 4
 Periodic GC: Disabled

Heap:
 garbage-first heap   total 262144K, used 103315K [0x00000000e0000000, 0x0000000100000000)
  region size 1024K, 92 young (94208K), 3 survivors (3072K)
 Metaspace       used 19536K, committed 19840K, reserved 278528K
  class space    used 2890K, committed 3072K, reserved 212992K

Heap Regions: E=young(eden), S=young(survivor), O=old, HS=humongous(starts), HC=humongous(continues), CS=collection set, F=free, OA=open archive, CA=closed archive, TAMS=top-at-mark-start (previous, next)
|   0|0x00000000e0000000, 0x00000000e0100000, 0x00000000e0100000|100%| O|  |TAMS 0x00000000e0000000, 0x00000000e0000000| Untracked 
|   1|0x00000000e0100000, 0x00000000e0200000, 0x00000000e0200000|100%| O|  |TAMS 0x00000000e0100000, 0x00000000e0100000| Untracked 
|   2|0x00000000e0200000, 0x00000000e0300000, 0x00000000e0300000|100%|HS|  |TAMS 0x00000000e0200000, 0x00000000e0200000| Complete 
|   3|0x00000000e0300000, 0x00000000e0400000, 0x00000000e0400000|100%|HC|  |TAMS 0x00000000e0300000, 0x00000000e0300000| Complete 
|   4|0x00000000e0400000, 0x00000000e0500000, 0x00000000e0500000|100%|HC|  |TAMS 0x00000000e0400000, 0x00000000e0400000| Complete 
|   5|0x00000000e0500000, 0x00000000e0600000, 0x00000000e0600000|100%|HC|  |TAMS 0x00000000e0500000, 0x00000000e0500000| Complete 
|   6|0x00000000e0600000, 0x00000000e0700000, 0x00000000e0700000|100%| O|  |TAMS 0x00000000e0600000, 0x00000000e0600000| Untracked 
|   7|0x00000000e0700000, 0x00000000e0800000, 0x00000000e0800000|100%| O|  |TAMS 0x00000000e0700000, 0x00000000e0700000| Untracked 
|   8|0x00000000e0800000, 0x00000000e0800000, 0x00000000e0900000|  0%| F|  |TAMS 0x00000000e0800000, 0x00000000e0800000| Untracked 
|   9|0x00000000e0900000, 0x00000000e0a00000, 0x00000000e0a00000|100%| O|  |TAMS 0x00000000e0900000, 0x00000000e0900000| Untracked 
|  10|0x00000000e0a00000, 0x00000000e0b00000, 0x00000000e0b00000|100%| O|  |TAMS 0x00000000e0a00000, 0x00000000e0a00000| Untracked 
|  11|0x00000000e0b00000, 0x00000000e0b60600, 0x00000000e0c00000| 37%| O|  |TAMS 0x00000000e0b00000, 0x00000000e0b00000| Untracked 
|  12|0x00000000e0c00000, 0x00000000e0c00000, 0x00000000e0d00000|  0%| F|  |TAMS 0x00000000e0c00000, 0x00000000e0c00000| Untracked 
|  13|0x00000000e0d00000, 0x00000000e0d00000, 0x00000000e0e00000|  0%| F|  |TAMS 0x00000000e0d00000, 0x00000000e0d00000| Untracked 
|  14|0x00000000e0e00000, 0x00000000e0e00000, 0x00000000e0f00000|  0%| F|  |TAMS 0x00000000e0e00000, 0x00000000e0e00000| Untracked 
|  15|0x00000000e0f00000, 0x00000000e0f00000, 0x00000000e1000000|  0%| F|  |TAMS 0x00000000e0f00000, 0x00000000e0f00000| Untracked 
|  16|0x00000000e1000000, 0x00000000e1000000, 0x00000000e1100000|  0%| F|  |TAMS 0x00000000e1000000, 0x00000000e1000000| Untracked 
|  17|0x00000000e1100000, 0x00000000e1100000, 0x00000000e1200000|  0%| F|  |TAMS 0x00000000e1100000, 0x00000000e1100000| Untracked 
|  18|0x00000000e1200000, 0x00000000e1200000, 0x00000000e1300000|  0%| F|  |TAMS 0x00000000e1200000, 0x00000000e1200000| Untracked 
|  19|0x00000000e1300000, 0x00000000e1300000, 0x00000000e1400000|  0%| F|  |TAMS 0x00000000e1300000, 0x00000000e1300000| Untracked 
|  20|0x00000000e1400000, 0x00000000e1400000, 0x00000000e1500000|  0%| F|  |TAMS 0x00000000e1400000, 0x00000000e1400000| Untracked 
|  21|0x00000000e1500000, 0x00000000e1500000, 0x00000000e1600000|  0%| F|  |TAMS 0x00000000e1500000, 0x00000000e1500000| Untracked 
|  22|0x00000000e1600000, 0x00000000e1600000, 0x00000000e1700000|  0%| F|  |TAMS 0x00000000e1600000, 0x00000000e1600000| Untracked 
|  23|0x00000000e1700000, 0x00000000e1700000, 0x00000000e1800000|  0%| F|  |TAMS 0x00000000e1700000, 0x00000000e1700000| Untracked 
|  24|0x00000000e1800000, 0x00000000e1800000, 0x00000000e1900000|  0%| F|  |TAMS 0x00000000e1800000, 0x00000000e1800000| Untracked 
|  25|0x00000000e1900000, 0x00000000e1900000, 0x00000000e1a00000|  0%| F|  |TAMS 0x00000000e1900000, 0x00000000e1900000| Untracked 
|  26|0x00000000e1a00000, 0x00000000e1a00000, 0x00000000e1b00000|  0%| F|  |TAMS 0x00000000e1a00000, 0x00000000e1a00000| Untracked 
|  27|0x00000000e1b00000, 0x00000000e1b00000, 0x00000000e1c00000|  0%| F|  |TAMS 0x00000000e1b00000, 0x00000000e1b00000| Untracked 
|  28|0x00000000e1c00000, 0x00000000e1c00000, 0x00000000e1d00000|  0%| F|  |TAMS 0x00000000e1c00000, 0x00000000e1c00000| Untracked 
|  29|0x00000000e1d00000, 0x00000000e1d00000, 0x00000000e1e00000|  0%| F|  |TAMS 0x00000000e1d00000, 0x00000000e1d00000| Untracked 
|  30|0x00000000e1e00000, 0x00000000e1e00000, 0x00000000e1f00000|  0%| F|  |TAMS 0x00000000e1e00000, 0x00000000e1e00000| Untracked 
|  31|0x00000000e1f00000, 0x00000000e1f00000, 0x00000000e2000000|  0%| F|  |TAMS 0x00000000e1f00000, 0x00000000e1f00000| Untracked 
|  32|0x00000000e2000000, 0x00000000e2000000, 0x00000000e2100000|  0%| F|  |TAMS 0x00000000e2000000, 0x00000000e2000000| Untracked 
|  33|0x00000000e2100000, 0x00000000e2100000, 0x00000000e2200000|  0%| F|  |TAMS 0x00000000e2100000, 0x00000000e2100000| Untracked 
|  34|0x00000000e2200000, 0x00000000e2200000, 0x00000000e2300000|  0%| F|  |TAMS 0x00000000e2200000, 0x00000000e2200000| Untracked 
|  35|0x00000000e2300000, 0x00000000e2300000, 0x00000000e2400000|  0%| F|  |TAMS 0x00000000e2300000, 0x00000000e2300000| Untracked 
|  36|0x00000000e2400000, 0x00000000e2400000, 0x00000000e2500000|  0%| F|  |TAMS 0x00000000e2400000, 0x00000000e2400000| Untracked 
|  37|0x00000000e2500000, 0x00000000e2500000, 0x00000000e2600000|  0%| F|  |TAMS 0x00000000e2500000, 0x00000000e2500000| Untracked 
|  38|0x00000000e2600000, 0x00000000e2600000, 0x00000000e2700000|  0%| F|  |TAMS 0x00000000e2600000, 0x00000000e2600000| Untracked 
|  39|0x00000000e2700000, 0x00000000e2700000, 0x00000000e2800000|  0%| F|  |TAMS 0x00000000e2700000, 0x00000000e2700000| Untracked 
|  40|0x00000000e2800000, 0x00000000e2800000, 0x00000000e2900000|  0%| F|  |TAMS 0x00000000e2800000, 0x00000000e2800000| Untracked 
|  41|0x00000000e2900000, 0x00000000e2900000, 0x00000000e2a00000|  0%| F|  |TAMS 0x00000000e2900000, 0x00000000e2900000| Untracked 
|  42|0x00000000e2a00000, 0x00000000e2a00000, 0x00000000e2b00000|  0%| F|  |TAMS 0x00000000e2a00000, 0x00000000e2a00000| Untracked 
|  43|0x00000000e2b00000, 0x00000000e2b00000, 0x00000000e2c00000|  0%| F|  |TAMS 0x00000000e2b00000, 0x00000000e2b00000| Untracked 
|  44|0x00000000e2c00000, 0x00000000e2c00000, 0x00000000e2d00000|  0%| F|  |TAMS 0x00000000e2c00000, 0x00000000e2c00000| Untracked 
|  45|0x00000000e2d00000, 0x00000000e2d00000, 0x00000000e2e00000|  0%| F|  |TAMS 0x00000000e2d00000, 0x00000000e2d00000| Untracked 
|  46|0x00000000e2e00000, 0x00000000e2e00000, 0x00000000e2f00000|  0%| F|  |TAMS 0x00000000e2e00000, 0x00000000e2e00000| Untracked 
|  47|0x00000000e2f00000, 0x00000000e2f00000, 0x00000000e3000000|  0%| F|  |TAMS 0x00000000e2f00000, 0x00000000e2f00000| Untracked 
|  48|0x00000000e3000000, 0x00000000e3000000, 0x00000000e3100000|  0%| F|  |TAMS 0x00000000e3000000, 0x00000000e3000000| Untracked 
|  49|0x00000000e3100000, 0x00000000e3100000, 0x00000000e3200000|  0%| F|  |TAMS 0x00000000e3100000, 0x00000000e3100000| Untracked 
|  50|0x00000000e3200000, 0x00000000e3200000, 0x00000000e3300000|  0%| F|  |TAMS 0x00000000e3200000, 0x00000000e3200000| Untracked 
|  51|0x00000000e3300000, 0x00000000e3300000, 0x00000000e3400000|  0%| F|  |TAMS 0x00000000e3300000, 0x00000000e3300000| Untracked 
|  52|0x00000000e3400000, 0x00000000e3400000, 0x00000000e3500000|  0%| F|  |TAMS 0x00000000e3400000, 0x00000000e3400000| Untracked 
|  53|0x00000000e3500000, 0x00000000e3500000, 0x00000000e3600000|  0%| F|  |TAMS 0x00000000e3500000, 0x00000000e3500000| Untracked 
|  54|0x00000000e3600000, 0x00000000e3600000, 0x00000000e3700000|  0%| F|  |TAMS 0x00000000e3600000, 0x00000000e3600000| Untracked 
|  55|0x00000000e3700000, 0x00000000e3700000, 0x00000000e3800000|  0%| F|  |TAMS 0x00000000e3700000, 0x00000000e3700000| Untracked 
|  56|0x00000000e3800000, 0x00000000e3800000, 0x00000000e3900000|  0%| F|  |TAMS 0x00000000e3800000, 0x00000000e3800000| Untracked 
|  57|0x00000000e3900000, 0x00000000e3900000, 0x00000000e3a00000|  0%| F|  |TAMS 0x00000000e3900000, 0x00000000e3900000| Untracked 
|  58|0x00000000e3a00000, 0x00000000e3a00000, 0x00000000e3b00000|  0%| F|  |TAMS 0x00000000e3a00000, 0x00000000e3a00000| Untracked 
|  59|0x00000000e3b00000, 0x00000000e3b00000, 0x00000000e3c00000|  0%| F|  |TAMS 0x00000000e3b00000, 0x00000000e3b00000| Untracked 
|  60|0x00000000e3c00000, 0x00000000e3c00000, 0x00000000e3d00000|  0%| F|  |TAMS 0x00000000e3c00000, 0x00000000e3c00000| Untracked 
|  61|0x00000000e3d00000, 0x00000000e3d00000, 0x00000000e3e00000|  0%| F|  |TAMS 0x00000000e3d00000, 0x00000000e3d00000| Untracked 
|  62|0x00000000e3e00000, 0x00000000e3e00000, 0x00000000e3f00000|  0%| F|  |TAMS 0x00000000e3e00000, 0x00000000e3e00000| Untracked 
|  63|0x00000000e3f00000, 0x00000000e3f00000, 0x00000000e4000000|  0%| F|  |TAMS 0x00000000e3f00000, 0x00000000e3f00000| Untracked 
|  64|0x00000000e4000000, 0x00000000e4000000, 0x00000000e4100000|  0%| F|  |TAMS 0x00000000e4000000, 0x00000000e4000000| Untracked 
|  65|0x00000000e4100000, 0x00000000e4100000, 0x00000000e4200000|  0%| F|  |TAMS 0x00000000e4100000, 0x00000000e4100000| Untracked 
|  66|0x00000000e4200000, 0x00000000e4200000, 0x00000000e4300000|  0%| F|  |TAMS 0x00000000e4200000, 0x00000000e4200000| Untracked 
|  67|0x00000000e4300000, 0x00000000e4300000, 0x00000000e4400000|  0%| F|  |TAMS 0x00000000e4300000, 0x00000000e4300000| Untracked 
|  68|0x00000000e4400000, 0x00000000e4400000, 0x00000000e4500000|  0%| F|  |TAMS 0x00000000e4400000, 0x00000000e4400000| Untracked 
|  69|0x00000000e4500000, 0x00000000e4500000, 0x00000000e4600000|  0%| F|  |TAMS 0x00000000e4500000, 0x00000000e4500000| Untracked 
|  70|0x00000000e4600000, 0x00000000e4600000, 0x00000000e4700000|  0%| F|  |TAMS 0x00000000e4600000, 0x00000000e4600000| Untracked 
|  71|0x00000000e4700000, 0x00000000e4700000, 0x00000000e4800000|  0%| F|  |TAMS 0x00000000e4700000, 0x00000000e4700000| Untracked 
|  72|0x00000000e4800000, 0x00000000e4800000, 0x00000000e4900000|  0%| F|  |TAMS 0x00000000e4800000, 0x00000000e4800000| Untracked 
|  73|0x00000000e4900000, 0x00000000e4900000, 0x00000000e4a00000|  0%| F|  |TAMS 0x00000000e4900000, 0x00000000e4900000| Untracked 
|  74|0x00000000e4a00000, 0x00000000e4a00000, 0x00000000e4b00000|  0%| F|  |TAMS 0x00000000e4a00000, 0x00000000e4a00000| Untracked 
|  75|0x00000000e4b00000, 0x00000000e4b00000, 0x00000000e4c00000|  0%| F|  |TAMS 0x00000000e4b00000, 0x00000000e4b00000| Untracked 
|  76|0x00000000e4c00000, 0x00000000e4c00000, 0x00000000e4d00000|  0%| F|  |TAMS 0x00000000e4c00000, 0x00000000e4c00000| Untracked 
|  77|0x00000000e4d00000, 0x00000000e4d00000, 0x00000000e4e00000|  0%| F|  |TAMS 0x00000000e4d00000, 0x00000000e4d00000| Untracked 
|  78|0x00000000e4e00000, 0x00000000e4e00000, 0x00000000e4f00000|  0%| F|  |TAMS 0x00000000e4e00000, 0x00000000e4e00000| Untracked 
|  79|0x00000000e4f00000, 0x00000000e4f00000, 0x00000000e5000000|  0%| F|  |TAMS 0x00000000e4f00000, 0x00000000e4f00000| Untracked 
|  80|0x00000000e5000000, 0x00000000e5000000, 0x00000000e5100000|  0%| F|  |TAMS 0x00000000e5000000, 0x00000000e5000000| Untracked 
|  81|0x00000000e5100000, 0x00000000e5100000, 0x00000000e5200000|  0%| F|  |TAMS 0x00000000e5100000, 0x00000000e5100000| Untracked 
|  82|0x00000000e5200000, 0x00000000e5200000, 0x00000000e5300000|  0%| F|  |TAMS 0x00000000e5200000, 0x00000000e5200000| Untracked 
|  83|0x00000000e5300000, 0x00000000e5300000, 0x00000000e5400000|  0%| F|  |TAMS 0x00000000e5300000, 0x00000000e5300000| Untracked 
|  84|0x00000000e5400000, 0x00000000e5400000, 0x00000000e5500000|  0%| F|  |TAMS 0x00000000e5400000, 0x00000000e5400000| Untracked 
|  85|0x00000000e5500000, 0x00000000e5500000, 0x00000000e5600000|  0%| F|  |TAMS 0x00000000e5500000, 0x00000000e5500000| Untracked 
|  86|0x00000000e5600000, 0x00000000e5600000, 0x00000000e5700000|  0%| F|  |TAMS 0x00000000e5600000, 0x00000000e5600000| Untracked 
|  87|0x00000000e5700000, 0x00000000e5700000, 0x00000000e5800000|  0%| F|  |TAMS 0x00000000e5700000, 0x00000000e5700000| Untracked 
|  88|0x00000000e5800000, 0x00000000e5800000, 0x00000000e5900000|  0%| F|  |TAMS 0x00000000e5800000, 0x00000000e5800000| Untracked 
|  89|0x00000000e5900000, 0x00000000e5900000, 0x00000000e5a00000|  0%| F|  |TAMS 0x00000000e5900000, 0x00000000e5900000| Untracked 
|  90|0x00000000e5a00000, 0x00000000e5a00000, 0x00000000e5b00000|  0%| F|  |TAMS 0x00000000e5a00000, 0x00000000e5a00000| Untracked 
|  91|0x00000000e5b00000, 0x00000000e5b00000, 0x00000000e5c00000|  0%| F|  |TAMS 0x00000000e5b00000, 0x00000000e5b00000| Untracked 
|  92|0x00000000e5c00000, 0x00000000e5c00000, 0x00000000e5d00000|  0%| F|  |TAMS 0x00000000e5c00000, 0x00000000e5c00000| Untracked 
|  93|0x00000000e5d00000, 0x00000000e5d00000, 0x00000000e5e00000|  0%| F|  |TAMS 0x00000000e5d00000, 0x00000000e5d00000| Untracked 
|  94|0x00000000e5e00000, 0x00000000e5e00000, 0x00000000e5f00000|  0%| F|  |TAMS 0x00000000e5e00000, 0x00000000e5e00000| Untracked 
|  95|0x00000000e5f00000, 0x00000000e5f00000, 0x00000000e6000000|  0%| F|  |TAMS 0x00000000e5f00000, 0x00000000e5f00000| Untracked 
|  96|0x00000000e6000000, 0x00000000e6000000, 0x00000000e6100000|  0%| F|  |TAMS 0x00000000e6000000, 0x00000000e6000000| Untracked 
|  97|0x00000000e6100000, 0x00000000e6100000, 0x00000000e6200000|  0%| F|  |TAMS 0x00000000e6100000, 0x00000000e6100000| Untracked 
|  98|0x00000000e6200000, 0x00000000e6200000, 0x00000000e6300000|  0%| F|  |TAMS 0x00000000e6200000, 0x00000000e6200000| Untracked 
|  99|0x00000000e6300000, 0x00000000e6300000, 0x00000000e6400000|  0%| F|  |TAMS 0x00000000e6300000, 0x00000000e6300000| Untracked 
| 100|0x00000000e6400000, 0x00000000e6400000, 0x00000000e6500000|  0%| F|  |TAMS 0x00000000e6400000, 0x00000000e6400000| Untracked 
| 101|0x00000000e6500000, 0x00000000e6500000, 0x00000000e6600000|  0%| F|  |TAMS 0x00000000e6500000, 0x00000000e6500000| Untracked 
| 102|0x00000000e6600000, 0x00000000e6600000, 0x00000000e6700000|  0%| F|  |TAMS 0x00000000e6600000, 0x00000000e6600000| Untracked 
| 103|0x00000000e6700000, 0x00000000e6700000, 0x00000000e6800000|  0%| F|  |TAMS 0x00000000e6700000, 0x00000000e6700000| Untracked 
| 104|0x00000000e6800000, 0x00000000e6800000, 0x00000000e6900000|  0%| F|  |TAMS 0x00000000e6800000, 0x00000000e6800000| Untracked 
| 105|0x00000000e6900000, 0x00000000e6900000, 0x00000000e6a00000|  0%| F|  |TAMS 0x00000000e6900000, 0x00000000e6900000| Untracked 
| 106|0x00000000e6a00000, 0x00000000e6a00000, 0x00000000e6b00000|  0%| F|  |TAMS 0x00000000e6a00000, 0x00000000e6a00000| Untracked 
| 107|0x00000000e6b00000, 0x00000000e6b00000, 0x00000000e6c00000|  0%| F|  |TAMS 0x00000000e6b00000, 0x00000000e6b00000| Untracked 
| 108|0x00000000e6c00000, 0x00000000e6c00000, 0x00000000e6d00000|  0%| F|  |TAMS 0x00000000e6c00000, 0x00000000e6c00000| Untracked 
| 109|0x00000000e6d00000, 0x00000000e6d00000, 0x00000000e6e00000|  0%| F|  |TAMS 0x00000000e6d00000, 0x00000000e6d00000| Untracked 
| 110|0x00000000e6e00000, 0x00000000e6e00000, 0x00000000e6f00000|  0%| F|  |TAMS 0x00000000e6e00000, 0x00000000e6e00000| Untracked 
| 111|0x00000000e6f00000, 0x00000000e6f00000, 0x00000000e7000000|  0%| F|  |TAMS 0x00000000e6f00000, 0x00000000e6f00000| Untracked 
| 112|0x00000000e7000000, 0x00000000e7000000, 0x00000000e7100000|  0%| F|  |TAMS 0x00000000e7000000, 0x00000000e7000000| Untracked 
| 113|0x00000000e7100000, 0x00000000e7100000, 0x00000000e7200000|  0%| F|  |TAMS 0x00000000e7100000, 0x00000000e7100000| Untracked 
| 114|0x00000000e7200000, 0x00000000e7200000, 0x00000000e7300000|  0%| F|  |TAMS 0x00000000e7200000, 0x00000000e7200000| Untracked 
| 115|0x00000000e7300000, 0x00000000e7300000, 0x00000000e7400000|  0%| F|  |TAMS 0x00000000e7300000, 0x00000000e7300000| Untracked 
| 116|0x00000000e7400000, 0x00000000e7400000, 0x00000000e7500000|  0%| F|  |TAMS 0x00000000e7400000, 0x00000000e7400000| Untracked 
| 117|0x00000000e7500000, 0x00000000e7500000, 0x00000000e7600000|  0%| F|  |TAMS 0x00000000e7500000, 0x00000000e7500000| Untracked 
| 118|0x00000000e7600000, 0x00000000e7600000, 0x00000000e7700000|  0%| F|  |TAMS 0x00000000e7600000, 0x00000000e7600000| Untracked 
| 119|0x00000000e7700000, 0x00000000e7700000, 0x00000000e7800000|  0%| F|  |TAMS 0x00000000e7700000, 0x00000000e7700000| Untracked 
| 120|0x00000000e7800000, 0x00000000e7800000, 0x00000000e7900000|  0%| F|  |TAMS 0x00000000e7800000, 0x00000000e7800000| Untracked 
| 121|0x00000000e7900000, 0x00000000e7900000, 0x00000000e7a00000|  0%| F|  |TAMS 0x00000000e7900000, 0x00000000e7900000| Untracked 
| 122|0x00000000e7a00000, 0x00000000e7a00000, 0x00000000e7b00000|  0%| F|  |TAMS 0x00000000e7a00000, 0x00000000e7a00000| Untracked 
| 123|0x00000000e7b00000, 0x00000000e7b00000, 0x00000000e7c00000|  0%| F|  |TAMS 0x00000000e7b00000, 0x00000000e7b00000| Untracked 
| 124|0x00000000e7c00000, 0x00000000e7c00000, 0x00000000e7d00000|  0%| F|  |TAMS 0x00000000e7c00000, 0x00000000e7c00000| Untracked 
| 125|0x00000000e7d00000, 0x00000000e7d00000, 0x00000000e7e00000|  0%| F|  |TAMS 0x00000000e7d00000, 0x00000000e7d00000| Untracked 
| 126|0x00000000e7e00000, 0x00000000e7e00000, 0x00000000e7f00000|  0%| F|  |TAMS 0x00000000e7e00000, 0x00000000e7e00000| Untracked 
| 127|0x00000000e7f00000, 0x00000000e7f00000, 0x00000000e8000000|  0%| F|  |TAMS 0x00000000e7f00000, 0x00000000e7f00000| Untracked 
| 128|0x00000000e8000000, 0x00000000e8000000, 0x00000000e8100000|  0%| F|  |TAMS 0x00000000e8000000, 0x00000000e8000000| Untracked 
| 129|0x00000000e8100000, 0x00000000e8100000, 0x00000000e8200000|  0%| F|  |TAMS 0x00000000e8100000, 0x00000000e8100000| Untracked 
| 130|0x00000000e8200000, 0x00000000e8200000, 0x00000000e8300000|  0%| F|  |TAMS 0x00000000e8200000, 0x00000000e8200000| Untracked 
| 131|0x00000000e8300000, 0x00000000e8300000, 0x00000000e8400000|  0%| F|  |TAMS 0x00000000e8300000, 0x00000000e8300000| Untracked 
| 132|0x00000000e8400000, 0x00000000e8400000, 0x00000000e8500000|  0%| F|  |TAMS 0x00000000e8400000, 0x00000000e8400000| Untracked 
| 133|0x00000000e8500000, 0x00000000e8500000, 0x00000000e8600000|  0%| F|  |TAMS 0x00000000e8500000, 0x00000000e8500000| Untracked 
| 134|0x00000000e8600000, 0x00000000e8600000, 0x00000000e8700000|  0%| F|  |TAMS 0x00000000e8600000, 0x00000000e8600000| Untracked 
| 135|0x00000000e8700000, 0x00000000e8700000, 0x00000000e8800000|  0%| F|  |TAMS 0x00000000e8700000, 0x00000000e8700000| Untracked 
| 136|0x00000000e8800000, 0x00000000e8800000, 0x00000000e8900000|  0%| F|  |TAMS 0x00000000e8800000, 0x00000000e8800000| Untracked 
| 137|0x00000000e8900000, 0x00000000e8900000, 0x00000000e8a00000|  0%| F|  |TAMS 0x00000000e8900000, 0x00000000e8900000| Untracked 
| 138|0x00000000e8a00000, 0x00000000e8a00000, 0x00000000e8b00000|  0%| F|  |TAMS 0x00000000e8a00000, 0x00000000e8a00000| Untracked 
| 139|0x00000000e8b00000, 0x00000000e8b00000, 0x00000000e8c00000|  0%| F|  |TAMS 0x00000000e8b00000, 0x00000000e8b00000| Untracked 
| 140|0x00000000e8c00000, 0x00000000e8c00000, 0x00000000e8d00000|  0%| F|  |TAMS 0x00000000e8c00000, 0x00000000e8c00000| Untracked 
| 141|0x00000000e8d00000, 0x00000000e8d00000, 0x00000000e8e00000|  0%| F|  |TAMS 0x00000000e8d00000, 0x00000000e8d00000| Untracked 
| 142|0x00000000e8e00000, 0x00000000e8e00000, 0x00000000e8f00000|  0%| F|  |TAMS 0x00000000e8e00000, 0x00000000e8e00000| Untracked 
| 143|0x00000000e8f00000, 0x00000000e8f00000, 0x00000000e9000000|  0%| F|  |TAMS 0x00000000e8f00000, 0x00000000e8f00000| Untracked 
| 144|0x00000000e9000000, 0x00000000e9000000, 0x00000000e9100000|  0%| F|  |TAMS 0x00000000e9000000, 0x00000000e9000000| Untracked 
| 145|0x00000000e9100000, 0x00000000e9100000, 0x00000000e9200000|  0%| F|  |TAMS 0x00000000e9100000, 0x00000000e9100000| Untracked 
| 146|0x00000000e9200000, 0x00000000e9200000, 0x00000000e9300000|  0%| F|  |TAMS 0x00000000e9200000, 0x00000000e9200000| Untracked 
| 147|0x00000000e9300000, 0x00000000e9300000, 0x00000000e9400000|  0%| F|  |TAMS 0x00000000e9300000, 0x00000000e9300000| Untracked 
| 148|0x00000000e9400000, 0x00000000e9400000, 0x00000000e9500000|  0%| F|  |TAMS 0x00000000e9400000, 0x00000000e9400000| Untracked 
| 149|0x00000000e9500000, 0x00000000e9500000, 0x00000000e9600000|  0%| F|  |TAMS 0x00000000e9500000, 0x00000000e9500000| Untracked 
| 150|0x00000000e9600000, 0x00000000e9600000, 0x00000000e9700000|  0%| F|  |TAMS 0x00000000e9600000, 0x00000000e9600000| Untracked 
| 151|0x00000000e9700000, 0x00000000e9700000, 0x00000000e9800000|  0%| F|  |TAMS 0x00000000e9700000, 0x00000000e9700000| Untracked 
| 152|0x00000000e9800000, 0x00000000e9800000, 0x00000000e9900000|  0%| F|  |TAMS 0x00000000e9800000, 0x00000000e9800000| Untracked 
| 153|0x00000000e9900000, 0x00000000e9900000, 0x00000000e9a00000|  0%| F|  |TAMS 0x00000000e9900000, 0x00000000e9900000| Untracked 
| 154|0x00000000e9a00000, 0x00000000e9a00000, 0x00000000e9b00000|  0%| F|  |TAMS 0x00000000e9a00000, 0x00000000e9a00000| Untracked 
| 155|0x00000000e9b00000, 0x00000000e9b00000, 0x00000000e9c00000|  0%| F|  |TAMS 0x00000000e9b00000, 0x00000000e9b00000| Untracked 
| 156|0x00000000e9c00000, 0x00000000e9c00000, 0x00000000e9d00000|  0%| F|  |TAMS 0x00000000e9c00000, 0x00000000e9c00000| Untracked 
| 157|0x00000000e9d00000, 0x00000000e9d00000, 0x00000000e9e00000|  0%| F|  |TAMS 0x00000000e9d00000, 0x00000000e9d00000| Untracked 
| 158|0x00000000e9e00000, 0x00000000e9e00000, 0x00000000e9f00000|  0%| F|  |TAMS 0x00000000e9e00000, 0x00000000e9e00000| Untracked 
| 159|0x00000000e9f00000, 0x00000000e9f00000, 0x00000000ea000000|  0%| F|  |TAMS 0x00000000e9f00000, 0x00000000e9f00000| Untracked 
| 160|0x00000000ea000000, 0x00000000ea000000, 0x00000000ea100000|  0%| F|  |TAMS 0x00000000ea000000, 0x00000000ea000000| Untracked 
| 161|0x00000000ea100000, 0x00000000ea100000, 0x00000000ea200000|  0%| F|  |TAMS 0x00000000ea100000, 0x00000000ea100000| Untracked 
| 162|0x00000000ea200000, 0x00000000ea200000, 0x00000000ea300000|  0%| F|  |TAMS 0x00000000ea200000, 0x00000000ea200000| Untracked 
| 163|0x00000000ea300000, 0x00000000ea300000, 0x00000000ea400000|  0%| F|  |TAMS 0x00000000ea300000, 0x00000000ea300000| Untracked 
| 164|0x00000000ea400000, 0x00000000ea500000, 0x00000000ea500000|100%| E|  |TAMS 0x00000000ea400000, 0x00000000ea400000| Complete 
| 165|0x00000000ea500000, 0x00000000ea600000, 0x00000000ea600000|100%| E|CS|TAMS 0x00000000ea500000, 0x00000000ea500000| Complete 
| 166|0x00000000ea600000, 0x00000000ea700000, 0x00000000ea700000|100%| E|CS|TAMS 0x00000000ea600000, 0x00000000ea600000| Complete 
| 167|0x00000000ea700000, 0x00000000ea800000, 0x00000000ea800000|100%| E|CS|TAMS 0x00000000ea700000, 0x00000000ea700000| Complete 
| 168|0x00000000ea800000, 0x00000000ea900000, 0x00000000ea900000|100%| E|CS|TAMS 0x00000000ea800000, 0x00000000ea800000| Complete 
| 169|0x00000000ea900000, 0x00000000eaa00000, 0x00000000eaa00000|100%| E|CS|TAMS 0x00000000ea900000, 0x00000000ea900000| Complete 
| 170|0x00000000eaa00000, 0x00000000eab00000, 0x00000000eab00000|100%| E|CS|TAMS 0x00000000eaa00000, 0x00000000eaa00000| Complete 
| 171|0x00000000eab00000, 0x00000000eac00000, 0x00000000eac00000|100%| E|CS|TAMS 0x00000000eab00000, 0x00000000eab00000| Complete 
| 172|0x00000000eac00000, 0x00000000ead00000, 0x00000000ead00000|100%| E|CS|TAMS 0x00000000eac00000, 0x00000000eac00000| Complete 
| 173|0x00000000ead00000, 0x00000000eae00000, 0x00000000eae00000|100%| E|CS|TAMS 0x00000000ead00000, 0x00000000ead00000| Complete 
| 174|0x00000000eae00000, 0x00000000eaf00000, 0x00000000eaf00000|100%| E|CS|TAMS 0x00000000eae00000, 0x00000000eae00000| Complete 
| 175|0x00000000eaf00000, 0x00000000eb000000, 0x00000000eb000000|100%| E|CS|TAMS 0x00000000eaf00000, 0x00000000eaf00000| Complete 
| 176|0x00000000eb000000, 0x00000000eb100000, 0x00000000eb100000|100%| E|CS|TAMS 0x00000000eb000000, 0x00000000eb000000| Complete 
| 177|0x00000000eb100000, 0x00000000eb200000, 0x00000000eb200000|100%| E|CS|TAMS 0x00000000eb100000, 0x00000000eb100000| Complete 
| 178|0x00000000eb200000, 0x00000000eb300000, 0x00000000eb300000|100%| E|CS|TAMS 0x00000000eb200000, 0x00000000eb200000| Complete 
| 179|0x00000000eb300000, 0x00000000eb400000, 0x00000000eb400000|100%| E|CS|TAMS 0x00000000eb300000, 0x00000000eb300000| Complete 
| 180|0x00000000eb400000, 0x00000000eb500000, 0x00000000eb500000|100%| E|CS|TAMS 0x00000000eb400000, 0x00000000eb400000| Complete 
| 181|0x00000000eb500000, 0x00000000eb600000, 0x00000000eb600000|100%| E|CS|TAMS 0x00000000eb500000, 0x00000000eb500000| Complete 
| 182|0x00000000eb600000, 0x00000000eb700000, 0x00000000eb700000|100%| E|CS|TAMS 0x00000000eb600000, 0x00000000eb600000| Complete 
| 183|0x00000000eb700000, 0x00000000eb800000, 0x00000000eb800000|100%| E|CS|TAMS 0x00000000eb700000, 0x00000000eb700000| Complete 
| 184|0x00000000eb800000, 0x00000000eb900000, 0x00000000eb900000|100%| E|CS|TAMS 0x00000000eb800000, 0x00000000eb800000| Complete 
| 185|0x00000000eb900000, 0x00000000eba00000, 0x00000000eba00000|100%| E|CS|TAMS 0x00000000eb900000, 0x00000000eb900000| Complete 
| 186|0x00000000eba00000, 0x00000000ebb00000, 0x00000000ebb00000|100%| E|CS|TAMS 0x00000000eba00000, 0x00000000eba00000| Complete 
| 187|0x00000000ebb00000, 0x00000000ebc00000, 0x00000000ebc00000|100%| E|CS|TAMS 0x00000000ebb00000, 0x00000000ebb00000| Complete 
| 188|0x00000000ebc00000, 0x00000000ebd00000, 0x00000000ebd00000|100%| E|CS|TAMS 0x00000000ebc00000, 0x00000000ebc00000| Complete 
| 189|0x00000000ebd00000, 0x00000000ebe00000, 0x00000000ebe00000|100%| E|CS|TAMS 0x00000000ebd00000, 0x00000000ebd00000| Complete 
| 190|0x00000000ebe00000, 0x00000000ebf00000, 0x00000000ebf00000|100%| E|CS|TAMS 0x00000000ebe00000, 0x00000000ebe00000| Complete 
| 191|0x00000000ebf00000, 0x00000000ec000000, 0x00000000ec000000|100%| E|CS|TAMS 0x00000000ebf00000, 0x00000000ebf00000| Complete 
| 192|0x00000000ec000000, 0x00000000ec100000, 0x00000000ec100000|100%| E|CS|TAMS 0x00000000ec000000, 0x00000000ec000000| Complete 
| 193|0x00000000ec100000, 0x00000000ec200000, 0x00000000ec200000|100%| E|CS|TAMS 0x00000000ec100000, 0x00000000ec100000| Complete 
| 194|0x00000000ec200000, 0x00000000ec300000, 0x00000000ec300000|100%| E|CS|TAMS 0x00000000ec200000, 0x00000000ec200000| Complete 
| 195|0x00000000ec300000, 0x00000000ec400000, 0x00000000ec400000|100%| E|CS|TAMS 0x00000000ec300000, 0x00000000ec300000| Complete 
| 196|0x00000000ec400000, 0x00000000ec500000, 0x00000000ec500000|100%| E|CS|TAMS 0x00000000ec400000, 0x00000000ec400000| Complete 
| 197|0x00000000ec500000, 0x00000000ec600000, 0x00000000ec600000|100%| E|CS|TAMS 0x00000000ec500000, 0x00000000ec500000| Complete 
| 198|0x00000000ec600000, 0x00000000ec700000, 0x00000000ec700000|100%| E|CS|TAMS 0x00000000ec600000, 0x00000000ec600000| Complete 
| 199|0x00000000ec700000, 0x00000000ec800000, 0x00000000ec800000|100%| E|CS|TAMS 0x00000000ec700000, 0x00000000ec700000| Complete 
| 200|0x00000000ec800000, 0x00000000ec900000, 0x00000000ec900000|100%| E|CS|TAMS 0x00000000ec800000, 0x00000000ec800000| Complete 
| 201|0x00000000ec900000, 0x00000000eca00000, 0x00000000eca00000|100%| E|CS|TAMS 0x00000000ec900000, 0x00000000ec900000| Complete 
| 202|0x00000000eca00000, 0x00000000ecb00000, 0x00000000ecb00000|100%| E|CS|TAMS 0x00000000eca00000, 0x00000000eca00000| Complete 
| 203|0x00000000ecb00000, 0x00000000ecc00000, 0x00000000ecc00000|100%| E|CS|TAMS 0x00000000ecb00000, 0x00000000ecb00000| Complete 
| 204|0x00000000ecc00000, 0x00000000ecd00000, 0x00000000ecd00000|100%| E|CS|TAMS 0x00000000ecc00000, 0x00000000ecc00000| Complete 
| 205|0x00000000ecd00000, 0x00000000ece00000, 0x00000000ece00000|100%| E|CS|TAMS 0x00000000ecd00000, 0x00000000ecd00000| Complete 
| 206|0x00000000ece00000, 0x00000000ecf00000, 0x00000000ecf00000|100%| E|CS|TAMS 0x00000000ece00000, 0x00000000ece00000| Complete 
| 207|0x00000000ecf00000, 0x00000000ed000000, 0x00000000ed000000|100%| E|CS|TAMS 0x00000000ecf00000, 0x00000000ecf00000| Complete 
| 208|0x00000000ed000000, 0x00000000ed100000, 0x00000000ed100000|100%| E|CS|TAMS 0x00000000ed000000, 0x00000000ed000000| Complete 
| 209|0x00000000ed100000, 0x00000000ed200000, 0x00000000ed200000|100%| E|CS|TAMS 0x00000000ed100000, 0x00000000ed100000| Complete 
| 210|0x00000000ed200000, 0x00000000ed300000, 0x00000000ed300000|100%| E|CS|TAMS 0x00000000ed200000, 0x00000000ed200000| Complete 
| 211|0x00000000ed300000, 0x00000000ed400000, 0x00000000ed400000|100%| E|CS|TAMS 0x00000000ed300000, 0x00000000ed300000| Complete 
| 212|0x00000000ed400000, 0x00000000ed500000, 0x00000000ed500000|100%| E|CS|TAMS 0x00000000ed400000, 0x00000000ed400000| Complete 
| 213|0x00000000ed500000, 0x00000000ed600000, 0x00000000ed600000|100%| E|CS|TAMS 0x00000000ed500000, 0x00000000ed500000| Complete 
| 214|0x00000000ed600000, 0x00000000ed700000, 0x00000000ed700000|100%| E|CS|TAMS 0x00000000ed600000, 0x00000000ed600000| Complete 
| 215|0x00000000ed700000, 0x00000000ed800000, 0x00000000ed800000|100%| E|CS|TAMS 0x00000000ed700000, 0x00000000ed700000| Complete 
| 216|0x00000000ed800000, 0x00000000ed900000, 0x00000000ed900000|100%| E|CS|TAMS 0x00000000ed800000, 0x00000000ed800000| Complete 
| 217|0x00000000ed900000, 0x00000000eda00000, 0x00000000eda00000|100%| E|CS|TAMS 0x00000000ed900000, 0x00000000ed900000| Complete 
| 218|0x00000000eda00000, 0x00000000edb00000, 0x00000000edb00000|100%| E|CS|TAMS 0x00000000eda00000, 0x00000000eda00000| Complete 
| 219|0x00000000edb00000, 0x00000000edc00000, 0x00000000edc00000|100%| E|CS|TAMS 0x00000000edb00000, 0x00000000edb00000| Complete 
| 220|0x00000000edc00000, 0x00000000edd00000, 0x00000000edd00000|100%| E|CS|TAMS 0x00000000edc00000, 0x00000000edc00000| Complete 
| 221|0x00000000edd00000, 0x00000000ede00000, 0x00000000ede00000|100%| E|CS|TAMS 0x00000000edd00000, 0x00000000edd00000| Complete 
| 222|0x00000000ede00000, 0x00000000edf00000, 0x00000000edf00000|100%| E|CS|TAMS 0x00000000ede00000, 0x00000000ede00000| Complete 
| 223|0x00000000edf00000, 0x00000000ee000000, 0x00000000ee000000|100%| E|CS|TAMS 0x00000000edf00000, 0x00000000edf00000| Complete 
| 224|0x00000000ee000000, 0x00000000ee100000, 0x00000000ee100000|100%| E|CS|TAMS 0x00000000ee000000, 0x00000000ee000000| Complete 
| 225|0x00000000ee100000, 0x00000000ee200000, 0x00000000ee200000|100%| E|CS|TAMS 0x00000000ee100000, 0x00000000ee100000| Complete 
| 226|0x00000000ee200000, 0x00000000ee300000, 0x00000000ee300000|100%| E|CS|TAMS 0x00000000ee200000, 0x00000000ee200000| Complete 
| 227|0x00000000ee300000, 0x00000000ee400000, 0x00000000ee400000|100%| E|CS|TAMS 0x00000000ee300000, 0x00000000ee300000| Complete 
| 228|0x00000000ee400000, 0x00000000ee500000, 0x00000000ee500000|100%| E|CS|TAMS 0x00000000ee400000, 0x00000000ee400000| Complete 
| 229|0x00000000ee500000, 0x00000000ee5846d0, 0x00000000ee600000| 51%| S|CS|TAMS 0x00000000ee500000, 0x00000000ee500000| Complete 
| 230|0x00000000ee600000, 0x00000000ee700000, 0x00000000ee700000|100%| S|CS|TAMS 0x00000000ee600000, 0x00000000ee600000| Complete 
| 231|0x00000000ee700000, 0x00000000ee800000, 0x00000000ee800000|100%| S|CS|TAMS 0x00000000ee700000, 0x00000000ee700000| Complete 
| 232|0x00000000ee800000, 0x00000000ee900000, 0x00000000ee900000|100%| E|CS|TAMS 0x00000000ee800000, 0x00000000ee800000| Complete 
| 233|0x00000000ee900000, 0x00000000eea00000, 0x00000000eea00000|100%| E|CS|TAMS 0x00000000ee900000, 0x00000000ee900000| Complete 
| 234|0x00000000eea00000, 0x00000000eeb00000, 0x00000000eeb00000|100%| E|CS|TAMS 0x00000000eea00000, 0x00000000eea00000| Complete 
| 235|0x00000000eeb00000, 0x00000000eec00000, 0x00000000eec00000|100%| E|CS|TAMS 0x00000000eeb00000, 0x00000000eeb00000| Complete 
| 236|0x00000000eec00000, 0x00000000eed00000, 0x00000000eed00000|100%| E|CS|TAMS 0x00000000eec00000, 0x00000000eec00000| Complete 
| 237|0x00000000eed00000, 0x00000000eee00000, 0x00000000eee00000|100%| E|CS|TAMS 0x00000000eed00000, 0x00000000eed00000| Complete 
| 238|0x00000000eee00000, 0x00000000eef00000, 0x00000000eef00000|100%| E|CS|TAMS 0x00000000eee00000, 0x00000000eee00000| Complete 
| 239|0x00000000eef00000, 0x00000000ef000000, 0x00000000ef000000|100%| E|CS|TAMS 0x00000000eef00000, 0x00000000eef00000| Complete 
| 240|0x00000000ef000000, 0x00000000ef100000, 0x00000000ef100000|100%| E|CS|TAMS 0x00000000ef000000, 0x00000000ef000000| Complete 
| 241|0x00000000ef100000, 0x00000000ef200000, 0x00000000ef200000|100%| E|CS|TAMS 0x00000000ef100000, 0x00000000ef100000| Complete 
| 242|0x00000000ef200000, 0x00000000ef300000, 0x00000000ef300000|100%| E|CS|TAMS 0x00000000ef200000, 0x00000000ef200000| Complete 
| 243|0x00000000ef300000, 0x00000000ef400000, 0x00000000ef400000|100%| E|CS|TAMS 0x00000000ef300000, 0x00000000ef300000| Complete 
| 244|0x00000000ef400000, 0x00000000ef500000, 0x00000000ef500000|100%| E|CS|TAMS 0x00000000ef400000, 0x00000000ef400000| Complete 
| 245|0x00000000ef500000, 0x00000000ef600000, 0x00000000ef600000|100%| E|CS|TAMS 0x00000000ef500000, 0x00000000ef500000| Complete 
| 246|0x00000000ef600000, 0x00000000ef700000, 0x00000000ef700000|100%| E|CS|TAMS 0x00000000ef600000, 0x00000000ef600000| Complete 
| 247|0x00000000ef700000, 0x00000000ef800000, 0x00000000ef800000|100%| E|CS|TAMS 0x00000000ef700000, 0x00000000ef700000| Complete 
| 248|0x00000000ef800000, 0x00000000ef900000, 0x00000000ef900000|100%| E|CS|TAMS 0x00000000ef800000, 0x00000000ef800000| Complete 
| 249|0x00000000ef900000, 0x00000000efa00000, 0x00000000efa00000|100%| E|CS|TAMS 0x00000000ef900000, 0x00000000ef900000| Complete 
| 250|0x00000000efa00000, 0x00000000efb00000, 0x00000000efb00000|100%| E|CS|TAMS 0x00000000efa00000, 0x00000000efa00000| Complete 
| 251|0x00000000efb00000, 0x00000000efc00000, 0x00000000efc00000|100%| E|CS|TAMS 0x00000000efb00000, 0x00000000efb00000| Complete 
| 252|0x00000000efc00000, 0x00000000efd00000, 0x00000000efd00000|100%| E|CS|TAMS 0x00000000efc00000, 0x00000000efc00000| Complete 
| 253|0x00000000efd00000, 0x00000000efe00000, 0x00000000efe00000|100%| E|CS|TAMS 0x00000000efd00000, 0x00000000efd00000| Complete 
| 254|0x00000000efe00000, 0x00000000eff00000, 0x00000000eff00000|100%| E|CS|TAMS 0x00000000efe00000, 0x00000000efe00000| Complete 
| 255|0x00000000eff00000, 0x00000000f0000000, 0x00000000f0000000|100%| E|CS|TAMS 0x00000000eff00000, 0x00000000eff00000| Complete 

Card table byte_map: [0x00000246b5210000,0x00000246b5310000] _byte_map_base: 0x00000246b4b10000

Marking Bits (Prev, Next): (CMBitMap*) 0x000002469e9997f0, (CMBitMap*) 0x000002469e999830
 Prev Bits: [0x00000246b5410000, 0x00000246b5c10000)
 Next Bits: [0x00000246b5c10000, 0x00000246b6410000)

Polling page: 0x000002469c940000

Metaspace:

Usage:
  Non-class:     16.26 MB used.
      Class:      2.82 MB used.
       Both:     19.08 MB used.

Virtual space:
  Non-class space:       64.00 MB reserved,      16.44 MB ( 26%) committed,  1 nodes.
      Class space:      208.00 MB reserved,       3.00 MB (  1%) committed,  1 nodes.
             Both:      272.00 MB reserved,      19.44 MB (  7%) committed. 

Chunk freelists:
   Non-Class:  15.55 MB
       Class:  13.04 MB
        Both:  28.58 MB

MaxMetaspaceSize: 256.00 MB
CompressedClassSpaceSize: 208.00 MB
Initial GC threshold: 21.00 MB
Current GC threshold: 21.00 MB
CDS: on
MetaspaceReclaimPolicy: balanced
 - commit_granule_bytes: 65536.
 - commit_granule_words: 8192.
 - virtual_space_node_default_size: 8388608.
 - enlarge_chunks_in_place: 1.
 - new_chunks_are_fully_committed: 0.
 - uncommit_free_chunks: 1.
 - use_allocation_guard: 0.
 - handle_deallocations: 1.


Internal statistics:

num_allocs_failed_limit: 0.
num_arena_births: 260.
num_arena_deaths: 0.
num_vsnodes_births: 2.
num_vsnodes_deaths: 0.
num_space_committed: 311.
num_space_uncommitted: 0.
num_chunks_returned_to_freelist: 0.
num_chunks_taken_from_freelist: 936.
num_chunk_merges: 0.
num_chunk_splits: 612.
num_chunks_enlarged: 449.
num_inconsistent_stats: 0.

CodeHeap 'non-profiled nmethods': size=120000Kb used=1478Kb max_used=1478Kb free=118521Kb
 bounds [0x00000246adce0000, 0x00000246adf50000, 0x00000246b5210000]
CodeHeap 'profiled nmethods': size=120000Kb used=5801Kb max_used=5801Kb free=114198Kb
 bounds [0x00000246a6210000, 0x00000246a67c0000, 0x00000246ad740000]
CodeHeap 'non-nmethods': size=5760Kb used=1224Kb max_used=1270Kb free=4535Kb
 bounds [0x00000246ad740000, 0x00000246ad9b0000, 0x00000246adce0000]
 total_blobs=3381 nmethods=2849 adapters=444
 compilation: enabled
              stopped_count=0, restarted_count=0
 full_count=0

Compilation events (20 events):
Event: 144.746 Thread 0x00000246b89dd9c0 nmethod 2841 0x00000246a67b6610 code [0x00000246a67b6800, 0x00000246a67b6b08]
Event: 145.392 Thread 0x00000246b89dd9c0 2842       3       java.util.ArrayList::spliterator (12 bytes)
Event: 145.393 Thread 0x00000246b89dd9c0 nmethod 2842 0x00000246a67b6d10 code [0x00000246a67b6ec0, 0x00000246a67b7158]
Event: 145.393 Thread 0x00000246b89dd9c0 2844   !   3       java.util.concurrent.LinkedBlockingDeque::offerLast (53 bytes)
Event: 145.394 Thread 0x00000246b89dd9c0 nmethod 2844 0x00000246a67b7290 code [0x00000246a67b7500, 0x00000246a67b80d8]
Event: 145.394 Thread 0x00000246b89dd9c0 2843       3       java.util.ArrayList$ArrayListSpliterator::<init> (26 bytes)
Event: 145.394 Thread 0x00000246b89dd9c0 nmethod 2843 0x00000246a67b8510 code [0x00000246a67b86a0, 0x00000246a67b8878]
Event: 145.653 Thread 0x00000246b89dd9c0 2847       3       java.util.ImmutableCollections$AbstractImmutableList::<init> (5 bytes)
Event: 145.653 Thread 0x00000246b89dd9c0 nmethod 2847 0x00000246a67b8990 code [0x00000246a67b8b40, 0x00000246a67b8d78]
Event: 145.878 Thread 0x00000246b89dd9c0 2848       3       jdk.internal.misc.Unsafe::getLongUnaligned (173 bytes)
Event: 145.879 Thread 0x00000246b89dd9c0 nmethod 2848 0x00000246a67b8e90 code [0x00000246a67b9060, 0x00000246a67b9488]
Event: 145.879 Thread 0x00000246b89dd9c0 2849       3       java.nio.MappedByteBuffer::position (6 bytes)
Event: 145.879 Thread 0x00000246b89dd9c0 nmethod 2849 0x00000246a67b9590 code [0x00000246a67b9740, 0x00000246a67b9948]
Event: 145.927 Thread 0x00000246b89dd9c0 2850       3       jdk.internal.org.objectweb.asm.ClassReader::readShort (27 bytes)
Event: 145.928 Thread 0x00000246b89dd9c0 nmethod 2850 0x00000246a67b9a90 code [0x00000246a67b9c20, 0x00000246a67b9d98]
Event: 146.054 Thread 0x00000246b89dcf10 2851       4       java.lang.invoke.MethodTypeForm::canonicalize (74 bytes)
Event: 146.055 Thread 0x00000246b89dcf10 nmethod 2851 0x00000246ade51310 code [0x00000246ade51480, 0x00000246ade51538]
Event: 146.401 Thread 0x00000246b89dd9c0 2852       3       java.util.stream.ReferencePipeline::forEachWithCancel (23 bytes)
Event: 146.407 Thread 0x00000246b89dd9c0 nmethod 2852 0x00000246a67b9e90 code [0x00000246a67ba060, 0x00000246a67ba418]
Event: 146.539 Thread 0x00000246b89dcf10 2853   !   4       java.net.URL::<init> (543 bytes)

GC Heap History (6 events):
Event: 2.552 GC heap before
{Heap before GC invocations=0 (full 0):
 garbage-first heap   total 262144K, used 13312K [0x00000000e0000000, 0x0000000100000000)
  region size 1024K, 13 young (13312K), 0 survivors (0K)
 Metaspace       used 975K, committed 1088K, reserved 278528K
  class space    used 74K, committed 128K, reserved 212992K
}
Event: 2.557 GC heap after
{Heap after GC invocations=1 (full 0):
 garbage-first heap   total 262144K, used 4012K [0x00000000e0000000, 0x0000000100000000)
  region size 1024K, 2 young (2048K), 2 survivors (2048K)
 Metaspace       used 975K, committed 1088K, reserved 278528K
  class space    used 74K, committed 128K, reserved 212992K
}
Event: 3.940 GC heap before
{Heap before GC invocations=1 (full 0):
 garbage-first heap   total 262144K, used 22444K [0x00000000e0000000, 0x0000000100000000)
  region size 1024K, 17 young (17408K), 2 survivors (2048K)
 Metaspace       used 3813K, committed 3968K, reserved 278528K
  class space    used 475K, committed 576K, reserved 212992K
}
Event: 3.946 GC heap after
{Heap after GC invocations=2 (full 0):
 garbage-first heap   total 262144K, used 10920K [0x00000000e0000000, 0x0000000100000000)
  region size 1024K, 3 young (3072K), 3 survivors (3072K)
 Metaspace       used 3813K, committed 3968K, reserved 278528K
  class space    used 475K, committed 576K, reserved 212992K
}
Event: 6.277 GC heap before
{Heap before GC invocations=2 (full 0):
 garbage-first heap   total 262144K, used 32424K [0x00000000e0000000, 0x0000000100000000)
  region size 1024K, 24 young (24576K), 3 survivors (3072K)
 Metaspace       used 3942K, committed 4096K, reserved 278528K
  class space    used 476K, committed 576K, reserved 212992K
}
Event: 6.281 GC heap after
{Heap after GC invocations=3 (full 0):
 garbage-first heap   total 262144K, used 13203K [0x00000000e0000000, 0x0000000100000000)
  region size 1024K, 3 young (3072K), 3 survivors (3072K)
 Metaspace       used 3942K, committed 4096K, reserved 278528K
  class space    used 476K, committed 576K, reserved 212992K
}

Deoptimization events (20 events):
Event: 98.688 Thread 0x00000246cb4e1b00 DEOPT PACKING pc=0x00000246addea644 sp=0x000000a4005fae60
Event: 98.689 Thread 0x00000246cb4e1b00 DEOPT UNPACKING pc=0x00000246ad7923a3 sp=0x000000a4005fadf8 mode 2
Event: 102.893 Thread 0x00000246cb4e1b00 Uncommon trap: trap_request=0xffffff45 fr.pc=0x00000246add01e78 relative=0x00000000000000d8
Event: 102.893 Thread 0x00000246cb4e1b00 Uncommon trap: reason=unstable_if action=reinterpret pc=0x00000246add01e78 method=java.util.HashMap.hash(Ljava/lang/Object;)I @ 1 c2
Event: 102.893 Thread 0x00000246cb4e1b00 DEOPT PACKING pc=0x00000246add01e78 sp=0x000000a4005f9e70
Event: 102.893 Thread 0x00000246cb4e1b00 DEOPT UNPACKING pc=0x00000246ad7923a3 sp=0x000000a4005f9db0 mode 2
Event: 103.888 Thread 0x00000246cb4e1b00 DEOPT PACKING pc=0x00000246a67397cb sp=0x000000a4005f8bd0
Event: 103.891 Thread 0x00000246cb4e1b00 DEOPT UNPACKING pc=0x00000246ad792b43 sp=0x000000a4005f8080 mode 0
Event: 107.279 Thread 0x00000246cb4e1b00 Uncommon trap: trap_request=0xffffff76 fr.pc=0x00000246ade2c00c relative=0x000000000000016c
Event: 107.279 Thread 0x00000246cb4e1b00 Uncommon trap: reason=predicate action=maybe_recompile pc=0x00000246ade2c00c method=com.google.common.base.CharMatcher.indexIn(Ljava/lang/CharSequence;I)I @ 19 c2
Event: 107.279 Thread 0x00000246cb4e1b00 DEOPT PACKING pc=0x00000246ade2c00c sp=0x000000a4005fb7a0
Event: 107.279 Thread 0x00000246cb4e1b00 DEOPT UNPACKING pc=0x00000246ad7923a3 sp=0x000000a4005fb730 mode 2
Event: 144.188 Thread 0x00000246cb4e1b00 Uncommon trap: trap_request=0xffffff45 fr.pc=0x00000246add3790c relative=0x00000000000001ec
Event: 144.389 Thread 0x00000246cb4e1b00 Uncommon trap: reason=unstable_if action=reinterpret pc=0x00000246add3790c method=java.net.URI.match(CJJ)Z @ 19 c2
Event: 144.390 Thread 0x00000246cb4e1b00 DEOPT PACKING pc=0x00000246add3790c sp=0x000000a4005fbd50
Event: 144.408 Thread 0x00000246cb4e1b00 DEOPT UNPACKING pc=0x00000246ad7923a3 sp=0x000000a4005fbc50 mode 2
Event: 144.410 Thread 0x00000246cb4e1b00 Uncommon trap: trap_request=0xffffff45 fr.pc=0x00000246add015c8 relative=0x0000000000000048
Event: 144.410 Thread 0x00000246cb4e1b00 Uncommon trap: reason=unstable_if action=reinterpret pc=0x00000246add015c8 method=java.net.URI.match(CJJ)Z @ 19 c2
Event: 144.410 Thread 0x00000246cb4e1b00 DEOPT PACKING pc=0x00000246add015c8 sp=0x000000a4005fbc90
Event: 144.411 Thread 0x00000246cb4e1b00 DEOPT UNPACKING pc=0x00000246ad7923a3 sp=0x000000a4005fbc40 mode 2

Classes unloaded (0 events):
No events

Classes redefined (0 events):
No events

Internal exceptions (20 events):
Event: 88.921 Thread 0x00000246cb4e1b00 Exception <a 'java/lang/NoSuchMethodError'{0x00000000ec365600}: 'int java.lang.invoke.DirectMethodHandle$Holder.invokeSpecialIFC(java.lang.Object, java.lang.Object, java.lang.Object, java.lang.Object)'> (0x00000000ec365600) 
thrown [s\open\src\hotspot\share\interpreter\linkResolver.cpp, line 759]
Event: 89.534 Thread 0x00000246cb4e1b00 Exception <a 'java/lang/NoSuchMethodError'{0x00000000ec3745d8}: 'java.lang.Object java.lang.invoke.DirectMethodHandle$Holder.invokeInterface(java.lang.Object, java.lang.Object, java.lang.Object)'> (0x00000000ec3745d8) 
thrown [s\open\src\hotspot\share\interpreter\linkResolver.cpp, line 759]
Event: 89.534 Thread 0x00000246cb4e1b00 Exception <a 'java/lang/IncompatibleClassChangeError'{0x00000000ec3781f0}: Found class java.lang.Object, but interface was expected> (0x00000000ec3781f0) 
thrown [s\open\src\hotspot\share\interpreter\linkResolver.cpp, line 826]
Event: 89.924 Thread 0x00000246cb4e1b00 Exception <a 'java/lang/NoSuchMethodError'{0x00000000ec2447e8}: 'int java.lang.invoke.DirectMethodHandle$Holder.invokeStatic(java.lang.Object, java.lang.Object, java.lang.Object, java.lang.Object)'> (0x00000000ec2447e8) 
thrown [s\open\src\hotspot\share\interpreter\linkResolver.cpp, line 759]
Event: 89.925 Thread 0x00000246cb4e1b00 Exception <a 'java/lang/NoSuchMethodError'{0x00000000ec248410}: 'java.lang.Object java.lang.invoke.Invokers$Holder.invokeExact_MT(java.lang.Object, java.lang.Object, java.lang.Object, java.lang.Object, java.lang.Object, java.lang.Object)'> (0x00000000ec248410) 
thrown [s\open\src\hotspot\share\interpreter\linkResolver.cpp, line 759]
Event: 97.726 Thread 0x00000246cb4e1b00 Exception <a 'java/lang/NoSuchMethodError'{0x00000000eba6ef10}: 'void java.lang.invoke.DirectMethodHandle$Holder.invokeStatic(java.lang.Object, java.lang.Object)'> (0x00000000eba6ef10) 
thrown [s\open\src\hotspot\share\interpreter\linkResolver.cpp, line 759]
Event: 97.743 Thread 0x00000246cb4e1b00 Exception <a 'java/lang/NoSuchMethodError'{0x00000000ebace9e8}: 'java.lang.Object java.lang.invoke.DirectMethodHandle$Holder.invokeVirtual(java.lang.Object, java.lang.Object, java.lang.Object, java.lang.Object)'> (0x00000000ebace9e8) 
thrown [s\open\src\hotspot\share\interpreter\linkResolver.cpp, line 759]
Event: 98.890 Thread 0x00000246cb4e1b00 Exception <a 'java/lang/NoSuchMethodError'{0x00000000eb86f880}: 'java.lang.Object java.lang.invoke.DirectMethodHandle$Holder.newInvokeSpecial(java.lang.Object, java.lang.Object, java.lang.Object, java.lang.Object, java.lang.Object, java.lang.Object, java.lang.Object)'> (0x00000000eb86f880) 
thrown [s\open\src\hotspot\share\interpreter\linkResolver.cpp, line 759]
Event: 98.891 Thread 0x00000246cb4e1b00 Exception <a 'java/lang/NoSuchMethodError'{0x00000000eb874550}: 'java.lang.Object java.lang.invoke.Invokers$Holder.linkToTargetMethod(java.lang.Object, java.lang.Object, java.lang.Object, java.lang.Object, java.lang.Object, java.lang.Object, java.lang.Object)'> (0x00000000eb874550) 
thrown [s\open\src\hotspot\share\interpreter\linkResolver.cpp, line 759]
Event: 99.759 Thread 0x00000246cb4e1b00 Exception <a 'java/lang/NoSuchMethodError'{0x00000000eb7c5988}: 'java.lang.Object java.lang.invoke.DirectMethodHandle$Holder.invokeVirtual(java.lang.Object, java.lang.Object, java.lang.Object, java.lang.Object, java.lang.Object, java.lang.Object, java.lang.Object, java.lang.Object, java.lang.Object, java.lang.Object, java.lang.Object, java.lang.Object, java.lang.Object, java.lang.Object, java.lang.Object, java.lang.Object, java.lang.Object, java.lang.Object, java.lang.Object, java.lang.Object, java.lang.Ob
Event: 102.893 Thread 0x00000246cb4e1b00 Implicit null exception at 0x00000246add01dd8 to 0x00000246add01e6e
Event: 104.109 Thread 0x00000246cb4e1b00 Exception <a 'java/lang/NoSuchMethodError'{0x00000000eae08290}: 'void java.lang.invoke.DirectMethodHandle$Holder.invokeStaticInit(java.lang.Object, java.lang.Object)'> (0x00000000eae08290) 
thrown [s\open\src\hotspot\share\interpreter\linkResolver.cpp, line 759]
Event: 105.234 Thread 0x00000246cb4e1b00 Exception <a 'java/lang/NoSuchMethodError'{0x00000000ead2c120}: 'java.lang.Object java.lang.invoke.DirectMethodHandle$Holder.invokeStaticInit(java.lang.Object, java.lang.Object, java.lang.Object)'> (0x00000000ead2c120) 
thrown [s\open\src\hotspot\share\interpreter\linkResolver.cpp, line 759]
Event: 105.255 Thread 0x00000246cb4e1b00 Exception <a 'java/lang/NoSuchMethodError'{0x00000000ead36080}: 'void java.lang.invoke.DirectMethodHandle$Holder.invokeStatic(java.lang.Object, java.lang.Object, java.lang.Object, java.lang.Object, java.lang.Object, java.lang.Object)'> (0x00000000ead36080) 
thrown [s\open\src\hotspot\share\interpreter\linkResolver.cpp, line 759]
Event: 108.282 Thread 0x00000246cb4e1b00 Exception <a 'java/lang/NoSuchMethodError'{0x00000000ea941368}: 'void java.lang.invoke.DirectMethodHandle$Holder.invokeStatic(java.lang.Object, java.lang.Object, java.lang.Object, java.lang.Object)'> (0x00000000ea941368) 
thrown [s\open\src\hotspot\share\interpreter\linkResolver.cpp, line 759]
Event: 108.298 Thread 0x00000246cb4e1b00 Exception <a 'java/lang/NoSuchMethodError'{0x00000000ea954850}: 'int java.lang.invoke.DirectMethodHandle$Holder.invokeVirtual(java.lang.Object, java.lang.Object)'> (0x00000000ea954850) 
thrown [s\open\src\hotspot\share\interpreter\linkResolver.cpp, line 759]
Event: 108.446 Thread 0x00000246cb4e1b00 Exception <a 'java/lang/NoSuchMethodError'{0x00000000ea8093f0}: 'int java.lang.invoke.DirectMethodHandle$Holder.invokeVirtual(java.lang.Object, java.lang.Object, java.lang.Object)'> (0x00000000ea8093f0) 
thrown [s\open\src\hotspot\share\interpreter\linkResolver.cpp, line 759]
Event: 145.617 Thread 0x00000246cb4e1b00 Exception <a 'java/lang/NoSuchMethodError'{0x00000000ea58b8a8}: 'int java.lang.invoke.DirectMethodHandle$Holder.invokeStaticInit(java.lang.Object, java.lang.Object, java.lang.Object)'> (0x00000000ea58b8a8) 
thrown [s\open\src\hotspot\share\interpreter\linkResolver.cpp, line 759]
Event: 145.653 Thread 0x00000246cb4e1b00 Exception <a 'java/lang/NoSuchMethodError'{0x00000000ea59fd88}: 'java.lang.Object java.lang.invoke.DirectMethodHandle$Holder.newInvokeSpecial(java.lang.Object, java.lang.Object, long)'> (0x00000000ea59fd88) 
thrown [s\open\src\hotspot\share\interpreter\linkResolver.cpp, line 759]
Event: 145.655 Thread 0x00000246cb4e1b00 Exception <a 'java/lang/NoSuchMethodError'{0x00000000ea5a40f0}: 'java.lang.Object java.lang.invoke.Invokers$Holder.linkToTargetMethod(java.lang.Object, long, java.lang.Object)'> (0x00000000ea5a40f0) 
thrown [s\open\src\hotspot\share\interpreter\linkResolver.cpp, line 759]

VM Operations (20 events):
Event: 125.514 Executing VM operation: Cleanup
Event: 125.514 Executing VM operation: Cleanup done
Event: 130.558 Executing VM operation: Cleanup
Event: 130.559 Executing VM operation: Cleanup done
Event: 131.573 Executing VM operation: Cleanup
Event: 131.573 Executing VM operation: Cleanup done
Event: 132.575 Executing VM operation: Cleanup
Event: 132.575 Executing VM operation: Cleanup done
Event: 133.575 Executing VM operation: Cleanup
Event: 133.576 Executing VM operation: Cleanup done
Event: 134.589 Executing VM operation: Cleanup
Event: 134.589 Executing VM operation: Cleanup done
Event: 139.648 Executing VM operation: Cleanup
Event: 139.648 Executing VM operation: Cleanup done
Event: 144.706 Executing VM operation: Cleanup
Event: 144.729 Executing VM operation: Cleanup done
Event: 146.722 Executing VM operation: HandshakeAllThreads
Event: 146.725 Executing VM operation: HandshakeAllThreads done
Event: 146.725 Executing VM operation: Cleanup
Event: 146.725 Executing VM operation: Cleanup done

Events (20 events):
Event: 105.044 loading class java/lang/annotation/IncompleteAnnotationException
Event: 105.046 loading class java/lang/annotation/IncompleteAnnotationException done
Event: 107.087 loading class java/util/concurrent/TimeoutException
Event: 107.087 loading class java/util/concurrent/TimeoutException done
Event: 107.089 loading class java/util/concurrent/CancellationException
Event: 107.090 loading class java/util/concurrent/CancellationException done
Event: 107.275 loading class java/util/ServiceConfigurationError
Event: 107.275 loading class java/util/ServiceConfigurationError done
Event: 108.027 Thread 0x00000246cb4e15f0 Thread added: 0x00000246cb4e15f0
Event: 108.027 loading class java/util/concurrent/locks/AbstractQueuedSynchronizer$SharedNode
Event: 108.027 loading class java/util/concurrent/locks/AbstractQueuedSynchronizer$SharedNode done
Event: 108.269 loading class java/io/InterruptedIOException
Event: 108.269 loading class java/io/InterruptedIOException done
Event: 108.283 Thread 0x00000246cb4e2010 Thread added: 0x00000246cb4e2010
Event: 108.380 loading class java/util/ArrayDeque$DeqSpliterator
Event: 108.380 loading class java/util/ArrayDeque$DeqSpliterator done
Event: 108.759 loading class java/nio/charset/CharacterCodingException
Event: 108.760 loading class java/nio/charset/CharacterCodingException done
Event: 108.993 loading class java/lang/Short$ShortCache
Event: 108.993 loading class java/lang/Short$ShortCache done


Dynamic libraries:
0x00007ff71eb50000 - 0x00007ff71eb60000 	C:\Program Files\Java\jdk-17\bin\java.exe
0x00007ffc08110000 - 0x00007ffc08327000 	C:\WINDOWS\SYSTEM32\ntdll.dll
0x00007ffc074c0000 - 0x00007ffc07584000 	C:\WINDOWS\System32\KERNEL32.DLL
0x00007ffc05480000 - 0x00007ffc05826000 	C:\WINDOWS\System32\KERNELBASE.dll
0x00007ffc05a10000 - 0x00007ffc05b21000 	C:\WINDOWS\System32\ucrtbase.dll
0x00007ffbed630000 - 0x00007ffbed649000 	C:\Program Files\Java\jdk-17\bin\jli.dll
0x00007ffc06090000 - 0x00007ffc06141000 	C:\WINDOWS\System32\ADVAPI32.dll
0x00007ffc06150000 - 0x00007ffc061f7000 	C:\WINDOWS\System32\msvcrt.dll
0x00007ffc06c90000 - 0x00007ffc06d35000 	C:\WINDOWS\System32\sechost.dll
0x00007ffc07a90000 - 0x00007ffc07ba7000 	C:\WINDOWS\System32\RPCRT4.dll
0x00007ffc05e60000 - 0x00007ffc0600e000 	C:\WINDOWS\System32\USER32.dll
0x00007ffc05b30000 - 0x00007ffc05b56000 	C:\WINDOWS\System32\win32u.dll
0x00007ffc06b10000 - 0x00007ffc06b39000 	C:\WINDOWS\System32\GDI32.dll
0x00007ffc05b60000 - 0x00007ffc05c78000 	C:\WINDOWS\System32\gdi32full.dll
0x00007ffc058f0000 - 0x00007ffc0598a000 	C:\WINDOWS\System32\msvcp_win.dll
0x00007ffbf3e50000 - 0x00007ffbf40e3000 	C:\WINDOWS\WinSxS\amd64_microsoft.windows.common-controls_6595b64144ccf1df_6.0.22621.2506_none_270c5ae97388e100\COMCTL32.dll
0x00007ffbfdf20000 - 0x00007ffbfdf2a000 	C:\WINDOWS\SYSTEM32\VERSION.dll
0x00007ffbed3c0000 - 0x00007ffbed3db000 	C:\Program Files\Java\jdk-17\bin\VCRUNTIME140.dll
0x00007ffc06e30000 - 0x00007ffc06e61000 	C:\WINDOWS\System32\IMM32.DLL
0x00007ffbf7450000 - 0x00007ffbf745c000 	C:\Program Files\Java\jdk-17\bin\vcruntime140_1.dll
0x00007ffbd24f0000 - 0x00007ffbd257e000 	C:\Program Files\Java\jdk-17\bin\msvcp140.dll
0x00007ffb6af30000 - 0x00007ffb6bb11000 	C:\Program Files\Java\jdk-17\bin\server\jvm.dll
0x00007ffc06e20000 - 0x00007ffc06e28000 	C:\WINDOWS\System32\PSAPI.DLL
0x00007ffbf4610000 - 0x00007ffbf4619000 	C:\WINDOWS\SYSTEM32\WSOCK32.dll
0x00007ffc06010000 - 0x00007ffc06081000 	C:\WINDOWS\System32\WS2_32.dll
0x00007ffbfdf50000 - 0x00007ffbfdf84000 	C:\WINDOWS\SYSTEM32\WINMM.dll
0x00007ffc04480000 - 0x00007ffc04498000 	C:\WINDOWS\SYSTEM32\kernel.appcore.dll
0x00007ffbf7330000 - 0x00007ffbf733a000 	C:\Program Files\Java\jdk-17\bin\jimage.dll
0x00007ffbf0d70000 - 0x00007ffbf0fa3000 	C:\WINDOWS\SYSTEM32\DBGHELP.DLL
0x00007ffc07590000 - 0x00007ffc07919000 	C:\WINDOWS\System32\combase.dll
0x00007ffc06d40000 - 0x00007ffc06e17000 	C:\WINDOWS\System32\OLEAUT32.dll
0x00007ffbf0d30000 - 0x00007ffbf0d62000 	C:\WINDOWS\SYSTEM32\dbgcore.DLL
0x00007ffc05990000 - 0x00007ffc05a0a000 	C:\WINDOWS\System32\bcryptPrimitives.dll
0x00007ffbe4de0000 - 0x00007ffbe4e05000 	C:\Program Files\Java\jdk-17\bin\java.dll
0x00007ffbcfc20000 - 0x00007ffbcfcf7000 	C:\Program Files\Java\jdk-17\bin\jsvml.dll
0x00007ffc06200000 - 0x00007ffc06a5a000 	C:\WINDOWS\System32\SHELL32.dll
0x00007ffc033a0000 - 0x00007ffc03c96000 	C:\WINDOWS\SYSTEM32\windows.storage.dll
0x00007ffc03260000 - 0x00007ffc0339e000 	C:\WINDOWS\SYSTEM32\wintypes.dll
0x00007ffc07990000 - 0x00007ffc07a83000 	C:\WINDOWS\System32\SHCORE.dll
0x00007ffc07460000 - 0x00007ffc074be000 	C:\WINDOWS\System32\shlwapi.dll
0x00007ffc053b0000 - 0x00007ffc053d6000 	C:\WINDOWS\SYSTEM32\profapi.dll
0x00007ffbfcc50000 - 0x00007ffbfcc69000 	C:\Program Files\Java\jdk-17\bin\net.dll
0x00007ffbfe180000 - 0x00007ffbfe2b7000 	C:\WINDOWS\SYSTEM32\WINHTTP.dll
0x00007ffc04900000 - 0x00007ffc04969000 	C:\WINDOWS\system32\mswsock.dll
0x00007ffbed680000 - 0x00007ffbed696000 	C:\Program Files\Java\jdk-17\bin\nio.dll
0x00007ffbea730000 - 0x00007ffbea748000 	C:\Program Files\Java\jdk-17\bin\zip.dll
0x00007ffbfcbd0000 - 0x00007ffbfcbe0000 	C:\Program Files\Java\jdk-17\bin\verify.dll
0x00007ffbe7f60000 - 0x00007ffbe7f87000 	C:\Users\luken\.gradle\native\68d5fa5c4cc2d200863cafc0d521ce42e7d3e7ee720ec0a83991735586a16f82\windows-amd64\native-platform.dll
0x00007ffbf1510000 - 0x00007ffbf1654000 	C:\Users\luken\.gradle\native\e376f236ea51e6404a007f0833ffe2c6e607c4080706a723a18a27aeea778392\windows-amd64\native-platform-file-events.dll
0x00007ffc02770000 - 0x00007ffc0277a000 	C:\Program Files\Java\jdk-17\bin\management.dll
0x00007ffbf7460000 - 0x00007ffbf746b000 	C:\Program Files\Java\jdk-17\bin\management_ext.dll
0x00007ffc04b50000 - 0x00007ffc04b6b000 	C:\WINDOWS\SYSTEM32\CRYPTSP.dll
0x00007ffc043e0000 - 0x00007ffc04415000 	C:\WINDOWS\system32\rsaenh.dll
0x00007ffc049f0000 - 0x00007ffc04a1c000 	C:\WINDOWS\SYSTEM32\USERENV.dll
0x00007ffc04d40000 - 0x00007ffc04d68000 	C:\WINDOWS\SYSTEM32\bcrypt.dll
0x00007ffc04b70000 - 0x00007ffc04b7c000 	C:\WINDOWS\SYSTEM32\CRYPTBASE.dll
0x00007ffc03f40000 - 0x00007ffc03f6d000 	C:\WINDOWS\SYSTEM32\IPHLPAPI.DLL
0x00007ffc07180000 - 0x00007ffc07189000 	C:\WINDOWS\System32\NSI.dll
0x00007ffbfea20000 - 0x00007ffbfea39000 	C:\WINDOWS\SYSTEM32\dhcpcsvc6.DLL
0x00007ffbfdf30000 - 0x00007ffbfdf4f000 	C:\WINDOWS\SYSTEM32\dhcpcsvc.DLL
0x00007ffc03fc0000 - 0x00007ffc040b9000 	C:\WINDOWS\SYSTEM32\DNSAPI.dll
0x00007ffbf72c0000 - 0x00007ffbf72ce000 	C:\Program Files\Java\jdk-17\bin\sunmscapi.dll
0x00007ffc05c80000 - 0x00007ffc05de6000 	C:\WINDOWS\System32\CRYPT32.dll
0x00007ffc04d10000 - 0x00007ffc04d3d000 	C:\WINDOWS\SYSTEM32\ncrypt.dll
0x00007ffc04cd0000 - 0x00007ffc04d07000 	C:\WINDOWS\SYSTEM32\NTASN1.dll
0x00007ffbf16f0000 - 0x00007ffbf16f8000 	C:\WINDOWS\system32\wshunix.dll

dbghelp: loaded successfully - version: 4.0.5 - missing functions: none
symbol engine: initialized successfully - sym options: 0x614 - pdb path: .;C:\Program Files\Java\jdk-17\bin;C:\WINDOWS\SYSTEM32;C:\WINDOWS\WinSxS\amd64_microsoft.windows.common-controls_6595b64144ccf1df_6.0.22621.2506_none_270c5ae97388e100;C:\Program Files\Java\jdk-17\bin\server;C:\Users\luken\.gradle\native\68d5fa5c4cc2d200863cafc0d521ce42e7d3e7ee720ec0a83991735586a16f82\windows-amd64;C:\Users\luken\.gradle\native\e376f236ea51e6404a007f0833ffe2c6e607c4080706a723a18a27aeea778392\windows-amd64

VM Arguments:
jvm_args: --add-opens=java.base/java.util=ALL-UNNAMED --add-opens=java.base/java.lang=ALL-UNNAMED --add-opens=java.base/java.lang.invoke=ALL-UNNAMED --add-opens=java.prefs/java.util.prefs=ALL-UNNAMED --add-opens=java.base/java.nio.charset=ALL-UNNAMED --add-opens=java.base/java.net=ALL-UNNAMED --add-opens=java.base/java.util.concurrent.atomic=ALL-UNNAMED -XX:MaxMetaspaceSize=256m -XX:+HeapDumpOnOutOfMemoryError -Xms256m -Xmx512m -Dfile.encoding=windows-1252 -Duser.country=US -Duser.language=en -Duser.variant 
java_command: org.gradle.launcher.daemon.bootstrap.GradleDaemon 8.0
java_class_path (initial): C:\Users\luken\.gradle\wrapper\dists\gradle-8.0-bin\ca5e32bp14vu59qr306oxotwh\gradle-8.0\lib\gradle-launcher-8.0.jar
Launcher Type: SUN_STANDARD

[Global flags]
     intx CICompilerCount                          = 3                                         {product} {ergonomic}
   size_t CompressedClassSpaceSize                 = 218103808                                 {product} {ergonomic}
     uint ConcGCThreads                            = 1                                         {product} {ergonomic}
     uint G1ConcRefinementThreads                  = 4                                         {product} {ergonomic}
   size_t G1HeapRegionSize                         = 1048576                                   {product} {ergonomic}
    uintx GCDrainStackTargetSize                   = 64                                        {product} {ergonomic}
     bool HeapDumpOnOutOfMemoryError               = true                                   {manageable} {command line}
   size_t InitialHeapSize                          = 268435456                                 {product} {command line}
   size_t MarkStackSize                            = 4194304                                   {product} {ergonomic}
   size_t MaxHeapSize                              = 536870912                                 {product} {command line}
   size_t MaxMetaspaceSize                         = 268435456                                 {product} {command line}
   size_t MaxNewSize                               = 321912832                                 {product} {ergonomic}
   size_t MinHeapDeltaBytes                        = 1048576                                   {product} {ergonomic}
   size_t MinHeapSize                              = 268435456                                 {product} {command line}
    uintx NonNMethodCodeHeapSize                   = 5832780                                {pd product} {ergonomic}
    uintx NonProfiledCodeHeapSize                  = 122912730                              {pd product} {ergonomic}
    uintx ProfiledCodeHeapSize                     = 122912730                              {pd product} {ergonomic}
    uintx ReservedCodeCacheSize                    = 251658240                              {pd product} {ergonomic}
     bool SegmentedCodeCache                       = true                                      {product} {ergonomic}
   size_t SoftMaxHeapSize                          = 536870912                              {manageable} {ergonomic}
     bool UseCompressedClassPointers               = true                           {product lp64_product} {ergonomic}
     bool UseCompressedOops                        = true                           {product lp64_product} {ergonomic}
     bool UseG1GC                                  = true                                      {product} {ergonomic}
     bool UseLargePagesIndividualAllocation        = false                                  {pd product} {ergonomic}

Logging:
Log output configuration:
 #0: stdout all=warning uptime,level,tags
 #1: stderr all=off uptime,level,tags

Environment Variables:
PATH=C:\Program Files\Common Files\Oracle\Java\javapath;C:\WINDOWS\system32;C:\WINDOWS;C:\WINDOWS\System32\Wbem;C:\WINDOWS\System32\WindowsPowerShell\v1.0\;C:\WINDOWS\System32\OpenSSH\;C:\Program Files\Git\cmd;C:\Program Files\nodejs\;C:\Users\luken\AppData\Local\Microsoft\WindowsApps;;C:\Users\luken\AppData\Local\Programs\Microsoft VS Code\bin;C:\Users\luken\AppData\Roaming\npm
USERNAME=luken
OS=Windows_NT
PROCESSOR_IDENTIFIER=AMD64 Family 23 Model 24 Stepping 1, AuthenticAMD



---------------  S Y S T E M  ---------------

OS:
 Windows 11 , 64 bit Build 22621 (10.0.22621.2506)
OS uptime: 0 days 0:27 hours

CPU: total 4 (initial active 4) (4 cores per cpu, 2 threads per core) family 23 model 24 stepping 1 microcode 0x0, cx8, cmov, fxsr, ht, mmx, 3dnowpref, sse, sse2, sse3, ssse3, sse4a, sse4.1, sse4.2, popcnt, lzcnt, tsc, tscinvbit, avx, avx2, aes, clmul, bmi1, bmi2, adx, sha, fma, vzeroupper, clflush, clflushopt

Memory: 4k page, system-wide physical 3522M (122M free)
TotalPageFile size 14274M (AvailPageFile size 0M)
current process WorkingSet (physical memory assigned to process): 44M, peak: 118M
current process commit charge ("private bytes"): 384M, peak: 401M

vm_info: Java HotSpot(TM) 64-Bit Server VM (17.0.9+11-LTS-201) for windows-amd64 JRE (17.0.9+11-LTS-201), built on Oct 10 2023 23:16:06 by "mach5one" with MS VC++ 17.1 (VS2022)

END.
